<?xml version="1.0" encoding="UTF-8" ?>
<testsuites errors="0"
            failures="1"
            tests="2">

  <testsuite name="accountsEntry"
    errors="0" failures="1" hostname="" id="" package="accountsEntry" skipped="0"
    tests="2" time="19.31" timestamp="Fri, 03 Jul 2015 21:47:44 GMT">
  
    <testcase name="Accounts Entry" time="8.336" assertions="16">

    

    

    

    

    

    

    

    

    

    

    

    

    

    

    

    
    </testcase>
      <system-err>
        Unable to locate element: &quot;table tbody tr:nth-child(1) .PSA_IHC&quot; using: css selector
      </system-err>
  
    <testcase name="Ingest Oncore Datafiles" time="10.98" assertions="25">

    

    

    

    

    

    

    

    

    

    

    

    

    

      <failure message="Testing if element &lt;#dashboard svg text&gt; is not present.">Testing if element &lt;#dashboard svg text&gt; is not present.: Expected &quot;not present&quot; but got: &quot;11&quot;
    at Object.&lt;anonymous&gt; (/usr/local/lib/node_modules/starrynight/node_modules/nightwatch/lib/core/assertion.js:105:19)
    at HttpRequest.&lt;anonymous&gt; (/usr/local/lib/node_modules/starrynight/node_modules/nightwatch/lib/index.js:299:20)
    at HttpRequest.emit (events.js:98:17)
    at HttpRequest.&lt;anonymous&gt; (/usr/local/lib/node_modules/starrynight/node_modules/nightwatch/lib/index.js:322:15)
    at HttpRequest.emit (events.js:106:17)
    at IncomingMessage.&lt;anonymous&gt; (/usr/local/lib/node_modules/starrynight/node_modules/nightwatch/lib/http/request.js:148:16)
    at IncomingMessage.emit (events.js:117:20)
    at _stream_readable.js:943:16
    at process._tickCallback (node.js:419:13)</failure>

      <failure message="Testing if element &lt;#dashboard svg rect&gt; is not present.">Testing if element &lt;#dashboard svg rect&gt; is not present.: Expected &quot;not present&quot; but got: &quot;12&quot;
    at Object.&lt;anonymous&gt; (/usr/local/lib/node_modules/starrynight/node_modules/nightwatch/lib/core/assertion.js:105:19)
    at HttpRequest.&lt;anonymous&gt; (/usr/local/lib/node_modules/starrynight/node_modules/nightwatch/lib/index.js:299:20)
    at HttpRequest.emit (events.js:98:17)
    at HttpRequest.&lt;anonymous&gt; (/usr/local/lib/node_modules/starrynight/node_modules/nightwatch/lib/index.js:322:15)
    at HttpRequest.emit (events.js:106:17)
    at IncomingMessage.&lt;anonymous&gt; (/usr/local/lib/node_modules/starrynight/node_modules/nightwatch/lib/http/request.js:148:16)
    at IncomingMessage.emit (events.js:117:20)
    at _stream_readable.js:943:16
    at process._tickCallback (node.js:419:13)</failure>

    

    

    

    

    

    

    

    

    

    
    </testcase>
      <system-err>
        Unable to locate element: &quot;table tbody tr:nth-child(1) .PSA_IHC&quot; using: css selector
      </system-err>
  
  
  </testsuite>
</testsuites>
