<?xml version="1.0" encoding="UTF-8" ?>
<testsuites errors="1"
            failures="1"
            tests="2">

  <testsuite name="formsWalkthrough"
    errors="1" failures="1" hostname="" id="" package="formsWalkthrough" skipped="0"
    tests="2" time="158.5" timestamp="Wed, 24 Jun 2015 23:47:32 GMT">
  
    <testcase name="Readonly Forms Walkthrough" time="76.21" assertions="471">

    

    

    

    

    

    

    

    

    

    

    

    

    

    

    

    

    

    

    

    

    

    

    

    

    

    

    

    

    

    

    

    

    

    

    

    

    

    

    

    

    

    

    

    

    

    

    

    

    

    

    

    

    

    

    

    

    

    

    

    

    

    

    

    

    

    

    

    

    

    

    

    

    

    

    

    

    

    

    

    

    

    

    

    

    

    

    

    

    

    

    

    

    

    

    

    

    

    

    

    

    

    

    

    

    

    

    

    

    

    

    

    

    

    

    

    

    

    

    

    

    

    

    

    

    

    

    

    

    

    

    

    

    

    

    

    

    

    

    

    

    

    

    

    

    

    

    

    

    

    

    

    

    

    

    

    

    

    

    

    

    

    

    

    

    

    

    

    

    

    

    

    

    

    

    

    

    

    

    

    

    

    

    

    

    

    

    

    

    

    

    

    

    

    

    

    

    

    

    

    

    

    

    

    

    

    

    

    

    

    

    

    

    

    

    

    

    

    

    

    

    

    

    

    

    

    

    

    

    

    

    

    

    

    

    

    

    

    

    

    

    

    

    

    

    

    

    

    

    

    

    

    

    

    

    

    

    

    

    

    

    

    

    

    

    

    

    

    

    

    

    

    

    

    

    

    

    

    

    

    

    

    

    

    

    

    

    

    

    

    

    

    

    

    

    

    

    

    

    

    

    

    

    

    

    

    

    

    

    

    

    

    

    

    

    

    

    

    

    

    

    

    

    

    

    

    

    

    

    

    

    

    

    

    

    

    

    

    

    

    

    

    

    

    

    

    

    

    

    

    

    

    

    

    

    

    

    

    

    

    

    

    

    

    

    

    

    

    

    

    

    

    

    

    

    

    

    

    

    

    

    

    

    

    

    

    

    

    

    

    

    

    

    

    

    

    

    

    

    

    

    

    

    

    

    

    

    

    

    

    

    

    

    

    

    

    

    

    

    

    

    

    

    

    

    

    

    

    

    

    

    

    

    

    

    

    

    

    

    

    

    

    

    

    

    

    

    

    

    

    

    

    

    

    

    

    

    

    

    

    

    

    

    

    

    

    

    

    

    

    

    
    </testcase>
  
    <testcase name="Interactive Forms Walkthrough" time="82.25" assertions="356">

    

    

    

    

    

    

    

    

    

    

    

    

    

    

    

    

    

    

    

    

    

    

    

    

      <failure message="Testing if element &lt;table thead tr:nth-child(2)&gt; is present.">Testing if element &lt;table thead tr:nth-child(2)&gt; is present.: Expected &quot;present&quot; but got: &quot;null&quot;
    at Object.&lt;anonymous&gt; (/usr/local/lib/node_modules/starrynight/node_modules/nightwatch/lib/core/assertion.js:105:19)
    at HttpRequest.&lt;anonymous&gt; (/usr/local/lib/node_modules/starrynight/node_modules/nightwatch/lib/index.js:299:20)
    at HttpRequest.emit (events.js:98:17)
    at HttpRequest.&lt;anonymous&gt; (/usr/local/lib/node_modules/starrynight/node_modules/nightwatch/lib/index.js:346:15)
    at HttpRequest.emit (events.js:106:17)
    at IncomingMessage.&lt;anonymous&gt; (/usr/local/lib/node_modules/starrynight/node_modules/nightwatch/lib/http/request.js:150:16)
    at IncomingMessage.emit (events.js:117:20)
    at _stream_readable.js:943:16
    at process._tickCallback (node.js:419:13)</failure>

      <failure message="Testing if element &lt;table thead tr:nth-child(2) .Patient_ID&gt; is present.">Testing if element &lt;table thead tr:nth-child(2) .Patient_ID&gt; is present.: Expected &quot;present&quot; but got: &quot;null&quot;
    at Object.&lt;anonymous&gt; (/usr/local/lib/node_modules/starrynight/node_modules/nightwatch/lib/core/assertion.js:105:19)
    at HttpRequest.&lt;anonymous&gt; (/usr/local/lib/node_modules/starrynight/node_modules/nightwatch/lib/index.js:299:20)
    at HttpRequest.emit (events.js:98:17)
    at HttpRequest.&lt;anonymous&gt; (/usr/local/lib/node_modules/starrynight/node_modules/nightwatch/lib/index.js:346:15)
    at HttpRequest.emit (events.js:106:17)
    at IncomingMessage.&lt;anonymous&gt; (/usr/local/lib/node_modules/starrynight/node_modules/nightwatch/lib/http/request.js:150:16)
    at IncomingMessage.emit (events.js:117:20)
    at _stream_readable.js:943:16
    at process._tickCallback (node.js:419:13)</failure>

      <failure message="Testing if element &lt;table thead tr:nth-child(2) .Study_Site&gt; is present.">Testing if element &lt;table thead tr:nth-child(2) .Study_Site&gt; is present.: Expected &quot;present&quot; but got: &quot;null&quot;
    at Object.&lt;anonymous&gt; (/usr/local/lib/node_modules/starrynight/node_modules/nightwatch/lib/core/assertion.js:105:19)
    at HttpRequest.&lt;anonymous&gt; (/usr/local/lib/node_modules/starrynight/node_modules/nightwatch/lib/index.js:299:20)
    at HttpRequest.emit (events.js:98:17)
    at HttpRequest.&lt;anonymous&gt; (/usr/local/lib/node_modules/starrynight/node_modules/nightwatch/lib/index.js:346:15)
    at HttpRequest.emit (events.js:106:17)
    at IncomingMessage.&lt;anonymous&gt; (/usr/local/lib/node_modules/starrynight/node_modules/nightwatch/lib/http/request.js:150:16)
    at IncomingMessage.emit (events.js:117:20)
    at _stream_readable.js:943:16
    at process._tickCallback (node.js:419:13)</failure>

      <failure message="Testing if element &lt;table thead tr:nth-child(2) .Patient_ID&gt; contains text: &quot;DTB-999&quot;. Element could not be located.">Testing if element &lt;table thead tr:nth-child(2) .Patient_ID&gt; contains text: &quot;DTB-999&quot;. Element could not be located.: Expected &quot;DTB-999&quot; but got: &quot;null&quot;
    at Object.&lt;anonymous&gt; (/usr/local/lib/node_modules/starrynight/node_modules/nightwatch/lib/core/assertion.js:105:19)
    at Object.&lt;anonymous&gt; (/usr/local/lib/node_modules/starrynight/node_modules/nightwatch/lib/api/element-commands.js:341:22)
    at HttpRequest.&lt;anonymous&gt; (/usr/local/lib/node_modules/starrynight/node_modules/nightwatch/lib/index.js:299:20)
    at HttpRequest.emit (events.js:98:17)
    at HttpRequest.&lt;anonymous&gt; (/usr/local/lib/node_modules/starrynight/node_modules/nightwatch/lib/index.js:346:15)
    at HttpRequest.emit (events.js:106:17)
    at IncomingMessage.&lt;anonymous&gt; (/usr/local/lib/node_modules/starrynight/node_modules/nightwatch/lib/http/request.js:150:16)
    at IncomingMessage.emit (events.js:117:20)
    at _stream_readable.js:943:16
    at process._tickCallback (node.js:419:13)</failure>

      <failure message="Testing if element &lt;table thead tr:nth-child(2) .Study_Site&gt; contains text: &quot;&quot;. Element could not be located.">Testing if element &lt;table thead tr:nth-child(2) .Study_Site&gt; contains text: &quot;&quot;. Element could not be located.: Expected &quot;&quot; but got: &quot;null&quot;
    at Object.&lt;anonymous&gt; (/usr/local/lib/node_modules/starrynight/node_modules/nightwatch/lib/core/assertion.js:105:19)
    at Object.&lt;anonymous&gt; (/usr/local/lib/node_modules/starrynight/node_modules/nightwatch/lib/api/element-commands.js:341:22)
    at HttpRequest.&lt;anonymous&gt; (/usr/local/lib/node_modules/starrynight/node_modules/nightwatch/lib/index.js:299:20)
    at HttpRequest.emit (events.js:98:17)
    at HttpRequest.&lt;anonymous&gt; (/usr/local/lib/node_modules/starrynight/node_modules/nightwatch/lib/index.js:346:15)
    at HttpRequest.emit (events.js:106:17)
    at IncomingMessage.&lt;anonymous&gt; (/usr/local/lib/node_modules/starrynight/node_modules/nightwatch/lib/http/request.js:150:16)
    at IncomingMessage.emit (events.js:117:20)
    at _stream_readable.js:943:16
    at process._tickCallback (node.js:419:13)</failure>

    

    

    

    

    

    

    

    

    

    

    

    

    

    

    

    

    

    

    

    

    

    

    

    

    

    

    

    

    

    

    

    

    

    

    

    

    

    

    

    

    

    

    

    

    

    

    

    

    

    

    

    

    

    

    

    

    

    

    

    

    

    

    

    

    

    

    

    

    

    

    

    

    

    

    

    

    

    

    

    

    

    

    

    

    

    

    

    

    

    

    

    

    

    

    

    

    

    

    

    

    

    

    

    

    

    

    

    

    

    

    

    

    

    

    

    

    

    

    

    

    

    

    

    

    

    

    

    

    

    

    

    

    

    

    

    

    

    

    

    

    

    

    

    

    

    

    

    

    

      <failure message="Testing if element &lt;table thead tr:nth-child(1) .Cores table&gt; is present.">Testing if element &lt;table thead tr:nth-child(1) .Cores table&gt; is present.: Expected &quot;present&quot; but got: &quot;null&quot;
    at Object.&lt;anonymous&gt; (/usr/local/lib/node_modules/starrynight/node_modules/nightwatch/lib/core/assertion.js:105:19)
    at HttpRequest.&lt;anonymous&gt; (/usr/local/lib/node_modules/starrynight/node_modules/nightwatch/lib/index.js:299:20)
    at HttpRequest.emit (events.js:98:17)
    at HttpRequest.&lt;anonymous&gt; (/usr/local/lib/node_modules/starrynight/node_modules/nightwatch/lib/index.js:346:15)
    at HttpRequest.emit (events.js:106:17)
    at IncomingMessage.&lt;anonymous&gt; (/usr/local/lib/node_modules/starrynight/node_modules/nightwatch/lib/http/request.js:150:16)
    at IncomingMessage.emit (events.js:117:20)
    at _stream_readable.js:943:16
    at process._tickCallback (node.js:419:13)</failure>

      <failure message="Testing if element &lt;table thead tr:nth-child(1) .Cores table tr:nth-child(1) td:nth-child(1)&gt; is present.">Testing if element &lt;table thead tr:nth-child(1) .Cores table tr:nth-child(1) td:nth-child(1)&gt; is present.: Expected &quot;present&quot; but got: &quot;null&quot;
    at Object.&lt;anonymous&gt; (/usr/local/lib/node_modules/starrynight/node_modules/nightwatch/lib/core/assertion.js:105:19)
    at HttpRequest.&lt;anonymous&gt; (/usr/local/lib/node_modules/starrynight/node_modules/nightwatch/lib/index.js:299:20)
    at HttpRequest.emit (events.js:98:17)
    at HttpRequest.&lt;anonymous&gt; (/usr/local/lib/node_modules/starrynight/node_modules/nightwatch/lib/index.js:346:15)
    at HttpRequest.emit (events.js:106:17)
    at IncomingMessage.&lt;anonymous&gt; (/usr/local/lib/node_modules/starrynight/node_modules/nightwatch/lib/http/request.js:150:16)
    at IncomingMessage.emit (events.js:117:20)
    at _stream_readable.js:943:16
    at process._tickCallback (node.js:419:13)</failure>

      <failure message="Testing if element &lt;table thead tr:nth-child(1) .Cores table tr:nth-child(1) td:nth-child(2)&gt; is present.">Testing if element &lt;table thead tr:nth-child(1) .Cores table tr:nth-child(1) td:nth-child(2)&gt; is present.: Expected &quot;present&quot; but got: &quot;null&quot;
    at Object.&lt;anonymous&gt; (/usr/local/lib/node_modules/starrynight/node_modules/nightwatch/lib/core/assertion.js:105:19)
    at HttpRequest.&lt;anonymous&gt; (/usr/local/lib/node_modules/starrynight/node_modules/nightwatch/lib/index.js:299:20)
    at HttpRequest.emit (events.js:98:17)
    at HttpRequest.&lt;anonymous&gt; (/usr/local/lib/node_modules/starrynight/node_modules/nightwatch/lib/index.js:346:15)
    at HttpRequest.emit (events.js:106:17)
    at IncomingMessage.&lt;anonymous&gt; (/usr/local/lib/node_modules/starrynight/node_modules/nightwatch/lib/http/request.js:150:16)
    at IncomingMessage.emit (events.js:117:20)
    at _stream_readable.js:943:16
    at process._tickCallback (node.js:419:13)</failure>

      <failure message="Testing if element &lt;table thead tr:nth-child(1) .Cores table tr:nth-child(2) td:nth-child(1)&gt; is present.">Testing if element &lt;table thead tr:nth-child(1) .Cores table tr:nth-child(2) td:nth-child(1)&gt; is present.: Expected &quot;present&quot; but got: &quot;null&quot;
    at Object.&lt;anonymous&gt; (/usr/local/lib/node_modules/starrynight/node_modules/nightwatch/lib/core/assertion.js:105:19)
    at HttpRequest.&lt;anonymous&gt; (/usr/local/lib/node_modules/starrynight/node_modules/nightwatch/lib/index.js:299:20)
    at HttpRequest.emit (events.js:98:17)
    at HttpRequest.&lt;anonymous&gt; (/usr/local/lib/node_modules/starrynight/node_modules/nightwatch/lib/index.js:346:15)
    at HttpRequest.emit (events.js:106:17)
    at IncomingMessage.&lt;anonymous&gt; (/usr/local/lib/node_modules/starrynight/node_modules/nightwatch/lib/http/request.js:150:16)
    at IncomingMessage.emit (events.js:117:20)
    at _stream_readable.js:943:16
    at process._tickCallback (node.js:419:13)</failure>

      <failure message="Testing if element &lt;table thead tr:nth-child(1) .Cores table tr:nth-child(2) td:nth-child(2)&gt; is present.">Testing if element &lt;table thead tr:nth-child(1) .Cores table tr:nth-child(2) td:nth-child(2)&gt; is present.: Expected &quot;present&quot; but got: &quot;null&quot;
    at Object.&lt;anonymous&gt; (/usr/local/lib/node_modules/starrynight/node_modules/nightwatch/lib/core/assertion.js:105:19)
    at HttpRequest.&lt;anonymous&gt; (/usr/local/lib/node_modules/starrynight/node_modules/nightwatch/lib/index.js:299:20)
    at HttpRequest.emit (events.js:98:17)
    at HttpRequest.&lt;anonymous&gt; (/usr/local/lib/node_modules/starrynight/node_modules/nightwatch/lib/index.js:346:15)
    at HttpRequest.emit (events.js:106:17)
    at IncomingMessage.&lt;anonymous&gt; (/usr/local/lib/node_modules/starrynight/node_modules/nightwatch/lib/http/request.js:150:16)
    at IncomingMessage.emit (events.js:117:20)
    at _stream_readable.js:943:16
    at process._tickCallback (node.js:419:13)</failure>

      <failure message="Testing if element &lt;table thead tr:nth-child(1) .Cores table tr:nth-child(3) td:nth-child(1)&gt; is present.">Testing if element &lt;table thead tr:nth-child(1) .Cores table tr:nth-child(3) td:nth-child(1)&gt; is present.: Expected &quot;present&quot; but got: &quot;null&quot;
    at Object.&lt;anonymous&gt; (/usr/local/lib/node_modules/starrynight/node_modules/nightwatch/lib/core/assertion.js:105:19)
    at HttpRequest.&lt;anonymous&gt; (/usr/local/lib/node_modules/starrynight/node_modules/nightwatch/lib/index.js:299:20)
    at HttpRequest.emit (events.js:98:17)
    at HttpRequest.&lt;anonymous&gt; (/usr/local/lib/node_modules/starrynight/node_modules/nightwatch/lib/index.js:346:15)
    at HttpRequest.emit (events.js:106:17)
    at IncomingMessage.&lt;anonymous&gt; (/usr/local/lib/node_modules/starrynight/node_modules/nightwatch/lib/http/request.js:150:16)
    at IncomingMessage.emit (events.js:117:20)
    at _stream_readable.js:943:16
    at process._tickCallback (node.js:419:13)</failure>

      <failure message="Testing if element &lt;table thead tr:nth-child(1) .Cores table tr:nth-child(3) td:nth-child(2)&gt; is present.">Testing if element &lt;table thead tr:nth-child(1) .Cores table tr:nth-child(3) td:nth-child(2)&gt; is present.: Expected &quot;present&quot; but got: &quot;null&quot;
    at Object.&lt;anonymous&gt; (/usr/local/lib/node_modules/starrynight/node_modules/nightwatch/lib/core/assertion.js:105:19)
    at HttpRequest.&lt;anonymous&gt; (/usr/local/lib/node_modules/starrynight/node_modules/nightwatch/lib/index.js:299:20)
    at HttpRequest.emit (events.js:98:17)
    at HttpRequest.&lt;anonymous&gt; (/usr/local/lib/node_modules/starrynight/node_modules/nightwatch/lib/index.js:346:15)
    at HttpRequest.emit (events.js:106:17)
    at IncomingMessage.&lt;anonymous&gt; (/usr/local/lib/node_modules/starrynight/node_modules/nightwatch/lib/http/request.js:150:16)
    at IncomingMessage.emit (events.js:117:20)
    at _stream_readable.js:943:16
    at process._tickCallback (node.js:419:13)</failure>

      <failure message="Testing if element &lt;table thead tr:nth-child(1) .Cores table tr:nth-child(4) td:nth-child(1)&gt; is present.">Testing if element &lt;table thead tr:nth-child(1) .Cores table tr:nth-child(4) td:nth-child(1)&gt; is present.: Expected &quot;present&quot; but got: &quot;null&quot;
    at Object.&lt;anonymous&gt; (/usr/local/lib/node_modules/starrynight/node_modules/nightwatch/lib/core/assertion.js:105:19)
    at HttpRequest.&lt;anonymous&gt; (/usr/local/lib/node_modules/starrynight/node_modules/nightwatch/lib/index.js:299:20)
    at HttpRequest.emit (events.js:98:17)
    at HttpRequest.&lt;anonymous&gt; (/usr/local/lib/node_modules/starrynight/node_modules/nightwatch/lib/index.js:346:15)
    at HttpRequest.emit (events.js:106:17)
    at IncomingMessage.&lt;anonymous&gt; (/usr/local/lib/node_modules/starrynight/node_modules/nightwatch/lib/http/request.js:150:16)
    at IncomingMessage.emit (events.js:117:20)
    at _stream_readable.js:943:16
    at process._tickCallback (node.js:419:13)</failure>

      <failure message="Testing if element &lt;table thead tr:nth-child(1) .Cores table tr:nth-child(4) td:nth-child(2)&gt; is present.">Testing if element &lt;table thead tr:nth-child(1) .Cores table tr:nth-child(4) td:nth-child(2)&gt; is present.: Expected &quot;present&quot; but got: &quot;null&quot;
    at Object.&lt;anonymous&gt; (/usr/local/lib/node_modules/starrynight/node_modules/nightwatch/lib/core/assertion.js:105:19)
    at HttpRequest.&lt;anonymous&gt; (/usr/local/lib/node_modules/starrynight/node_modules/nightwatch/lib/index.js:299:20)
    at HttpRequest.emit (events.js:98:17)
    at HttpRequest.&lt;anonymous&gt; (/usr/local/lib/node_modules/starrynight/node_modules/nightwatch/lib/index.js:346:15)
    at HttpRequest.emit (events.js:106:17)
    at IncomingMessage.&lt;anonymous&gt; (/usr/local/lib/node_modules/starrynight/node_modules/nightwatch/lib/http/request.js:150:16)
    at IncomingMessage.emit (events.js:117:20)
    at _stream_readable.js:943:16
    at process._tickCallback (node.js:419:13)</failure>

      <failure message="Testing if element &lt;table thead tr:nth-child(1) .Cores table tr:nth-child(5) td:nth-child(1)&gt; is present.">Testing if element &lt;table thead tr:nth-child(1) .Cores table tr:nth-child(5) td:nth-child(1)&gt; is present.: Expected &quot;present&quot; but got: &quot;null&quot;
    at Object.&lt;anonymous&gt; (/usr/local/lib/node_modules/starrynight/node_modules/nightwatch/lib/core/assertion.js:105:19)
    at HttpRequest.&lt;anonymous&gt; (/usr/local/lib/node_modules/starrynight/node_modules/nightwatch/lib/index.js:299:20)
    at HttpRequest.emit (events.js:98:17)
    at HttpRequest.&lt;anonymous&gt; (/usr/local/lib/node_modules/starrynight/node_modules/nightwatch/lib/index.js:346:15)
    at HttpRequest.emit (events.js:106:17)
    at IncomingMessage.&lt;anonymous&gt; (/usr/local/lib/node_modules/starrynight/node_modules/nightwatch/lib/http/request.js:150:16)
    at IncomingMessage.emit (events.js:117:20)
    at _stream_readable.js:943:16
    at process._tickCallback (node.js:419:13)</failure>

      <failure message="Testing if element &lt;table thead tr:nth-child(1) .Cores table tr:nth-child(5) td:nth-child(2)&gt; is present.">Testing if element &lt;table thead tr:nth-child(1) .Cores table tr:nth-child(5) td:nth-child(2)&gt; is present.: Expected &quot;present&quot; but got: &quot;null&quot;
    at Object.&lt;anonymous&gt; (/usr/local/lib/node_modules/starrynight/node_modules/nightwatch/lib/core/assertion.js:105:19)
    at HttpRequest.&lt;anonymous&gt; (/usr/local/lib/node_modules/starrynight/node_modules/nightwatch/lib/index.js:299:20)
    at HttpRequest.emit (events.js:98:17)
    at HttpRequest.&lt;anonymous&gt; (/usr/local/lib/node_modules/starrynight/node_modules/nightwatch/lib/index.js:346:15)
    at HttpRequest.emit (events.js:106:17)
    at IncomingMessage.&lt;anonymous&gt; (/usr/local/lib/node_modules/starrynight/node_modules/nightwatch/lib/http/request.js:150:16)
    at IncomingMessage.emit (events.js:117:20)
    at _stream_readable.js:943:16
    at process._tickCallback (node.js:419:13)</failure>

    

      <failure message="Testing if element &lt;table thead tr:nth-child(1) .Cores table tr:nth-child(1) td:nth-child(1)&gt; contains text: &quot;BlockImage&quot;. Element could not be located.">Testing if element &lt;table thead tr:nth-child(1) .Cores table tr:nth-child(1) td:nth-child(1)&gt; contains text: &quot;BlockImage&quot;. Element could not be located.: Expected &quot;BlockImage&quot; but got: &quot;null&quot;
    at Object.&lt;anonymous&gt; (/usr/local/lib/node_modules/starrynight/node_modules/nightwatch/lib/core/assertion.js:105:19)
    at Object.&lt;anonymous&gt; (/usr/local/lib/node_modules/starrynight/node_modules/nightwatch/lib/api/element-commands.js:341:22)
    at HttpRequest.&lt;anonymous&gt; (/usr/local/lib/node_modules/starrynight/node_modules/nightwatch/lib/index.js:299:20)
    at HttpRequest.emit (events.js:98:17)
    at HttpRequest.&lt;anonymous&gt; (/usr/local/lib/node_modules/starrynight/node_modules/nightwatch/lib/index.js:346:15)
    at HttpRequest.emit (events.js:106:17)
    at IncomingMessage.&lt;anonymous&gt; (/usr/local/lib/node_modules/starrynight/node_modules/nightwatch/lib/http/request.js:150:16)
    at IncomingMessage.emit (events.js:117:20)
    at _stream_readable.js:943:16
    at process._tickCallback (node.js:419:13)</failure>

      <failure message="Testing if element &lt;table thead tr:nth-child(1) .Cores table tr:nth-child(2) td:nth-child(1)&gt; contains text: &quot;BlockStatus&quot;. Element could not be located.">Testing if element &lt;table thead tr:nth-child(1) .Cores table tr:nth-child(2) td:nth-child(1)&gt; contains text: &quot;BlockStatus&quot;. Element could not be located.: Expected &quot;BlockStatus&quot; but got: &quot;null&quot;
    at Object.&lt;anonymous&gt; (/usr/local/lib/node_modules/starrynight/node_modules/nightwatch/lib/core/assertion.js:105:19)
    at Object.&lt;anonymous&gt; (/usr/local/lib/node_modules/starrynight/node_modules/nightwatch/lib/api/element-commands.js:341:22)
    at HttpRequest.&lt;anonymous&gt; (/usr/local/lib/node_modules/starrynight/node_modules/nightwatch/lib/index.js:299:20)
    at HttpRequest.emit (events.js:98:17)
    at HttpRequest.&lt;anonymous&gt; (/usr/local/lib/node_modules/starrynight/node_modules/nightwatch/lib/index.js:346:15)
    at HttpRequest.emit (events.js:106:17)
    at IncomingMessage.&lt;anonymous&gt; (/usr/local/lib/node_modules/starrynight/node_modules/nightwatch/lib/http/request.js:150:16)
    at IncomingMessage.emit (events.js:117:20)
    at _stream_readable.js:943:16
    at process._tickCallback (node.js:419:13)</failure>

      <failure message="Testing if element &lt;table thead tr:nth-child(1) .Cores table tr:nth-child(3) td:nth-child(1)&gt; contains text: &quot;Core&quot;. Element could not be located.">Testing if element &lt;table thead tr:nth-child(1) .Cores table tr:nth-child(3) td:nth-child(1)&gt; contains text: &quot;Core&quot;. Element could not be located.: Expected &quot;Core&quot; but got: &quot;null&quot;
    at Object.&lt;anonymous&gt; (/usr/local/lib/node_modules/starrynight/node_modules/nightwatch/lib/core/assertion.js:105:19)
    at Object.&lt;anonymous&gt; (/usr/local/lib/node_modules/starrynight/node_modules/nightwatch/lib/api/element-commands.js:341:22)
    at HttpRequest.&lt;anonymous&gt; (/usr/local/lib/node_modules/starrynight/node_modules/nightwatch/lib/index.js:299:20)
    at HttpRequest.emit (events.js:98:17)
    at HttpRequest.&lt;anonymous&gt; (/usr/local/lib/node_modules/starrynight/node_modules/nightwatch/lib/index.js:346:15)
    at HttpRequest.emit (events.js:106:17)
    at IncomingMessage.&lt;anonymous&gt; (/usr/local/lib/node_modules/starrynight/node_modules/nightwatch/lib/http/request.js:150:16)
    at IncomingMessage.emit (events.js:117:20)
    at _stream_readable.js:943:16
    at process._tickCallback (node.js:419:13)</failure>

      <failure message="Testing if element &lt;table thead tr:nth-child(1) .Cores table tr:nth-child(4) td:nth-child(1)&gt; contains text: &quot;ReferenceSlideImages&quot;. Element could not be located.">Testing if element &lt;table thead tr:nth-child(1) .Cores table tr:nth-child(4) td:nth-child(1)&gt; contains text: &quot;ReferenceSlideImages&quot;. Element could not be located.: Expected &quot;ReferenceSlideImages&quot; but got: &quot;null&quot;
    at Object.&lt;anonymous&gt; (/usr/local/lib/node_modules/starrynight/node_modules/nightwatch/lib/core/assertion.js:105:19)
    at Object.&lt;anonymous&gt; (/usr/local/lib/node_modules/starrynight/node_modules/nightwatch/lib/api/element-commands.js:341:22)
    at HttpRequest.&lt;anonymous&gt; (/usr/local/lib/node_modules/starrynight/node_modules/nightwatch/lib/index.js:299:20)
    at HttpRequest.emit (events.js:98:17)
    at HttpRequest.&lt;anonymous&gt; (/usr/local/lib/node_modules/starrynight/node_modules/nightwatch/lib/index.js:346:15)
    at HttpRequest.emit (events.js:106:17)
    at IncomingMessage.&lt;anonymous&gt; (/usr/local/lib/node_modules/starrynight/node_modules/nightwatch/lib/http/request.js:150:16)
    at IncomingMessage.emit (events.js:117:20)
    at _stream_readable.js:943:16
    at process._tickCallback (node.js:419:13)</failure>

      <failure message="Testing if element &lt;table thead tr:nth-child(1) .Cores table tr:nth-child(5) td:nth-child(1)&gt; contains text: &quot;ReferenceSlideNumber&quot;. Element could not be located.">Testing if element &lt;table thead tr:nth-child(1) .Cores table tr:nth-child(5) td:nth-child(1)&gt; contains text: &quot;ReferenceSlideNumber&quot;. Element could not be located.: Expected &quot;ReferenceSlideNumber&quot; but got: &quot;null&quot;
    at Object.&lt;anonymous&gt; (/usr/local/lib/node_modules/starrynight/node_modules/nightwatch/lib/core/assertion.js:105:19)
    at Object.&lt;anonymous&gt; (/usr/local/lib/node_modules/starrynight/node_modules/nightwatch/lib/api/element-commands.js:341:22)
    at HttpRequest.&lt;anonymous&gt; (/usr/local/lib/node_modules/starrynight/node_modules/nightwatch/lib/index.js:299:20)
    at HttpRequest.emit (events.js:98:17)
    at HttpRequest.&lt;anonymous&gt; (/usr/local/lib/node_modules/starrynight/node_modules/nightwatch/lib/index.js:346:15)
    at HttpRequest.emit (events.js:106:17)
    at IncomingMessage.&lt;anonymous&gt; (/usr/local/lib/node_modules/starrynight/node_modules/nightwatch/lib/http/request.js:150:16)
    at IncomingMessage.emit (events.js:117:20)
    at _stream_readable.js:943:16
    at process._tickCallback (node.js:419:13)</failure>

      <failure message="Testing if element &lt;table thead tr:nth-child(1) .Cores table tr:nth-child(1) td:nth-child(2)&gt; contains text: &quot;1&quot;. Element could not be located.">Testing if element &lt;table thead tr:nth-child(1) .Cores table tr:nth-child(1) td:nth-child(2)&gt; contains text: &quot;1&quot;. Element could not be located.: Expected &quot;1&quot; but got: &quot;null&quot;
    at Object.&lt;anonymous&gt; (/usr/local/lib/node_modules/starrynight/node_modules/nightwatch/lib/core/assertion.js:105:19)
    at Object.&lt;anonymous&gt; (/usr/local/lib/node_modules/starrynight/node_modules/nightwatch/lib/api/element-commands.js:341:22)
    at HttpRequest.&lt;anonymous&gt; (/usr/local/lib/node_modules/starrynight/node_modules/nightwatch/lib/index.js:299:20)
    at HttpRequest.emit (events.js:98:17)
    at HttpRequest.&lt;anonymous&gt; (/usr/local/lib/node_modules/starrynight/node_modules/nightwatch/lib/index.js:346:15)
    at HttpRequest.emit (events.js:106:17)
    at IncomingMessage.&lt;anonymous&gt; (/usr/local/lib/node_modules/starrynight/node_modules/nightwatch/lib/http/request.js:150:16)
    at IncomingMessage.emit (events.js:117:20)
    at _stream_readable.js:943:16
    at process._tickCallback (node.js:419:13)</failure>

      <failure message="Testing if element &lt;table thead tr:nth-child(1) .Cores table tr:nth-child(2) td:nth-child(2)&gt; contains text: &quot;negative&quot;. Element could not be located.">Testing if element &lt;table thead tr:nth-child(1) .Cores table tr:nth-child(2) td:nth-child(2)&gt; contains text: &quot;negative&quot;. Element could not be located.: Expected &quot;negative&quot; but got: &quot;null&quot;
    at Object.&lt;anonymous&gt; (/usr/local/lib/node_modules/starrynight/node_modules/nightwatch/lib/core/assertion.js:105:19)
    at Object.&lt;anonymous&gt; (/usr/local/lib/node_modules/starrynight/node_modules/nightwatch/lib/api/element-commands.js:341:22)
    at HttpRequest.&lt;anonymous&gt; (/usr/local/lib/node_modules/starrynight/node_modules/nightwatch/lib/index.js:299:20)
    at HttpRequest.emit (events.js:98:17)
    at HttpRequest.&lt;anonymous&gt; (/usr/local/lib/node_modules/starrynight/node_modules/nightwatch/lib/index.js:346:15)
    at HttpRequest.emit (events.js:106:17)
    at IncomingMessage.&lt;anonymous&gt; (/usr/local/lib/node_modules/starrynight/node_modules/nightwatch/lib/http/request.js:150:16)
    at IncomingMessage.emit (events.js:117:20)
    at _stream_readable.js:943:16
    at process._tickCallback (node.js:419:13)</failure>

      <failure message="Testing if element &lt;table thead tr:nth-child(1) .Cores table tr:nth-child(3) td:nth-child(2)&gt; contains text: &quot;A&quot;. Element could not be located.">Testing if element &lt;table thead tr:nth-child(1) .Cores table tr:nth-child(3) td:nth-child(2)&gt; contains text: &quot;A&quot;. Element could not be located.: Expected &quot;A&quot; but got: &quot;null&quot;
    at Object.&lt;anonymous&gt; (/usr/local/lib/node_modules/starrynight/node_modules/nightwatch/lib/core/assertion.js:105:19)
    at Object.&lt;anonymous&gt; (/usr/local/lib/node_modules/starrynight/node_modules/nightwatch/lib/api/element-commands.js:341:22)
    at HttpRequest.&lt;anonymous&gt; (/usr/local/lib/node_modules/starrynight/node_modules/nightwatch/lib/index.js:299:20)
    at HttpRequest.emit (events.js:98:17)
    at HttpRequest.&lt;anonymous&gt; (/usr/local/lib/node_modules/starrynight/node_modules/nightwatch/lib/index.js:346:15)
    at HttpRequest.emit (events.js:106:17)
    at IncomingMessage.&lt;anonymous&gt; (/usr/local/lib/node_modules/starrynight/node_modules/nightwatch/lib/http/request.js:150:16)
    at IncomingMessage.emit (events.js:117:20)
    at _stream_readable.js:943:16
    at process._tickCallback (node.js:419:13)</failure>

      <failure message="Testing if element &lt;table thead tr:nth-child(1) .Cores table tr:nth-child(4) td:nth-child(2)&gt; contains text: &quot;undefined&quot;. Element could not be located.">Testing if element &lt;table thead tr:nth-child(1) .Cores table tr:nth-child(4) td:nth-child(2)&gt; contains text: &quot;undefined&quot;. Element could not be located.: Expected &quot;undefined&quot; but got: &quot;null&quot;
    at Object.&lt;anonymous&gt; (/usr/local/lib/node_modules/starrynight/node_modules/nightwatch/lib/core/assertion.js:105:19)
    at Object.&lt;anonymous&gt; (/usr/local/lib/node_modules/starrynight/node_modules/nightwatch/lib/api/element-commands.js:341:22)
    at HttpRequest.&lt;anonymous&gt; (/usr/local/lib/node_modules/starrynight/node_modules/nightwatch/lib/index.js:299:20)
    at HttpRequest.emit (events.js:98:17)
    at HttpRequest.&lt;anonymous&gt; (/usr/local/lib/node_modules/starrynight/node_modules/nightwatch/lib/index.js:346:15)
    at HttpRequest.emit (events.js:106:17)
    at IncomingMessage.&lt;anonymous&gt; (/usr/local/lib/node_modules/starrynight/node_modules/nightwatch/lib/http/request.js:150:16)
    at IncomingMessage.emit (events.js:117:20)
    at _stream_readable.js:943:16
    at process._tickCallback (node.js:419:13)</failure>

      <failure message="Testing if element &lt;table thead tr:nth-child(1) .Cores table tr:nth-child(5) td:nth-child(2)&gt; contains text: &quot;1&quot;. Element could not be located.">Testing if element &lt;table thead tr:nth-child(1) .Cores table tr:nth-child(5) td:nth-child(2)&gt; contains text: &quot;1&quot;. Element could not be located.: Expected &quot;1&quot; but got: &quot;null&quot;
    at Object.&lt;anonymous&gt; (/usr/local/lib/node_modules/starrynight/node_modules/nightwatch/lib/core/assertion.js:105:19)
    at Object.&lt;anonymous&gt; (/usr/local/lib/node_modules/starrynight/node_modules/nightwatch/lib/api/element-commands.js:341:22)
    at HttpRequest.&lt;anonymous&gt; (/usr/local/lib/node_modules/starrynight/node_modules/nightwatch/lib/index.js:299:20)
    at HttpRequest.emit (events.js:98:17)
    at HttpRequest.&lt;anonymous&gt; (/usr/local/lib/node_modules/starrynight/node_modules/nightwatch/lib/index.js:346:15)
    at HttpRequest.emit (events.js:106:17)
    at IncomingMessage.&lt;anonymous&gt; (/usr/local/lib/node_modules/starrynight/node_modules/nightwatch/lib/http/request.js:150:16)
    at IncomingMessage.emit (events.js:117:20)
    at _stream_readable.js:943:16
    at process._tickCallback (node.js:419:13)</failure>

    

    

    

    

    

    

    

    

    

    

    

    

    

    

    

    

    

    

    

    

    

    

    

    

    

    

    

    

    

    

    

    

    

    

    

    

    

    

    

    

    

    

    

    

    

    

    

    

    

    

    

    

    

    

    

    

    

    

    

    

    

    

    

    

    

    

    

    

    

    

    

    

    

    

    

    

    

    

    

    

    

    

    

    

    

    

    

    

    

    

    

    

    

    

    

    

    

    

    

    

    

    

    

    

    

    

    

    

    

    

    

    

    

    

    

    

    

    

    

    

    

    

    

    

    

    

    

    

    

    

    

    

    

    

    

    

    

    

    

    

    

    

    

    

    

    

    

    

    

    

    

    

    

    

    

    
    </testcase>
  
  
  </testsuite>
</testsuites>
