<?xml version="1.0" encoding="UTF-8" ?>
<testsuites errors="0"
            failures="1"
            tests="1">

  <testsuite name="formsReadonly"
    errors="0" failures="1" hostname="" id="" package="formsReadonly" skipped="0"
    tests="1" time="85.44" timestamp="Fri, 26 Jun 2015 19:36:43 GMT">
  
    <testcase name="Readonly Forms Walkthrough" time="85.44" assertions="471">

    

    

    

    

    

    

    

    

    

    

    

    

    

    

    

    

    

    

    

    

    

    

    

    

    

    

    

    

    

    

    

    

    

    

    

    

    

    

    

    

    

    

    

    

    

    

    

    

    

    

    

    

    

    

    

    

    

    

    

    

    

    

    

    

    

    

    

    

    

    

    

    

    

    

    

    

    

    

    

    

    

    

    

    

    

    

    

    

    

    

    

    

    

    

    

    

    

    

    

    

    

    

    

    

    

    

    

    

    

    

    

    

    

    

    

    

    

    

    

    

    

    

    

    

    

    

    

    

    

    

    

    

    

    

    

    

    

    

    

    

    

    

    

    

    

    

    

    

    

    

    

    

    

    

    

    

    

    

    

    

    

    

    

    

    

    

    

    

    

    

    

    

    

    

    

    

    

    

    

    

    

    

    

    

    

    

    

    

    

    

    

    

    

    

    

    

    

    

    

    

    

    

    

    

    

    

    

    

    

    

    

    

    

    

    

    

    

    

    

    

    

    

    

    

    

    

    

    

    

    

    

    

    

    

    

    

    

    

    

    

    

    

    

    

    

    

    

    

    

    

    

    

    

    

    

    

    

    

    

    

    

    

    

    

    

    

    

    

    

    

    

    

    

      <failure message="Testing if element &lt;select[name=&quot;Patient_ID&quot;]&gt; is present.">Testing if element &lt;select[name=&quot;Patient_ID&quot;]&gt; is present.: Expected &quot;present&quot; but got: &quot;null&quot;
    at Object.&lt;anonymous&gt; (/usr/local/lib/node_modules/starrynight/node_modules/nightwatch/lib/core/assertion.js:105:19)
    at HttpRequest.&lt;anonymous&gt; (/usr/local/lib/node_modules/starrynight/node_modules/nightwatch/lib/index.js:299:20)
    at HttpRequest.emit (events.js:98:17)
    at HttpRequest.&lt;anonymous&gt; (/usr/local/lib/node_modules/starrynight/node_modules/nightwatch/lib/index.js:346:15)
    at HttpRequest.emit (events.js:106:17)
    at IncomingMessage.&lt;anonymous&gt; (/usr/local/lib/node_modules/starrynight/node_modules/nightwatch/lib/http/request.js:150:16)
    at IncomingMessage.emit (events.js:117:20)
    at _stream_readable.js:943:16
    at process._tickCallback (node.js:419:13)</failure>

      <failure message="Testing if element &lt;select[name=&quot;Sample_ID&quot;]&gt; is present.">Testing if element &lt;select[name=&quot;Sample_ID&quot;]&gt; is present.: Expected &quot;present&quot; but got: &quot;null&quot;
    at Object.&lt;anonymous&gt; (/usr/local/lib/node_modules/starrynight/node_modules/nightwatch/lib/core/assertion.js:105:19)
    at HttpRequest.&lt;anonymous&gt; (/usr/local/lib/node_modules/starrynight/node_modules/nightwatch/lib/index.js:299:20)
    at HttpRequest.emit (events.js:98:17)
    at HttpRequest.&lt;anonymous&gt; (/usr/local/lib/node_modules/starrynight/node_modules/nightwatch/lib/index.js:346:15)
    at HttpRequest.emit (events.js:106:17)
    at IncomingMessage.&lt;anonymous&gt; (/usr/local/lib/node_modules/starrynight/node_modules/nightwatch/lib/http/request.js:150:16)
    at IncomingMessage.emit (events.js:117:20)
    at _stream_readable.js:943:16
    at process._tickCallback (node.js:419:13)</failure>

      <failure message="Testing if element &lt;input[name=&quot;Date_of_Procedure&quot;]&gt; is present.">Testing if element &lt;input[name=&quot;Date_of_Procedure&quot;]&gt; is present.: Expected &quot;present&quot; but got: &quot;null&quot;
    at Object.&lt;anonymous&gt; (/usr/local/lib/node_modules/starrynight/node_modules/nightwatch/lib/core/assertion.js:105:19)
    at HttpRequest.&lt;anonymous&gt; (/usr/local/lib/node_modules/starrynight/node_modules/nightwatch/lib/index.js:299:20)
    at HttpRequest.emit (events.js:98:17)
    at HttpRequest.&lt;anonymous&gt; (/usr/local/lib/node_modules/starrynight/node_modules/nightwatch/lib/index.js:346:15)
    at HttpRequest.emit (events.js:106:17)
    at IncomingMessage.&lt;anonymous&gt; (/usr/local/lib/node_modules/starrynight/node_modules/nightwatch/lib/http/request.js:150:16)
    at IncomingMessage.emit (events.js:117:20)
    at _stream_readable.js:943:16
    at process._tickCallback (node.js:419:13)</failure>

      <failure message="Testing if element &lt;input[name=&quot;Date_of_Procedure_Ext&quot;]&gt; is present.">Testing if element &lt;input[name=&quot;Date_of_Procedure_Ext&quot;]&gt; is present.: Expected &quot;present&quot; but got: &quot;null&quot;
    at Object.&lt;anonymous&gt; (/usr/local/lib/node_modules/starrynight/node_modules/nightwatch/lib/core/assertion.js:105:19)
    at HttpRequest.&lt;anonymous&gt; (/usr/local/lib/node_modules/starrynight/node_modules/nightwatch/lib/index.js:299:20)
    at HttpRequest.emit (events.js:98:17)
    at HttpRequest.&lt;anonymous&gt; (/usr/local/lib/node_modules/starrynight/node_modules/nightwatch/lib/index.js:346:15)
    at HttpRequest.emit (events.js:106:17)
    at IncomingMessage.&lt;anonymous&gt; (/usr/local/lib/node_modules/starrynight/node_modules/nightwatch/lib/http/request.js:150:16)
    at IncomingMessage.emit (events.js:117:20)
    at _stream_readable.js:943:16
    at process._tickCallback (node.js:419:13)</failure>

      <failure message="Testing if element &lt;input[name=&quot;Day&quot;]&gt; is present.">Testing if element &lt;input[name=&quot;Day&quot;]&gt; is present.: Expected &quot;present&quot; but got: &quot;null&quot;
    at Object.&lt;anonymous&gt; (/usr/local/lib/node_modules/starrynight/node_modules/nightwatch/lib/core/assertion.js:105:19)
    at HttpRequest.&lt;anonymous&gt; (/usr/local/lib/node_modules/starrynight/node_modules/nightwatch/lib/index.js:299:20)
    at HttpRequest.emit (events.js:98:17)
    at HttpRequest.&lt;anonymous&gt; (/usr/local/lib/node_modules/starrynight/node_modules/nightwatch/lib/index.js:346:15)
    at HttpRequest.emit (events.js:106:17)
    at IncomingMessage.&lt;anonymous&gt; (/usr/local/lib/node_modules/starrynight/node_modules/nightwatch/lib/http/request.js:150:16)
    at IncomingMessage.emit (events.js:117:20)
    at _stream_readable.js:943:16
    at process._tickCallback (node.js:419:13)</failure>

      <failure message="Testing if element &lt;input[name=&quot;Phase&quot;]&gt; is present.">Testing if element &lt;input[name=&quot;Phase&quot;]&gt; is present.: Expected &quot;present&quot; but got: &quot;null&quot;
    at Object.&lt;anonymous&gt; (/usr/local/lib/node_modules/starrynight/node_modules/nightwatch/lib/core/assertion.js:105:19)
    at HttpRequest.&lt;anonymous&gt; (/usr/local/lib/node_modules/starrynight/node_modules/nightwatch/lib/index.js:299:20)
    at HttpRequest.emit (events.js:98:17)
    at HttpRequest.&lt;anonymous&gt; (/usr/local/lib/node_modules/starrynight/node_modules/nightwatch/lib/index.js:346:15)
    at HttpRequest.emit (events.js:106:17)
    at IncomingMessage.&lt;anonymous&gt; (/usr/local/lib/node_modules/starrynight/node_modules/nightwatch/lib/http/request.js:150:16)
    at IncomingMessage.emit (events.js:117:20)
    at _stream_readable.js:943:16
    at process._tickCallback (node.js:419:13)</failure>

      <failure message="Testing if element &lt;input[name=&quot;Procedure&quot;]&gt; is present.">Testing if element &lt;input[name=&quot;Procedure&quot;]&gt; is present.: Expected &quot;present&quot; but got: &quot;null&quot;
    at Object.&lt;anonymous&gt; (/usr/local/lib/node_modules/starrynight/node_modules/nightwatch/lib/core/assertion.js:105:19)
    at HttpRequest.&lt;anonymous&gt; (/usr/local/lib/node_modules/starrynight/node_modules/nightwatch/lib/index.js:299:20)
    at HttpRequest.emit (events.js:98:17)
    at HttpRequest.&lt;anonymous&gt; (/usr/local/lib/node_modules/starrynight/node_modules/nightwatch/lib/index.js:346:15)
    at HttpRequest.emit (events.js:106:17)
    at IncomingMessage.&lt;anonymous&gt; (/usr/local/lib/node_modules/starrynight/node_modules/nightwatch/lib/http/request.js:150:16)
    at IncomingMessage.emit (events.js:117:20)
    at _stream_readable.js:943:16
    at process._tickCallback (node.js:419:13)</failure>

      <failure message="Testing if element &lt;input[name=&quot;Segment&quot;]&gt; is present.">Testing if element &lt;input[name=&quot;Segment&quot;]&gt; is present.: Expected &quot;present&quot; but got: &quot;null&quot;
    at Object.&lt;anonymous&gt; (/usr/local/lib/node_modules/starrynight/node_modules/nightwatch/lib/core/assertion.js:105:19)
    at HttpRequest.&lt;anonymous&gt; (/usr/local/lib/node_modules/starrynight/node_modules/nightwatch/lib/index.js:299:20)
    at HttpRequest.emit (events.js:98:17)
    at HttpRequest.&lt;anonymous&gt; (/usr/local/lib/node_modules/starrynight/node_modules/nightwatch/lib/index.js:346:15)
    at HttpRequest.emit (events.js:106:17)
    at IncomingMessage.&lt;anonymous&gt; (/usr/local/lib/node_modules/starrynight/node_modules/nightwatch/lib/http/request.js:150:16)
    at IncomingMessage.emit (events.js:117:20)
    at _stream_readable.js:943:16
    at process._tickCallback (node.js:419:13)</failure>

      <failure message="Testing if element &lt;input[name=&quot;Visit_Date&quot;]&gt; is present.">Testing if element &lt;input[name=&quot;Visit_Date&quot;]&gt; is present.: Expected &quot;present&quot; but got: &quot;null&quot;
    at Object.&lt;anonymous&gt; (/usr/local/lib/node_modules/starrynight/node_modules/nightwatch/lib/core/assertion.js:105:19)
    at HttpRequest.&lt;anonymous&gt; (/usr/local/lib/node_modules/starrynight/node_modules/nightwatch/lib/index.js:299:20)
    at HttpRequest.emit (events.js:98:17)
    at HttpRequest.&lt;anonymous&gt; (/usr/local/lib/node_modules/starrynight/node_modules/nightwatch/lib/index.js:346:15)
    at HttpRequest.emit (events.js:106:17)
    at IncomingMessage.&lt;anonymous&gt; (/usr/local/lib/node_modules/starrynight/node_modules/nightwatch/lib/http/request.js:150:16)
    at IncomingMessage.emit (events.js:117:20)
    at _stream_readable.js:943:16
    at process._tickCallback (node.js:419:13)</failure>

      <failure message="Testing if element &lt;input[name=&quot;Compared_with_previous_scan&quot;]&gt; is present.">Testing if element &lt;input[name=&quot;Compared_with_previous_scan&quot;]&gt; is present.: Expected &quot;present&quot; but got: &quot;null&quot;
    at Object.&lt;anonymous&gt; (/usr/local/lib/node_modules/starrynight/node_modules/nightwatch/lib/core/assertion.js:105:19)
    at HttpRequest.&lt;anonymous&gt; (/usr/local/lib/node_modules/starrynight/node_modules/nightwatch/lib/index.js:299:20)
    at HttpRequest.emit (events.js:98:17)
    at HttpRequest.&lt;anonymous&gt; (/usr/local/lib/node_modules/starrynight/node_modules/nightwatch/lib/index.js:346:15)
    at HttpRequest.emit (events.js:106:17)
    at IncomingMessage.&lt;anonymous&gt; (/usr/local/lib/node_modules/starrynight/node_modules/nightwatch/lib/http/request.js:150:16)
    at IncomingMessage.emit (events.js:117:20)
    at _stream_readable.js:943:16
    at process._tickCallback (node.js:419:13)</failure>

      <failure message="Testing if element &lt;input[name=&quot;Comments&quot;]&gt; is present.">Testing if element &lt;input[name=&quot;Comments&quot;]&gt; is present.: Expected &quot;present&quot; but got: &quot;null&quot;
    at Object.&lt;anonymous&gt; (/usr/local/lib/node_modules/starrynight/node_modules/nightwatch/lib/core/assertion.js:105:19)
    at HttpRequest.&lt;anonymous&gt; (/usr/local/lib/node_modules/starrynight/node_modules/nightwatch/lib/index.js:299:20)
    at HttpRequest.emit (events.js:98:17)
    at HttpRequest.&lt;anonymous&gt; (/usr/local/lib/node_modules/starrynight/node_modules/nightwatch/lib/index.js:346:15)
    at HttpRequest.emit (events.js:106:17)
    at IncomingMessage.&lt;anonymous&gt; (/usr/local/lib/node_modules/starrynight/node_modules/nightwatch/lib/http/request.js:150:16)
    at IncomingMessage.emit (events.js:117:20)
    at _stream_readable.js:943:16
    at process._tickCallback (node.js:419:13)</failure>

      <failure message="Testing if element &lt;input[name=&quot;Arm&quot;]&gt; is present.">Testing if element &lt;input[name=&quot;Arm&quot;]&gt; is present.: Expected &quot;present&quot; but got: &quot;null&quot;
    at Object.&lt;anonymous&gt; (/usr/local/lib/node_modules/starrynight/node_modules/nightwatch/lib/core/assertion.js:105:19)
    at HttpRequest.&lt;anonymous&gt; (/usr/local/lib/node_modules/starrynight/node_modules/nightwatch/lib/index.js:299:20)
    at HttpRequest.emit (events.js:98:17)
    at HttpRequest.&lt;anonymous&gt; (/usr/local/lib/node_modules/starrynight/node_modules/nightwatch/lib/index.js:346:15)
    at HttpRequest.emit (events.js:106:17)
    at IncomingMessage.&lt;anonymous&gt; (/usr/local/lib/node_modules/starrynight/node_modules/nightwatch/lib/http/request.js:150:16)
    at IncomingMessage.emit (events.js:117:20)
    at _stream_readable.js:943:16
    at process._tickCallback (node.js:419:13)</failure>

    

    

    

    

    

    

    

    

    

    

    

    

    

    

    

    

    

    

    

    

    

    

    

    

    

    

    

    

    

    

    

    

    

    

    

    

    

    

    

    

    

    

    

    

    

    

    

    

    

    

    

    

    

    

    

    

    

    

    

    

    

    

    

    

    

    

    

    

    

    

    

    

    

    

    

    

    

    

    

    

    

    

    

    

    

    

    

    

    

    

    

    

    

    

    

    

    

    

    

    

    

    

    

    

    

    

    

    

    

    

    

    

    

    

    

    

    

    

    

    

    

    

    

    

    

    

    

    

    

    

    

    

    

    

    

    

    

    

    

    

    

    

    

    

    

    

    

    

    

    

    

    

    

    

    

    

    

    

    

    

    

    

    

    

    

    

    

    

    

    

    

    

    

    

    

    

    

    

    

    

    

    

    

    

    

    
    </testcase>
  
  
  </testsuite>
</testsuites>
