<?xml version="1.0" encoding="UTF-8" ?>
<testsuites errors="0"
            failures="1"
            tests="1">

  <testsuite name="tablesWalkthrough"
    errors="0" failures="1" hostname="" id="" package="tablesWalkthrough" skipped="0"
    tests="1" time="1.082e+4" timestamp="Fri, 26 Jun 2015 19:38:08 GMT">
  
    <testcase name="Tables Walkthrough" time="1.082e+4" assertions="75">

    

    

    

    

    

    

    

    

    

    

    

    

    

    

    

    

    

    

    

    

    

    

    

    

    

    

    

    

    

    

    

    

    

    

    

    

    

    

    

    

    

    

    

    

    

    

    

    

    

    

    

    

    

    

    

    

    

    

    

    

    

    

    

    

    

    

    

    

    

    

    

    

      <failure message="Testing if element &lt;table thead tr .Arm&gt; is present.">Testing if element &lt;table thead tr .Arm&gt; is present.: Expected &quot;present&quot; but got: &quot;null&quot;
    at Object.&lt;anonymous&gt; (/usr/local/lib/node_modules/starrynight/node_modules/nightwatch/lib/core/assertion.js:105:19)
    at HttpRequest.&lt;anonymous&gt; (/usr/local/lib/node_modules/starrynight/node_modules/nightwatch/lib/index.js:299:20)
    at HttpRequest.emit (events.js:98:17)
    at HttpRequest.&lt;anonymous&gt; (/usr/local/lib/node_modules/starrynight/node_modules/nightwatch/lib/index.js:346:15)
    at HttpRequest.emit (events.js:106:17)
    at IncomingMessage.&lt;anonymous&gt; (/usr/local/lib/node_modules/starrynight/node_modules/nightwatch/lib/http/request.js:150:16)
    at IncomingMessage.emit (events.js:117:20)
    at _stream_readable.js:943:16
    at process._tickCallback (node.js:419:13)</failure>

      <failure message="=============================================================">=============================================================: Expected &quot;visible&quot; but got: &quot;not found&quot;
    at F.WaitForElement.fail (/usr/local/lib/node_modules/starrynight/node_modules/nightwatch/lib/api/commands/_waitForElement.js:194:15)
    at F.WaitForElementPresent.elementNotFound (/usr/local/lib/node_modules/starrynight/node_modules/nightwatch/lib/api/commands/waitForElementPresent.js:57:15)
    at Object.&lt;anonymous&gt; (/usr/local/lib/node_modules/starrynight/node_modules/nightwatch/lib/api/commands/_waitForElement.js:221:17)
    at HttpRequest.&lt;anonymous&gt; (/usr/local/lib/node_modules/starrynight/node_modules/nightwatch/lib/index.js:299:20)
    at HttpRequest.emit (events.js:98:17)
    at HttpRequest.&lt;anonymous&gt; (/usr/local/lib/node_modules/starrynight/node_modules/nightwatch/lib/index.js:346:15)
    at HttpRequest.emit (events.js:106:17)
    at IncomingMessage.&lt;anonymous&gt; (/usr/local/lib/node_modules/starrynight/node_modules/nightwatch/lib/http/request.js:150:16)
    at IncomingMessage.emit (events.js:117:20)
    at _stream_readable.js:943:16</failure>

    
    </testcase>
  
  
  </testsuite>
</testsuites>
