<?xml version="1.0" encoding="UTF-8" ?>
<testsuites errors="7"
            failures="7"
            tests="9">

  <testsuite name="formsInteractive"
    errors="7" failures="7" hostname="" id="" package="formsInteractive" skipped="0"
    tests="9" time="201.5" timestamp="Wed, 01 Jul 2015 01:52:10 GMT">
  
    <testcase name="SignIn" time="7.528" assertions="10">

    

    

    

    

    

    

    

    

    

    
    </testcase>
  
    <testcase name="Patient Enrollment Form" time="11.25" assertions="20">

    

    

    

    

    

    

    

    

    

    

    

    

    

    

    

    

    

    

    

    
    </testcase>
  
    <testcase name="Histology Research Form" time="23.57" assertions="34">

    

    

    

    

    

    

    

    

    

    

    

    

    

    

    

      <failure message="Testing if attribute value of &lt;select[name=&quot;Histology_Call&quot;]&gt; equals &quot;Adeno&quot;.">Testing if attribute value of &lt;select[name=&quot;Histology_Call&quot;]&gt; equals &quot;Adeno&quot;.: Expected &quot;Adeno&quot; but got: &quot;&quot;
    at Object.&lt;anonymous&gt; (/usr/local/lib/node_modules/starrynight/node_modules/nightwatch/lib/core/assertion.js:105:19)
    at Object.&lt;anonymous&gt; (/usr/local/lib/node_modules/starrynight/node_modules/nightwatch/lib/api/element-commands.js:351:24)
    at HttpRequest.&lt;anonymous&gt; (/usr/local/lib/node_modules/starrynight/node_modules/nightwatch/lib/index.js:299:20)
    at HttpRequest.emit (events.js:98:17)
    at HttpRequest.&lt;anonymous&gt; (/usr/local/lib/node_modules/starrynight/node_modules/nightwatch/lib/index.js:322:15)
    at HttpRequest.emit (events.js:106:17)
    at IncomingMessage.&lt;anonymous&gt; (/usr/local/lib/node_modules/starrynight/node_modules/nightwatch/lib/http/request.js:148:16)
    at IncomingMessage.emit (events.js:117:20)
    at _stream_readable.js:943:16
    at process._tickCallback (node.js:419:13)</failure>

      <failure message="Testing if attribute value of &lt;select[name=&quot;Adeno&quot;]&gt; equals &quot;Adeno&quot;. Element could not be located.">Testing if attribute value of &lt;select[name=&quot;Adeno&quot;]&gt; equals &quot;Adeno&quot;. Element could not be located.: Expected &quot;Adeno&quot; but got: &quot;null&quot;
    at Object.&lt;anonymous&gt; (/usr/local/lib/node_modules/starrynight/node_modules/nightwatch/lib/core/assertion.js:105:19)
    at Object.&lt;anonymous&gt; (/usr/local/lib/node_modules/starrynight/node_modules/nightwatch/lib/api/element-commands.js:341:22)
    at HttpRequest.&lt;anonymous&gt; (/usr/local/lib/node_modules/starrynight/node_modules/nightwatch/lib/index.js:299:20)
    at HttpRequest.emit (events.js:98:17)
    at HttpRequest.&lt;anonymous&gt; (/usr/local/lib/node_modules/starrynight/node_modules/nightwatch/lib/index.js:346:15)
    at HttpRequest.emit (events.js:106:17)
    at IncomingMessage.&lt;anonymous&gt; (/usr/local/lib/node_modules/starrynight/node_modules/nightwatch/lib/http/request.js:150:16)
    at IncomingMessage.emit (events.js:117:20)
    at _stream_readable.js:943:16
    at process._tickCallback (node.js:419:13)</failure>

      <failure message="Testing if attribute value of &lt;select[name=&quot;Small_Cell&quot;]&gt; equals &quot;Not Small Cell&quot;. Element could not be located.">Testing if attribute value of &lt;select[name=&quot;Small_Cell&quot;]&gt; equals &quot;Not Small Cell&quot;. Element could not be located.: Expected &quot;Not Small Cell&quot; but got: &quot;null&quot;
    at Object.&lt;anonymous&gt; (/usr/local/lib/node_modules/starrynight/node_modules/nightwatch/lib/core/assertion.js:105:19)
    at Object.&lt;anonymous&gt; (/usr/local/lib/node_modules/starrynight/node_modules/nightwatch/lib/api/element-commands.js:341:22)
    at HttpRequest.&lt;anonymous&gt; (/usr/local/lib/node_modules/starrynight/node_modules/nightwatch/lib/index.js:299:20)
    at HttpRequest.emit (events.js:98:17)
    at HttpRequest.&lt;anonymous&gt; (/usr/local/lib/node_modules/starrynight/node_modules/nightwatch/lib/index.js:346:15)
    at HttpRequest.emit (events.js:106:17)
    at IncomingMessage.&lt;anonymous&gt; (/usr/local/lib/node_modules/starrynight/node_modules/nightwatch/lib/http/request.js:150:16)
    at IncomingMessage.emit (events.js:117:20)
    at _stream_readable.js:943:16
    at process._tickCallback (node.js:419:13)</failure>

      <failure message="Testing if attribute value of &lt;select[name=&quot;Trichotomy&quot;]&gt; equals &quot;Adeno&quot;. Element could not be located.">Testing if attribute value of &lt;select[name=&quot;Trichotomy&quot;]&gt; equals &quot;Adeno&quot;. Element could not be located.: Expected &quot;Adeno&quot; but got: &quot;null&quot;
    at Object.&lt;anonymous&gt; (/usr/local/lib/node_modules/starrynight/node_modules/nightwatch/lib/core/assertion.js:105:19)
    at Object.&lt;anonymous&gt; (/usr/local/lib/node_modules/starrynight/node_modules/nightwatch/lib/api/element-commands.js:341:22)
    at HttpRequest.&lt;anonymous&gt; (/usr/local/lib/node_modules/starrynight/node_modules/nightwatch/lib/index.js:299:20)
    at HttpRequest.emit (events.js:98:17)
    at HttpRequest.&lt;anonymous&gt; (/usr/local/lib/node_modules/starrynight/node_modules/nightwatch/lib/index.js:346:15)
    at HttpRequest.emit (events.js:106:17)
    at IncomingMessage.&lt;anonymous&gt; (/usr/local/lib/node_modules/starrynight/node_modules/nightwatch/lib/http/request.js:150:16)
    at IncomingMessage.emit (events.js:117:20)
    at _stream_readable.js:943:16
    at process._tickCallback (node.js:419:13)</failure>

    

      <failure message="Testing if element &lt;table tbody tr&gt; is present.">Testing if element &lt;table tbody tr&gt; is present.: Expected &quot;present&quot; but got: &quot;null&quot;
    at Object.&lt;anonymous&gt; (/usr/local/lib/node_modules/starrynight/node_modules/nightwatch/lib/core/assertion.js:105:19)
    at HttpRequest.&lt;anonymous&gt; (/usr/local/lib/node_modules/starrynight/node_modules/nightwatch/lib/index.js:299:20)
    at HttpRequest.emit (events.js:98:17)
    at HttpRequest.&lt;anonymous&gt; (/usr/local/lib/node_modules/starrynight/node_modules/nightwatch/lib/index.js:346:15)
    at HttpRequest.emit (events.js:106:17)
    at IncomingMessage.&lt;anonymous&gt; (/usr/local/lib/node_modules/starrynight/node_modules/nightwatch/lib/http/request.js:150:16)
    at IncomingMessage.emit (events.js:117:20)
    at _stream_readable.js:943:16
    at process._tickCallback (node.js:419:13)</failure>

      <failure message="Testing if element &lt;table tbody tr:nth-child(1)&gt; is present.">Testing if element &lt;table tbody tr:nth-child(1)&gt; is present.: Expected &quot;present&quot; but got: &quot;null&quot;
    at Object.&lt;anonymous&gt; (/usr/local/lib/node_modules/starrynight/node_modules/nightwatch/lib/core/assertion.js:105:19)
    at HttpRequest.&lt;anonymous&gt; (/usr/local/lib/node_modules/starrynight/node_modules/nightwatch/lib/index.js:299:20)
    at HttpRequest.emit (events.js:98:17)
    at HttpRequest.&lt;anonymous&gt; (/usr/local/lib/node_modules/starrynight/node_modules/nightwatch/lib/index.js:346:15)
    at HttpRequest.emit (events.js:106:17)
    at IncomingMessage.&lt;anonymous&gt; (/usr/local/lib/node_modules/starrynight/node_modules/nightwatch/lib/http/request.js:150:16)
    at IncomingMessage.emit (events.js:117:20)
    at _stream_readable.js:943:16
    at process._tickCallback (node.js:419:13)</failure>

      <failure message="Testing if element &lt;table tbody tr:nth-child(1) .Sample_ID&gt; is present.">Testing if element &lt;table tbody tr:nth-child(1) .Sample_ID&gt; is present.: Expected &quot;present&quot; but got: &quot;null&quot;
    at Object.&lt;anonymous&gt; (/usr/local/lib/node_modules/starrynight/node_modules/nightwatch/lib/core/assertion.js:105:19)
    at HttpRequest.&lt;anonymous&gt; (/usr/local/lib/node_modules/starrynight/node_modules/nightwatch/lib/index.js:299:20)
    at HttpRequest.emit (events.js:98:17)
    at HttpRequest.&lt;anonymous&gt; (/usr/local/lib/node_modules/starrynight/node_modules/nightwatch/lib/index.js:346:15)
    at HttpRequest.emit (events.js:106:17)
    at IncomingMessage.&lt;anonymous&gt; (/usr/local/lib/node_modules/starrynight/node_modules/nightwatch/lib/http/request.js:150:16)
    at IncomingMessage.emit (events.js:117:20)
    at _stream_readable.js:943:16
    at process._tickCallback (node.js:419:13)</failure>

      <failure message="Testing if element &lt;table tbody tr:nth-child(1) .Histology_Call&gt; is present.">Testing if element &lt;table tbody tr:nth-child(1) .Histology_Call&gt; is present.: Expected &quot;present&quot; but got: &quot;null&quot;
    at Object.&lt;anonymous&gt; (/usr/local/lib/node_modules/starrynight/node_modules/nightwatch/lib/core/assertion.js:105:19)
    at HttpRequest.&lt;anonymous&gt; (/usr/local/lib/node_modules/starrynight/node_modules/nightwatch/lib/index.js:299:20)
    at HttpRequest.emit (events.js:98:17)
    at HttpRequest.&lt;anonymous&gt; (/usr/local/lib/node_modules/starrynight/node_modules/nightwatch/lib/index.js:346:15)
    at HttpRequest.emit (events.js:106:17)
    at IncomingMessage.&lt;anonymous&gt; (/usr/local/lib/node_modules/starrynight/node_modules/nightwatch/lib/http/request.js:150:16)
    at IncomingMessage.emit (events.js:117:20)
    at _stream_readable.js:943:16
    at process._tickCallback (node.js:419:13)</failure>

      <failure message="Testing if element &lt;table tbody tr:nth-child(1) .Adeno&gt; is present.">Testing if element &lt;table tbody tr:nth-child(1) .Adeno&gt; is present.: Expected &quot;present&quot; but got: &quot;null&quot;
    at Object.&lt;anonymous&gt; (/usr/local/lib/node_modules/starrynight/node_modules/nightwatch/lib/core/assertion.js:105:19)
    at HttpRequest.&lt;anonymous&gt; (/usr/local/lib/node_modules/starrynight/node_modules/nightwatch/lib/index.js:299:20)
    at HttpRequest.emit (events.js:98:17)
    at HttpRequest.&lt;anonymous&gt; (/usr/local/lib/node_modules/starrynight/node_modules/nightwatch/lib/index.js:346:15)
    at HttpRequest.emit (events.js:106:17)
    at IncomingMessage.&lt;anonymous&gt; (/usr/local/lib/node_modules/starrynight/node_modules/nightwatch/lib/http/request.js:150:16)
    at IncomingMessage.emit (events.js:117:20)
    at _stream_readable.js:943:16
    at process._tickCallback (node.js:419:13)</failure>

      <failure message="Testing if element &lt;table tbody tr:nth-child(1) .Small_Cell&gt; is present.">Testing if element &lt;table tbody tr:nth-child(1) .Small_Cell&gt; is present.: Expected &quot;present&quot; but got: &quot;null&quot;
    at Object.&lt;anonymous&gt; (/usr/local/lib/node_modules/starrynight/node_modules/nightwatch/lib/core/assertion.js:105:19)
    at HttpRequest.&lt;anonymous&gt; (/usr/local/lib/node_modules/starrynight/node_modules/nightwatch/lib/index.js:299:20)
    at HttpRequest.emit (events.js:98:17)
    at HttpRequest.&lt;anonymous&gt; (/usr/local/lib/node_modules/starrynight/node_modules/nightwatch/lib/index.js:346:15)
    at HttpRequest.emit (events.js:106:17)
    at IncomingMessage.&lt;anonymous&gt; (/usr/local/lib/node_modules/starrynight/node_modules/nightwatch/lib/http/request.js:150:16)
    at IncomingMessage.emit (events.js:117:20)
    at _stream_readable.js:943:16
    at process._tickCallback (node.js:419:13)</failure>

      <failure message="Testing if element &lt;table tbody tr:nth-child(1) .Trichotomy&gt; is present.">Testing if element &lt;table tbody tr:nth-child(1) .Trichotomy&gt; is present.: Expected &quot;present&quot; but got: &quot;null&quot;
    at Object.&lt;anonymous&gt; (/usr/local/lib/node_modules/starrynight/node_modules/nightwatch/lib/core/assertion.js:105:19)
    at HttpRequest.&lt;anonymous&gt; (/usr/local/lib/node_modules/starrynight/node_modules/nightwatch/lib/index.js:299:20)
    at HttpRequest.emit (events.js:98:17)
    at HttpRequest.&lt;anonymous&gt; (/usr/local/lib/node_modules/starrynight/node_modules/nightwatch/lib/index.js:346:15)
    at HttpRequest.emit (events.js:106:17)
    at IncomingMessage.&lt;anonymous&gt; (/usr/local/lib/node_modules/starrynight/node_modules/nightwatch/lib/http/request.js:150:16)
    at IncomingMessage.emit (events.js:117:20)
    at _stream_readable.js:943:16
    at process._tickCallback (node.js:419:13)</failure>

      <failure message="Testing if element &lt;table tbody tr:nth-child(1) .Sample_ID&gt; contains text: &quot;DTB-999&quot;. Element could not be located.">Testing if element &lt;table tbody tr:nth-child(1) .Sample_ID&gt; contains text: &quot;DTB-999&quot;. Element could not be located.: Expected &quot;DTB-999&quot; but got: &quot;null&quot;
    at Object.&lt;anonymous&gt; (/usr/local/lib/node_modules/starrynight/node_modules/nightwatch/lib/core/assertion.js:105:19)
    at Object.&lt;anonymous&gt; (/usr/local/lib/node_modules/starrynight/node_modules/nightwatch/lib/api/element-commands.js:341:22)
    at HttpRequest.&lt;anonymous&gt; (/usr/local/lib/node_modules/starrynight/node_modules/nightwatch/lib/index.js:299:20)
    at HttpRequest.emit (events.js:98:17)
    at HttpRequest.&lt;anonymous&gt; (/usr/local/lib/node_modules/starrynight/node_modules/nightwatch/lib/index.js:346:15)
    at HttpRequest.emit (events.js:106:17)
    at IncomingMessage.&lt;anonymous&gt; (/usr/local/lib/node_modules/starrynight/node_modules/nightwatch/lib/http/request.js:150:16)
    at IncomingMessage.emit (events.js:117:20)
    at _stream_readable.js:943:16
    at process._tickCallback (node.js:419:13)</failure>

      <failure message="Testing if element &lt;table tbody tr:nth-child(1) .Histology_Call&gt; contains text: &quot;Adeno&quot;. Element could not be located.">Testing if element &lt;table tbody tr:nth-child(1) .Histology_Call&gt; contains text: &quot;Adeno&quot;. Element could not be located.: Expected &quot;Adeno&quot; but got: &quot;null&quot;
    at Object.&lt;anonymous&gt; (/usr/local/lib/node_modules/starrynight/node_modules/nightwatch/lib/core/assertion.js:105:19)
    at Object.&lt;anonymous&gt; (/usr/local/lib/node_modules/starrynight/node_modules/nightwatch/lib/api/element-commands.js:341:22)
    at HttpRequest.&lt;anonymous&gt; (/usr/local/lib/node_modules/starrynight/node_modules/nightwatch/lib/index.js:299:20)
    at HttpRequest.emit (events.js:98:17)
    at HttpRequest.&lt;anonymous&gt; (/usr/local/lib/node_modules/starrynight/node_modules/nightwatch/lib/index.js:346:15)
    at HttpRequest.emit (events.js:106:17)
    at IncomingMessage.&lt;anonymous&gt; (/usr/local/lib/node_modules/starrynight/node_modules/nightwatch/lib/http/request.js:150:16)
    at IncomingMessage.emit (events.js:117:20)
    at _stream_readable.js:943:16
    at process._tickCallback (node.js:419:13)</failure>

      <failure message="Testing if element &lt;table tbody tr:nth-child(1) .Adeno&gt; contains text: &quot;Adeno&quot;. Element could not be located.">Testing if element &lt;table tbody tr:nth-child(1) .Adeno&gt; contains text: &quot;Adeno&quot;. Element could not be located.: Expected &quot;Adeno&quot; but got: &quot;null&quot;
    at Object.&lt;anonymous&gt; (/usr/local/lib/node_modules/starrynight/node_modules/nightwatch/lib/core/assertion.js:105:19)
    at Object.&lt;anonymous&gt; (/usr/local/lib/node_modules/starrynight/node_modules/nightwatch/lib/api/element-commands.js:341:22)
    at HttpRequest.&lt;anonymous&gt; (/usr/local/lib/node_modules/starrynight/node_modules/nightwatch/lib/index.js:299:20)
    at HttpRequest.emit (events.js:98:17)
    at HttpRequest.&lt;anonymous&gt; (/usr/local/lib/node_modules/starrynight/node_modules/nightwatch/lib/index.js:346:15)
    at HttpRequest.emit (events.js:106:17)
    at IncomingMessage.&lt;anonymous&gt; (/usr/local/lib/node_modules/starrynight/node_modules/nightwatch/lib/http/request.js:150:16)
    at IncomingMessage.emit (events.js:117:20)
    at _stream_readable.js:943:16
    at process._tickCallback (node.js:419:13)</failure>

      <failure message="Testing if element &lt;table tbody tr:nth-child(1) .Small_Cell&gt; contains text: &quot;Not Small Cell&quot;. Element could not be located.">Testing if element &lt;table tbody tr:nth-child(1) .Small_Cell&gt; contains text: &quot;Not Small Cell&quot;. Element could not be located.: Expected &quot;Not Small Cell&quot; but got: &quot;null&quot;
    at Object.&lt;anonymous&gt; (/usr/local/lib/node_modules/starrynight/node_modules/nightwatch/lib/core/assertion.js:105:19)
    at Object.&lt;anonymous&gt; (/usr/local/lib/node_modules/starrynight/node_modules/nightwatch/lib/api/element-commands.js:341:22)
    at HttpRequest.&lt;anonymous&gt; (/usr/local/lib/node_modules/starrynight/node_modules/nightwatch/lib/index.js:299:20)
    at HttpRequest.emit (events.js:98:17)
    at HttpRequest.&lt;anonymous&gt; (/usr/local/lib/node_modules/starrynight/node_modules/nightwatch/lib/index.js:346:15)
    at HttpRequest.emit (events.js:106:17)
    at IncomingMessage.&lt;anonymous&gt; (/usr/local/lib/node_modules/starrynight/node_modules/nightwatch/lib/http/request.js:150:16)
    at IncomingMessage.emit (events.js:117:20)
    at _stream_readable.js:943:16
    at process._tickCallback (node.js:419:13)</failure>

      <failure message="Testing if element &lt;table tbody tr:nth-child(1) .Trichotomy&gt; contains text: &quot;Adeno&quot;. Element could not be located.">Testing if element &lt;table tbody tr:nth-child(1) .Trichotomy&gt; contains text: &quot;Adeno&quot;. Element could not be located.: Expected &quot;Adeno&quot; but got: &quot;null&quot;
    at Object.&lt;anonymous&gt; (/usr/local/lib/node_modules/starrynight/node_modules/nightwatch/lib/core/assertion.js:105:19)
    at Object.&lt;anonymous&gt; (/usr/local/lib/node_modules/starrynight/node_modules/nightwatch/lib/api/element-commands.js:341:22)
    at HttpRequest.&lt;anonymous&gt; (/usr/local/lib/node_modules/starrynight/node_modules/nightwatch/lib/index.js:299:20)
    at HttpRequest.emit (events.js:98:17)
    at HttpRequest.&lt;anonymous&gt; (/usr/local/lib/node_modules/starrynight/node_modules/nightwatch/lib/index.js:346:15)
    at HttpRequest.emit (events.js:106:17)
    at IncomingMessage.&lt;anonymous&gt; (/usr/local/lib/node_modules/starrynight/node_modules/nightwatch/lib/http/request.js:150:16)
    at IncomingMessage.emit (events.js:117:20)
    at _stream_readable.js:943:16
    at process._tickCallback (node.js:419:13)</failure>

    

    
    </testcase>
  
    <testcase name="Tissue Specimen Form" time="44.02" assertions="59">

    

    

    

    

    

    

    

    

    

    

    

    

    

    

    

    

    

    

    

    

    

    

    

    

    

    

    

    

    

    

    

    

      <failure message="Testing if element &lt;table tbody tr&gt; is present.">Testing if element &lt;table tbody tr&gt; is present.: Expected &quot;present&quot; but got: &quot;null&quot;
    at Object.&lt;anonymous&gt; (/usr/local/lib/node_modules/starrynight/node_modules/nightwatch/lib/core/assertion.js:105:19)
    at HttpRequest.&lt;anonymous&gt; (/usr/local/lib/node_modules/starrynight/node_modules/nightwatch/lib/index.js:299:20)
    at HttpRequest.emit (events.js:98:17)
    at HttpRequest.&lt;anonymous&gt; (/usr/local/lib/node_modules/starrynight/node_modules/nightwatch/lib/index.js:346:15)
    at HttpRequest.emit (events.js:106:17)
    at IncomingMessage.&lt;anonymous&gt; (/usr/local/lib/node_modules/starrynight/node_modules/nightwatch/lib/http/request.js:150:16)
    at IncomingMessage.emit (events.js:117:20)
    at _stream_readable.js:943:16
    at process._tickCallback (node.js:419:13)</failure>

      <failure message="Testing if element &lt;table tbody tr:nth-child(1)&gt; is present.">Testing if element &lt;table tbody tr:nth-child(1)&gt; is present.: Expected &quot;present&quot; but got: &quot;null&quot;
    at Object.&lt;anonymous&gt; (/usr/local/lib/node_modules/starrynight/node_modules/nightwatch/lib/core/assertion.js:105:19)
    at HttpRequest.&lt;anonymous&gt; (/usr/local/lib/node_modules/starrynight/node_modules/nightwatch/lib/index.js:299:20)
    at HttpRequest.emit (events.js:98:17)
    at HttpRequest.&lt;anonymous&gt; (/usr/local/lib/node_modules/starrynight/node_modules/nightwatch/lib/index.js:346:15)
    at HttpRequest.emit (events.js:106:17)
    at IncomingMessage.&lt;anonymous&gt; (/usr/local/lib/node_modules/starrynight/node_modules/nightwatch/lib/http/request.js:150:16)
    at IncomingMessage.emit (events.js:117:20)
    at _stream_readable.js:943:16
    at process._tickCallback (node.js:419:13)</failure>

      <failure message="Testing if element &lt;table tbody tr:nth-child(1) .Sample_ID&gt; is present.">Testing if element &lt;table tbody tr:nth-child(1) .Sample_ID&gt; is present.: Expected &quot;present&quot; but got: &quot;null&quot;
    at Object.&lt;anonymous&gt; (/usr/local/lib/node_modules/starrynight/node_modules/nightwatch/lib/core/assertion.js:105:19)
    at HttpRequest.&lt;anonymous&gt; (/usr/local/lib/node_modules/starrynight/node_modules/nightwatch/lib/index.js:299:20)
    at HttpRequest.emit (events.js:98:17)
    at HttpRequest.&lt;anonymous&gt; (/usr/local/lib/node_modules/starrynight/node_modules/nightwatch/lib/index.js:346:15)
    at HttpRequest.emit (events.js:106:17)
    at IncomingMessage.&lt;anonymous&gt; (/usr/local/lib/node_modules/starrynight/node_modules/nightwatch/lib/http/request.js:150:16)
    at IncomingMessage.emit (events.js:117:20)
    at _stream_readable.js:943:16
    at process._tickCallback (node.js:419:13)</failure>

      <failure message="Testing if element &lt;table tbody tr:nth-child(1) .Timepoint&gt; is present.">Testing if element &lt;table tbody tr:nth-child(1) .Timepoint&gt; is present.: Expected &quot;present&quot; but got: &quot;null&quot;
    at Object.&lt;anonymous&gt; (/usr/local/lib/node_modules/starrynight/node_modules/nightwatch/lib/core/assertion.js:105:19)
    at HttpRequest.&lt;anonymous&gt; (/usr/local/lib/node_modules/starrynight/node_modules/nightwatch/lib/index.js:299:20)
    at HttpRequest.emit (events.js:98:17)
    at HttpRequest.&lt;anonymous&gt; (/usr/local/lib/node_modules/starrynight/node_modules/nightwatch/lib/index.js:346:15)
    at HttpRequest.emit (events.js:106:17)
    at IncomingMessage.&lt;anonymous&gt; (/usr/local/lib/node_modules/starrynight/node_modules/nightwatch/lib/http/request.js:150:16)
    at IncomingMessage.emit (events.js:117:20)
    at _stream_readable.js:943:16
    at process._tickCallback (node.js:419:13)</failure>

      <failure message="Testing if element &lt;table tbody tr:nth-child(1) .Procedure_Date&gt; is present.">Testing if element &lt;table tbody tr:nth-child(1) .Procedure_Date&gt; is present.: Expected &quot;present&quot; but got: &quot;null&quot;
    at Object.&lt;anonymous&gt; (/usr/local/lib/node_modules/starrynight/node_modules/nightwatch/lib/core/assertion.js:105:19)
    at HttpRequest.&lt;anonymous&gt; (/usr/local/lib/node_modules/starrynight/node_modules/nightwatch/lib/index.js:299:20)
    at HttpRequest.emit (events.js:98:17)
    at HttpRequest.&lt;anonymous&gt; (/usr/local/lib/node_modules/starrynight/node_modules/nightwatch/lib/index.js:346:15)
    at HttpRequest.emit (events.js:106:17)
    at IncomingMessage.&lt;anonymous&gt; (/usr/local/lib/node_modules/starrynight/node_modules/nightwatch/lib/http/request.js:150:16)
    at IncomingMessage.emit (events.js:117:20)
    at _stream_readable.js:943:16
    at process._tickCallback (node.js:419:13)</failure>

      <failure message="Testing if element &lt;table tbody tr:nth-child(1) .Attending_Radiologist&gt; is present.">Testing if element &lt;table tbody tr:nth-child(1) .Attending_Radiologist&gt; is present.: Expected &quot;present&quot; but got: &quot;null&quot;
    at Object.&lt;anonymous&gt; (/usr/local/lib/node_modules/starrynight/node_modules/nightwatch/lib/core/assertion.js:105:19)
    at HttpRequest.&lt;anonymous&gt; (/usr/local/lib/node_modules/starrynight/node_modules/nightwatch/lib/index.js:299:20)
    at HttpRequest.emit (events.js:98:17)
    at HttpRequest.&lt;anonymous&gt; (/usr/local/lib/node_modules/starrynight/node_modules/nightwatch/lib/index.js:346:15)
    at HttpRequest.emit (events.js:106:17)
    at IncomingMessage.&lt;anonymous&gt; (/usr/local/lib/node_modules/starrynight/node_modules/nightwatch/lib/http/request.js:150:16)
    at IncomingMessage.emit (events.js:117:20)
    at _stream_readable.js:943:16
    at process._tickCallback (node.js:419:13)</failure>

      <failure message="Testing if element &lt;table tbody tr:nth-child(1) .CRC_at_Collection&gt; is present.">Testing if element &lt;table tbody tr:nth-child(1) .CRC_at_Collection&gt; is present.: Expected &quot;present&quot; but got: &quot;null&quot;
    at Object.&lt;anonymous&gt; (/usr/local/lib/node_modules/starrynight/node_modules/nightwatch/lib/core/assertion.js:105:19)
    at HttpRequest.&lt;anonymous&gt; (/usr/local/lib/node_modules/starrynight/node_modules/nightwatch/lib/index.js:299:20)
    at HttpRequest.emit (events.js:98:17)
    at HttpRequest.&lt;anonymous&gt; (/usr/local/lib/node_modules/starrynight/node_modules/nightwatch/lib/index.js:346:15)
    at HttpRequest.emit (events.js:106:17)
    at IncomingMessage.&lt;anonymous&gt; (/usr/local/lib/node_modules/starrynight/node_modules/nightwatch/lib/http/request.js:150:16)
    at IncomingMessage.emit (events.js:117:20)
    at _stream_readable.js:943:16
    at process._tickCallback (node.js:419:13)</failure>

      <failure message="Testing if element &lt;table tbody tr:nth-child(1) .Number_of_Cores&gt; is present.">Testing if element &lt;table tbody tr:nth-child(1) .Number_of_Cores&gt; is present.: Expected &quot;present&quot; but got: &quot;null&quot;
    at Object.&lt;anonymous&gt; (/usr/local/lib/node_modules/starrynight/node_modules/nightwatch/lib/core/assertion.js:105:19)
    at HttpRequest.&lt;anonymous&gt; (/usr/local/lib/node_modules/starrynight/node_modules/nightwatch/lib/index.js:299:20)
    at HttpRequest.emit (events.js:98:17)
    at HttpRequest.&lt;anonymous&gt; (/usr/local/lib/node_modules/starrynight/node_modules/nightwatch/lib/index.js:346:15)
    at HttpRequest.emit (events.js:106:17)
    at IncomingMessage.&lt;anonymous&gt; (/usr/local/lib/node_modules/starrynight/node_modules/nightwatch/lib/http/request.js:150:16)
    at IncomingMessage.emit (events.js:117:20)
    at _stream_readable.js:943:16
    at process._tickCallback (node.js:419:13)</failure>

      <failure message="Testing if element &lt;table tbody tr:nth-child(1) .Cores&gt; is present.">Testing if element &lt;table tbody tr:nth-child(1) .Cores&gt; is present.: Expected &quot;present&quot; but got: &quot;null&quot;
    at Object.&lt;anonymous&gt; (/usr/local/lib/node_modules/starrynight/node_modules/nightwatch/lib/core/assertion.js:105:19)
    at HttpRequest.&lt;anonymous&gt; (/usr/local/lib/node_modules/starrynight/node_modules/nightwatch/lib/index.js:299:20)
    at HttpRequest.emit (events.js:98:17)
    at HttpRequest.&lt;anonymous&gt; (/usr/local/lib/node_modules/starrynight/node_modules/nightwatch/lib/index.js:346:15)
    at HttpRequest.emit (events.js:106:17)
    at IncomingMessage.&lt;anonymous&gt; (/usr/local/lib/node_modules/starrynight/node_modules/nightwatch/lib/http/request.js:150:16)
    at IncomingMessage.emit (events.js:117:20)
    at _stream_readable.js:943:16
    at process._tickCallback (node.js:419:13)</failure>

      <failure message="Testing if element &lt;table tbody tr:nth-child(1) .Fixed_Core_Ship_Date&gt; is present.">Testing if element &lt;table tbody tr:nth-child(1) .Fixed_Core_Ship_Date&gt; is present.: Expected &quot;present&quot; but got: &quot;null&quot;
    at Object.&lt;anonymous&gt; (/usr/local/lib/node_modules/starrynight/node_modules/nightwatch/lib/core/assertion.js:105:19)
    at HttpRequest.&lt;anonymous&gt; (/usr/local/lib/node_modules/starrynight/node_modules/nightwatch/lib/index.js:299:20)
    at HttpRequest.emit (events.js:98:17)
    at HttpRequest.&lt;anonymous&gt; (/usr/local/lib/node_modules/starrynight/node_modules/nightwatch/lib/index.js:346:15)
    at HttpRequest.emit (events.js:106:17)
    at IncomingMessage.&lt;anonymous&gt; (/usr/local/lib/node_modules/starrynight/node_modules/nightwatch/lib/http/request.js:150:16)
    at IncomingMessage.emit (events.js:117:20)
    at _stream_readable.js:943:16
    at process._tickCallback (node.js:419:13)</failure>

      <failure message="Testing if element &lt;table tbody tr:nth-child(1) .Freezer&gt; is present.">Testing if element &lt;table tbody tr:nth-child(1) .Freezer&gt; is present.: Expected &quot;present&quot; but got: &quot;null&quot;
    at Object.&lt;anonymous&gt; (/usr/local/lib/node_modules/starrynight/node_modules/nightwatch/lib/core/assertion.js:105:19)
    at HttpRequest.&lt;anonymous&gt; (/usr/local/lib/node_modules/starrynight/node_modules/nightwatch/lib/index.js:299:20)
    at HttpRequest.emit (events.js:98:17)
    at HttpRequest.&lt;anonymous&gt; (/usr/local/lib/node_modules/starrynight/node_modules/nightwatch/lib/index.js:346:15)
    at HttpRequest.emit (events.js:106:17)
    at IncomingMessage.&lt;anonymous&gt; (/usr/local/lib/node_modules/starrynight/node_modules/nightwatch/lib/http/request.js:150:16)
    at IncomingMessage.emit (events.js:117:20)
    at _stream_readable.js:943:16
    at process._tickCallback (node.js:419:13)</failure>

      <failure message="Testing if element &lt;table tbody tr:nth-child(1) .Box_ID&gt; is present.">Testing if element &lt;table tbody tr:nth-child(1) .Box_ID&gt; is present.: Expected &quot;present&quot; but got: &quot;null&quot;
    at Object.&lt;anonymous&gt; (/usr/local/lib/node_modules/starrynight/node_modules/nightwatch/lib/core/assertion.js:105:19)
    at HttpRequest.&lt;anonymous&gt; (/usr/local/lib/node_modules/starrynight/node_modules/nightwatch/lib/index.js:299:20)
    at HttpRequest.emit (events.js:98:17)
    at HttpRequest.&lt;anonymous&gt; (/usr/local/lib/node_modules/starrynight/node_modules/nightwatch/lib/index.js:346:15)
    at HttpRequest.emit (events.js:106:17)
    at IncomingMessage.&lt;anonymous&gt; (/usr/local/lib/node_modules/starrynight/node_modules/nightwatch/lib/http/request.js:150:16)
    at IncomingMessage.emit (events.js:117:20)
    at _stream_readable.js:943:16
    at process._tickCallback (node.js:419:13)</failure>

      <failure message="Testing if element &lt;table tbody tr:nth-child(1) .Core_Notes&gt; is present.">Testing if element &lt;table tbody tr:nth-child(1) .Core_Notes&gt; is present.: Expected &quot;present&quot; but got: &quot;null&quot;
    at Object.&lt;anonymous&gt; (/usr/local/lib/node_modules/starrynight/node_modules/nightwatch/lib/core/assertion.js:105:19)
    at HttpRequest.&lt;anonymous&gt; (/usr/local/lib/node_modules/starrynight/node_modules/nightwatch/lib/index.js:299:20)
    at HttpRequest.emit (events.js:98:17)
    at HttpRequest.&lt;anonymous&gt; (/usr/local/lib/node_modules/starrynight/node_modules/nightwatch/lib/index.js:346:15)
    at HttpRequest.emit (events.js:106:17)
    at IncomingMessage.&lt;anonymous&gt; (/usr/local/lib/node_modules/starrynight/node_modules/nightwatch/lib/http/request.js:150:16)
    at IncomingMessage.emit (events.js:117:20)
    at _stream_readable.js:943:16
    at process._tickCallback (node.js:419:13)</failure>

      <failure message="Testing if element &lt;table tbody tr:nth-child(1) .TimepointNotes&gt; is present.">Testing if element &lt;table tbody tr:nth-child(1) .TimepointNotes&gt; is present.: Expected &quot;present&quot; but got: &quot;null&quot;
    at Object.&lt;anonymous&gt; (/usr/local/lib/node_modules/starrynight/node_modules/nightwatch/lib/core/assertion.js:105:19)
    at HttpRequest.&lt;anonymous&gt; (/usr/local/lib/node_modules/starrynight/node_modules/nightwatch/lib/index.js:299:20)
    at HttpRequest.emit (events.js:98:17)
    at HttpRequest.&lt;anonymous&gt; (/usr/local/lib/node_modules/starrynight/node_modules/nightwatch/lib/index.js:346:15)
    at HttpRequest.emit (events.js:106:17)
    at IncomingMessage.&lt;anonymous&gt; (/usr/local/lib/node_modules/starrynight/node_modules/nightwatch/lib/http/request.js:150:16)
    at IncomingMessage.emit (events.js:117:20)
    at _stream_readable.js:943:16
    at process._tickCallback (node.js:419:13)</failure>

      <failure message="Testing if element &lt;table tbody tr:nth-child(1) .Sample_ID&gt; contains text: &quot;DTB-999&quot;. Element could not be located.">Testing if element &lt;table tbody tr:nth-child(1) .Sample_ID&gt; contains text: &quot;DTB-999&quot;. Element could not be located.: Expected &quot;DTB-999&quot; but got: &quot;null&quot;
    at Object.&lt;anonymous&gt; (/usr/local/lib/node_modules/starrynight/node_modules/nightwatch/lib/core/assertion.js:105:19)
    at Object.&lt;anonymous&gt; (/usr/local/lib/node_modules/starrynight/node_modules/nightwatch/lib/api/element-commands.js:341:22)
    at HttpRequest.&lt;anonymous&gt; (/usr/local/lib/node_modules/starrynight/node_modules/nightwatch/lib/index.js:299:20)
    at HttpRequest.emit (events.js:98:17)
    at HttpRequest.&lt;anonymous&gt; (/usr/local/lib/node_modules/starrynight/node_modules/nightwatch/lib/index.js:346:15)
    at HttpRequest.emit (events.js:106:17)
    at IncomingMessage.&lt;anonymous&gt; (/usr/local/lib/node_modules/starrynight/node_modules/nightwatch/lib/http/request.js:150:16)
    at IncomingMessage.emit (events.js:117:20)
    at _stream_readable.js:943:16
    at process._tickCallback (node.js:419:13)</failure>

      <failure message="Testing if element &lt;table tbody tr:nth-child(1) .Timepoint&gt; contains text: &quot;Baseline&quot;. Element could not be located.">Testing if element &lt;table tbody tr:nth-child(1) .Timepoint&gt; contains text: &quot;Baseline&quot;. Element could not be located.: Expected &quot;Baseline&quot; but got: &quot;null&quot;
    at Object.&lt;anonymous&gt; (/usr/local/lib/node_modules/starrynight/node_modules/nightwatch/lib/core/assertion.js:105:19)
    at Object.&lt;anonymous&gt; (/usr/local/lib/node_modules/starrynight/node_modules/nightwatch/lib/api/element-commands.js:341:22)
    at HttpRequest.&lt;anonymous&gt; (/usr/local/lib/node_modules/starrynight/node_modules/nightwatch/lib/index.js:299:20)
    at HttpRequest.emit (events.js:98:17)
    at HttpRequest.&lt;anonymous&gt; (/usr/local/lib/node_modules/starrynight/node_modules/nightwatch/lib/index.js:346:15)
    at HttpRequest.emit (events.js:106:17)
    at IncomingMessage.&lt;anonymous&gt; (/usr/local/lib/node_modules/starrynight/node_modules/nightwatch/lib/http/request.js:150:16)
    at IncomingMessage.emit (events.js:117:20)
    at _stream_readable.js:943:16
    at process._tickCallback (node.js:419:13)</failure>

      <failure message="Testing if element &lt;table tbody tr:nth-child(1) .Procedure_Date&gt; contains text: &quot;01/01/2015&quot;. Element could not be located.">Testing if element &lt;table tbody tr:nth-child(1) .Procedure_Date&gt; contains text: &quot;01/01/2015&quot;. Element could not be located.: Expected &quot;01/01/2015&quot; but got: &quot;null&quot;
    at Object.&lt;anonymous&gt; (/usr/local/lib/node_modules/starrynight/node_modules/nightwatch/lib/core/assertion.js:105:19)
    at Object.&lt;anonymous&gt; (/usr/local/lib/node_modules/starrynight/node_modules/nightwatch/lib/api/element-commands.js:341:22)
    at HttpRequest.&lt;anonymous&gt; (/usr/local/lib/node_modules/starrynight/node_modules/nightwatch/lib/index.js:299:20)
    at HttpRequest.emit (events.js:98:17)
    at HttpRequest.&lt;anonymous&gt; (/usr/local/lib/node_modules/starrynight/node_modules/nightwatch/lib/index.js:346:15)
    at HttpRequest.emit (events.js:106:17)
    at IncomingMessage.&lt;anonymous&gt; (/usr/local/lib/node_modules/starrynight/node_modules/nightwatch/lib/http/request.js:150:16)
    at IncomingMessage.emit (events.js:117:20)
    at _stream_readable.js:943:16
    at process._tickCallback (node.js:419:13)</failure>

      <failure message="Testing if element &lt;table tbody tr:nth-child(1) .Attending_Radiologist&gt; contains text: &quot;Dr. Foo&quot;. Element could not be located.">Testing if element &lt;table tbody tr:nth-child(1) .Attending_Radiologist&gt; contains text: &quot;Dr. Foo&quot;. Element could not be located.: Expected &quot;Dr. Foo&quot; but got: &quot;null&quot;
    at Object.&lt;anonymous&gt; (/usr/local/lib/node_modules/starrynight/node_modules/nightwatch/lib/core/assertion.js:105:19)
    at Object.&lt;anonymous&gt; (/usr/local/lib/node_modules/starrynight/node_modules/nightwatch/lib/api/element-commands.js:341:22)
    at HttpRequest.&lt;anonymous&gt; (/usr/local/lib/node_modules/starrynight/node_modules/nightwatch/lib/index.js:299:20)
    at HttpRequest.emit (events.js:98:17)
    at HttpRequest.&lt;anonymous&gt; (/usr/local/lib/node_modules/starrynight/node_modules/nightwatch/lib/index.js:346:15)
    at HttpRequest.emit (events.js:106:17)
    at IncomingMessage.&lt;anonymous&gt; (/usr/local/lib/node_modules/starrynight/node_modules/nightwatch/lib/http/request.js:150:16)
    at IncomingMessage.emit (events.js:117:20)
    at _stream_readable.js:943:16
    at process._tickCallback (node.js:419:13)</failure>

      <failure message="Testing if element &lt;table tbody tr:nth-child(1) .CRC_at_Collection&gt; contains text: &quot;Foo&quot;. Element could not be located.">Testing if element &lt;table tbody tr:nth-child(1) .CRC_at_Collection&gt; contains text: &quot;Foo&quot;. Element could not be located.: Expected &quot;Foo&quot; but got: &quot;null&quot;
    at Object.&lt;anonymous&gt; (/usr/local/lib/node_modules/starrynight/node_modules/nightwatch/lib/core/assertion.js:105:19)
    at Object.&lt;anonymous&gt; (/usr/local/lib/node_modules/starrynight/node_modules/nightwatch/lib/api/element-commands.js:341:22)
    at HttpRequest.&lt;anonymous&gt; (/usr/local/lib/node_modules/starrynight/node_modules/nightwatch/lib/index.js:299:20)
    at HttpRequest.emit (events.js:98:17)
    at HttpRequest.&lt;anonymous&gt; (/usr/local/lib/node_modules/starrynight/node_modules/nightwatch/lib/index.js:346:15)
    at HttpRequest.emit (events.js:106:17)
    at IncomingMessage.&lt;anonymous&gt; (/usr/local/lib/node_modules/starrynight/node_modules/nightwatch/lib/http/request.js:150:16)
    at IncomingMessage.emit (events.js:117:20)
    at _stream_readable.js:943:16
    at process._tickCallback (node.js:419:13)</failure>

      <failure message="Testing if element &lt;table tbody tr:nth-child(1) .Number_of_Cores&gt; contains text: &quot;1&quot;. Element could not be located.">Testing if element &lt;table tbody tr:nth-child(1) .Number_of_Cores&gt; contains text: &quot;1&quot;. Element could not be located.: Expected &quot;1&quot; but got: &quot;null&quot;
    at Object.&lt;anonymous&gt; (/usr/local/lib/node_modules/starrynight/node_modules/nightwatch/lib/core/assertion.js:105:19)
    at Object.&lt;anonymous&gt; (/usr/local/lib/node_modules/starrynight/node_modules/nightwatch/lib/api/element-commands.js:341:22)
    at HttpRequest.&lt;anonymous&gt; (/usr/local/lib/node_modules/starrynight/node_modules/nightwatch/lib/index.js:299:20)
    at HttpRequest.emit (events.js:98:17)
    at HttpRequest.&lt;anonymous&gt; (/usr/local/lib/node_modules/starrynight/node_modules/nightwatch/lib/index.js:346:15)
    at HttpRequest.emit (events.js:106:17)
    at IncomingMessage.&lt;anonymous&gt; (/usr/local/lib/node_modules/starrynight/node_modules/nightwatch/lib/http/request.js:150:16)
    at IncomingMessage.emit (events.js:117:20)
    at _stream_readable.js:943:16
    at process._tickCallback (node.js:419:13)</failure>

      <failure message="Testing if element &lt;table tbody tr:nth-child(1) .Cores&gt; contains text: &quot;Frozen&quot;. Element could not be located.">Testing if element &lt;table tbody tr:nth-child(1) .Cores&gt; contains text: &quot;Frozen&quot;. Element could not be located.: Expected &quot;Frozen&quot; but got: &quot;null&quot;
    at Object.&lt;anonymous&gt; (/usr/local/lib/node_modules/starrynight/node_modules/nightwatch/lib/core/assertion.js:105:19)
    at Object.&lt;anonymous&gt; (/usr/local/lib/node_modules/starrynight/node_modules/nightwatch/lib/api/element-commands.js:341:22)
    at HttpRequest.&lt;anonymous&gt; (/usr/local/lib/node_modules/starrynight/node_modules/nightwatch/lib/index.js:299:20)
    at HttpRequest.emit (events.js:98:17)
    at HttpRequest.&lt;anonymous&gt; (/usr/local/lib/node_modules/starrynight/node_modules/nightwatch/lib/index.js:346:15)
    at HttpRequest.emit (events.js:106:17)
    at IncomingMessage.&lt;anonymous&gt; (/usr/local/lib/node_modules/starrynight/node_modules/nightwatch/lib/http/request.js:150:16)
    at IncomingMessage.emit (events.js:117:20)
    at _stream_readable.js:943:16
    at process._tickCallback (node.js:419:13)</failure>

      <failure message="Testing if element &lt;table tbody tr:nth-child(1) .Fixed_Core_Ship_Date&gt; contains text: &quot;01/01/2015&quot;. Element could not be located.">Testing if element &lt;table tbody tr:nth-child(1) .Fixed_Core_Ship_Date&gt; contains text: &quot;01/01/2015&quot;. Element could not be located.: Expected &quot;01/01/2015&quot; but got: &quot;null&quot;
    at Object.&lt;anonymous&gt; (/usr/local/lib/node_modules/starrynight/node_modules/nightwatch/lib/core/assertion.js:105:19)
    at Object.&lt;anonymous&gt; (/usr/local/lib/node_modules/starrynight/node_modules/nightwatch/lib/api/element-commands.js:341:22)
    at HttpRequest.&lt;anonymous&gt; (/usr/local/lib/node_modules/starrynight/node_modules/nightwatch/lib/index.js:299:20)
    at HttpRequest.emit (events.js:98:17)
    at HttpRequest.&lt;anonymous&gt; (/usr/local/lib/node_modules/starrynight/node_modules/nightwatch/lib/index.js:346:15)
    at HttpRequest.emit (events.js:106:17)
    at IncomingMessage.&lt;anonymous&gt; (/usr/local/lib/node_modules/starrynight/node_modules/nightwatch/lib/http/request.js:150:16)
    at IncomingMessage.emit (events.js:117:20)
    at _stream_readable.js:943:16
    at process._tickCallback (node.js:419:13)</failure>

      <failure message="Testing if element &lt;table tbody tr:nth-child(1) .Freezer&gt; contains text: &quot;foo&quot;. Element could not be located.">Testing if element &lt;table tbody tr:nth-child(1) .Freezer&gt; contains text: &quot;foo&quot;. Element could not be located.: Expected &quot;foo&quot; but got: &quot;null&quot;
    at Object.&lt;anonymous&gt; (/usr/local/lib/node_modules/starrynight/node_modules/nightwatch/lib/core/assertion.js:105:19)
    at Object.&lt;anonymous&gt; (/usr/local/lib/node_modules/starrynight/node_modules/nightwatch/lib/api/element-commands.js:341:22)
    at HttpRequest.&lt;anonymous&gt; (/usr/local/lib/node_modules/starrynight/node_modules/nightwatch/lib/index.js:299:20)
    at HttpRequest.emit (events.js:98:17)
    at HttpRequest.&lt;anonymous&gt; (/usr/local/lib/node_modules/starrynight/node_modules/nightwatch/lib/index.js:346:15)
    at HttpRequest.emit (events.js:106:17)
    at IncomingMessage.&lt;anonymous&gt; (/usr/local/lib/node_modules/starrynight/node_modules/nightwatch/lib/http/request.js:150:16)
    at IncomingMessage.emit (events.js:117:20)
    at _stream_readable.js:943:16
    at process._tickCallback (node.js:419:13)</failure>

      <failure message="Testing if element &lt;table tbody tr:nth-child(1) .Box_ID&gt; contains text: &quot;foo123&quot;. Element could not be located.">Testing if element &lt;table tbody tr:nth-child(1) .Box_ID&gt; contains text: &quot;foo123&quot;. Element could not be located.: Expected &quot;foo123&quot; but got: &quot;null&quot;
    at Object.&lt;anonymous&gt; (/usr/local/lib/node_modules/starrynight/node_modules/nightwatch/lib/core/assertion.js:105:19)
    at Object.&lt;anonymous&gt; (/usr/local/lib/node_modules/starrynight/node_modules/nightwatch/lib/api/element-commands.js:341:22)
    at HttpRequest.&lt;anonymous&gt; (/usr/local/lib/node_modules/starrynight/node_modules/nightwatch/lib/index.js:299:20)
    at HttpRequest.emit (events.js:98:17)
    at HttpRequest.&lt;anonymous&gt; (/usr/local/lib/node_modules/starrynight/node_modules/nightwatch/lib/index.js:346:15)
    at HttpRequest.emit (events.js:106:17)
    at IncomingMessage.&lt;anonymous&gt; (/usr/local/lib/node_modules/starrynight/node_modules/nightwatch/lib/http/request.js:150:16)
    at IncomingMessage.emit (events.js:117:20)
    at _stream_readable.js:943:16
    at process._tickCallback (node.js:419:13)</failure>

      <failure message="Testing if element &lt;table tbody tr:nth-child(1) .Core_Notes&gt; contains text: &quot;lorem ipsum&quot;. Element could not be located.">Testing if element &lt;table tbody tr:nth-child(1) .Core_Notes&gt; contains text: &quot;lorem ipsum&quot;. Element could not be located.: Expected &quot;lorem ipsum&quot; but got: &quot;null&quot;
    at Object.&lt;anonymous&gt; (/usr/local/lib/node_modules/starrynight/node_modules/nightwatch/lib/core/assertion.js:105:19)
    at Object.&lt;anonymous&gt; (/usr/local/lib/node_modules/starrynight/node_modules/nightwatch/lib/api/element-commands.js:341:22)
    at HttpRequest.&lt;anonymous&gt; (/usr/local/lib/node_modules/starrynight/node_modules/nightwatch/lib/index.js:299:20)
    at HttpRequest.emit (events.js:98:17)
    at HttpRequest.&lt;anonymous&gt; (/usr/local/lib/node_modules/starrynight/node_modules/nightwatch/lib/index.js:346:15)
    at HttpRequest.emit (events.js:106:17)
    at IncomingMessage.&lt;anonymous&gt; (/usr/local/lib/node_modules/starrynight/node_modules/nightwatch/lib/http/request.js:150:16)
    at IncomingMessage.emit (events.js:117:20)
    at _stream_readable.js:943:16
    at process._tickCallback (node.js:419:13)</failure>

      <failure message="Testing if element &lt;table tbody tr:nth-child(1) .TimepointNotes&gt; contains text: &quot;lorem ipsum&quot;. Element could not be located.">Testing if element &lt;table tbody tr:nth-child(1) .TimepointNotes&gt; contains text: &quot;lorem ipsum&quot;. Element could not be located.: Expected &quot;lorem ipsum&quot; but got: &quot;null&quot;
    at Object.&lt;anonymous&gt; (/usr/local/lib/node_modules/starrynight/node_modules/nightwatch/lib/core/assertion.js:105:19)
    at Object.&lt;anonymous&gt; (/usr/local/lib/node_modules/starrynight/node_modules/nightwatch/lib/api/element-commands.js:341:22)
    at HttpRequest.&lt;anonymous&gt; (/usr/local/lib/node_modules/starrynight/node_modules/nightwatch/lib/index.js:299:20)
    at HttpRequest.emit (events.js:98:17)
    at HttpRequest.&lt;anonymous&gt; (/usr/local/lib/node_modules/starrynight/node_modules/nightwatch/lib/index.js:346:15)
    at HttpRequest.emit (events.js:106:17)
    at IncomingMessage.&lt;anonymous&gt; (/usr/local/lib/node_modules/starrynight/node_modules/nightwatch/lib/http/request.js:150:16)
    at IncomingMessage.emit (events.js:117:20)
    at _stream_readable.js:943:16
    at process._tickCallback (node.js:419:13)</failure>

    
    </testcase>
  
    <testcase name="Blood Specimen Form" time="12.97" assertions="25">

    

    

    

    

    

    

    

    

    

    

    

    

    

    

      <failure message="Testing if element &lt;table tbody tr&gt; is present.">Testing if element &lt;table tbody tr&gt; is present.: Expected &quot;present&quot; but got: &quot;null&quot;
    at Object.&lt;anonymous&gt; (/usr/local/lib/node_modules/starrynight/node_modules/nightwatch/lib/core/assertion.js:105:19)
    at HttpRequest.&lt;anonymous&gt; (/usr/local/lib/node_modules/starrynight/node_modules/nightwatch/lib/index.js:299:20)
    at HttpRequest.emit (events.js:98:17)
    at HttpRequest.&lt;anonymous&gt; (/usr/local/lib/node_modules/starrynight/node_modules/nightwatch/lib/index.js:346:15)
    at HttpRequest.emit (events.js:106:17)
    at IncomingMessage.&lt;anonymous&gt; (/usr/local/lib/node_modules/starrynight/node_modules/nightwatch/lib/http/request.js:150:16)
    at IncomingMessage.emit (events.js:117:20)
    at _stream_readable.js:943:16
    at process._tickCallback (node.js:419:13)</failure>

      <failure message="Testing if element &lt;table tbody tr:nth-child(1)&gt; is present.">Testing if element &lt;table tbody tr:nth-child(1)&gt; is present.: Expected &quot;present&quot; but got: &quot;null&quot;
    at Object.&lt;anonymous&gt; (/usr/local/lib/node_modules/starrynight/node_modules/nightwatch/lib/core/assertion.js:105:19)
    at HttpRequest.&lt;anonymous&gt; (/usr/local/lib/node_modules/starrynight/node_modules/nightwatch/lib/index.js:299:20)
    at HttpRequest.emit (events.js:98:17)
    at HttpRequest.&lt;anonymous&gt; (/usr/local/lib/node_modules/starrynight/node_modules/nightwatch/lib/index.js:346:15)
    at HttpRequest.emit (events.js:106:17)
    at IncomingMessage.&lt;anonymous&gt; (/usr/local/lib/node_modules/starrynight/node_modules/nightwatch/lib/http/request.js:150:16)
    at IncomingMessage.emit (events.js:117:20)
    at _stream_readable.js:943:16
    at process._tickCallback (node.js:419:13)</failure>

      <failure message="Testing if element &lt;table tbody tr:nth-child(1) .Patient_ID&gt; is present.">Testing if element &lt;table tbody tr:nth-child(1) .Patient_ID&gt; is present.: Expected &quot;present&quot; but got: &quot;null&quot;
    at Object.&lt;anonymous&gt; (/usr/local/lib/node_modules/starrynight/node_modules/nightwatch/lib/core/assertion.js:105:19)
    at HttpRequest.&lt;anonymous&gt; (/usr/local/lib/node_modules/starrynight/node_modules/nightwatch/lib/index.js:299:20)
    at HttpRequest.emit (events.js:98:17)
    at HttpRequest.&lt;anonymous&gt; (/usr/local/lib/node_modules/starrynight/node_modules/nightwatch/lib/index.js:346:15)
    at HttpRequest.emit (events.js:106:17)
    at IncomingMessage.&lt;anonymous&gt; (/usr/local/lib/node_modules/starrynight/node_modules/nightwatch/lib/http/request.js:150:16)
    at IncomingMessage.emit (events.js:117:20)
    at _stream_readable.js:943:16
    at process._tickCallback (node.js:419:13)</failure>

      <failure message="Testing if element &lt;table tbody tr:nth-child(1) .Timepoint&gt; is present.">Testing if element &lt;table tbody tr:nth-child(1) .Timepoint&gt; is present.: Expected &quot;present&quot; but got: &quot;null&quot;
    at Object.&lt;anonymous&gt; (/usr/local/lib/node_modules/starrynight/node_modules/nightwatch/lib/core/assertion.js:105:19)
    at HttpRequest.&lt;anonymous&gt; (/usr/local/lib/node_modules/starrynight/node_modules/nightwatch/lib/index.js:299:20)
    at HttpRequest.emit (events.js:98:17)
    at HttpRequest.&lt;anonymous&gt; (/usr/local/lib/node_modules/starrynight/node_modules/nightwatch/lib/index.js:346:15)
    at HttpRequest.emit (events.js:106:17)
    at IncomingMessage.&lt;anonymous&gt; (/usr/local/lib/node_modules/starrynight/node_modules/nightwatch/lib/http/request.js:150:16)
    at IncomingMessage.emit (events.js:117:20)
    at _stream_readable.js:943:16
    at process._tickCallback (node.js:419:13)</failure>

      <failure message="Testing if element &lt;table tbody tr:nth-child(1) .Draw_Date&gt; is present.">Testing if element &lt;table tbody tr:nth-child(1) .Draw_Date&gt; is present.: Expected &quot;present&quot; but got: &quot;null&quot;
    at Object.&lt;anonymous&gt; (/usr/local/lib/node_modules/starrynight/node_modules/nightwatch/lib/core/assertion.js:105:19)
    at HttpRequest.&lt;anonymous&gt; (/usr/local/lib/node_modules/starrynight/node_modules/nightwatch/lib/index.js:299:20)
    at HttpRequest.emit (events.js:98:17)
    at HttpRequest.&lt;anonymous&gt; (/usr/local/lib/node_modules/starrynight/node_modules/nightwatch/lib/index.js:346:15)
    at HttpRequest.emit (events.js:106:17)
    at IncomingMessage.&lt;anonymous&gt; (/usr/local/lib/node_modules/starrynight/node_modules/nightwatch/lib/http/request.js:150:16)
    at IncomingMessage.emit (events.js:117:20)
    at _stream_readable.js:943:16
    at process._tickCallback (node.js:419:13)</failure>

      <failure message="Testing if element &lt;table tbody tr:nth-child(1) .CRC_at_Collection&gt; is present.">Testing if element &lt;table tbody tr:nth-child(1) .CRC_at_Collection&gt; is present.: Expected &quot;present&quot; but got: &quot;null&quot;
    at Object.&lt;anonymous&gt; (/usr/local/lib/node_modules/starrynight/node_modules/nightwatch/lib/core/assertion.js:105:19)
    at HttpRequest.&lt;anonymous&gt; (/usr/local/lib/node_modules/starrynight/node_modules/nightwatch/lib/index.js:299:20)
    at HttpRequest.emit (events.js:98:17)
    at HttpRequest.&lt;anonymous&gt; (/usr/local/lib/node_modules/starrynight/node_modules/nightwatch/lib/index.js:346:15)
    at HttpRequest.emit (events.js:106:17)
    at IncomingMessage.&lt;anonymous&gt; (/usr/local/lib/node_modules/starrynight/node_modules/nightwatch/lib/http/request.js:150:16)
    at IncomingMessage.emit (events.js:117:20)
    at _stream_readable.js:943:16
    at process._tickCallback (node.js:419:13)</failure>

      <failure message="Testing if element &lt;table tbody tr:nth-child(1) .Patient_ID&gt; contains text: &quot;&quot;. Element could not be located.">Testing if element &lt;table tbody tr:nth-child(1) .Patient_ID&gt; contains text: &quot;&quot;. Element could not be located.: Expected &quot;&quot; but got: &quot;null&quot;
    at Object.&lt;anonymous&gt; (/usr/local/lib/node_modules/starrynight/node_modules/nightwatch/lib/core/assertion.js:105:19)
    at Object.&lt;anonymous&gt; (/usr/local/lib/node_modules/starrynight/node_modules/nightwatch/lib/api/element-commands.js:341:22)
    at HttpRequest.&lt;anonymous&gt; (/usr/local/lib/node_modules/starrynight/node_modules/nightwatch/lib/index.js:299:20)
    at HttpRequest.emit (events.js:98:17)
    at HttpRequest.&lt;anonymous&gt; (/usr/local/lib/node_modules/starrynight/node_modules/nightwatch/lib/index.js:346:15)
    at HttpRequest.emit (events.js:106:17)
    at IncomingMessage.&lt;anonymous&gt; (/usr/local/lib/node_modules/starrynight/node_modules/nightwatch/lib/http/request.js:150:16)
    at IncomingMessage.emit (events.js:117:20)
    at _stream_readable.js:943:16
    at process._tickCallback (node.js:419:13)</failure>

      <failure message="Testing if element &lt;table tbody tr:nth-child(1) .Timepoint&gt; contains text: &quot;&quot;. Element could not be located.">Testing if element &lt;table tbody tr:nth-child(1) .Timepoint&gt; contains text: &quot;&quot;. Element could not be located.: Expected &quot;&quot; but got: &quot;null&quot;
    at Object.&lt;anonymous&gt; (/usr/local/lib/node_modules/starrynight/node_modules/nightwatch/lib/core/assertion.js:105:19)
    at Object.&lt;anonymous&gt; (/usr/local/lib/node_modules/starrynight/node_modules/nightwatch/lib/api/element-commands.js:341:22)
    at HttpRequest.&lt;anonymous&gt; (/usr/local/lib/node_modules/starrynight/node_modules/nightwatch/lib/index.js:299:20)
    at HttpRequest.emit (events.js:98:17)
    at HttpRequest.&lt;anonymous&gt; (/usr/local/lib/node_modules/starrynight/node_modules/nightwatch/lib/index.js:346:15)
    at HttpRequest.emit (events.js:106:17)
    at IncomingMessage.&lt;anonymous&gt; (/usr/local/lib/node_modules/starrynight/node_modules/nightwatch/lib/http/request.js:150:16)
    at IncomingMessage.emit (events.js:117:20)
    at _stream_readable.js:943:16
    at process._tickCallback (node.js:419:13)</failure>

      <failure message="Testing if element &lt;table tbody tr:nth-child(1) .Draw_Date&gt; contains text: &quot;&quot;. Element could not be located.">Testing if element &lt;table tbody tr:nth-child(1) .Draw_Date&gt; contains text: &quot;&quot;. Element could not be located.: Expected &quot;&quot; but got: &quot;null&quot;
    at Object.&lt;anonymous&gt; (/usr/local/lib/node_modules/starrynight/node_modules/nightwatch/lib/core/assertion.js:105:19)
    at Object.&lt;anonymous&gt; (/usr/local/lib/node_modules/starrynight/node_modules/nightwatch/lib/api/element-commands.js:341:22)
    at HttpRequest.&lt;anonymous&gt; (/usr/local/lib/node_modules/starrynight/node_modules/nightwatch/lib/index.js:299:20)
    at HttpRequest.emit (events.js:98:17)
    at HttpRequest.&lt;anonymous&gt; (/usr/local/lib/node_modules/starrynight/node_modules/nightwatch/lib/index.js:346:15)
    at HttpRequest.emit (events.js:106:17)
    at IncomingMessage.&lt;anonymous&gt; (/usr/local/lib/node_modules/starrynight/node_modules/nightwatch/lib/http/request.js:150:16)
    at IncomingMessage.emit (events.js:117:20)
    at _stream_readable.js:943:16
    at process._tickCallback (node.js:419:13)</failure>

      <failure message="Testing if element &lt;table tbody tr:nth-child(1) .CRC_at_Collection&gt; contains text: &quot;&quot;. Element could not be located.">Testing if element &lt;table tbody tr:nth-child(1) .CRC_at_Collection&gt; contains text: &quot;&quot;. Element could not be located.: Expected &quot;&quot; but got: &quot;null&quot;
    at Object.&lt;anonymous&gt; (/usr/local/lib/node_modules/starrynight/node_modules/nightwatch/lib/core/assertion.js:105:19)
    at Object.&lt;anonymous&gt; (/usr/local/lib/node_modules/starrynight/node_modules/nightwatch/lib/api/element-commands.js:341:22)
    at HttpRequest.&lt;anonymous&gt; (/usr/local/lib/node_modules/starrynight/node_modules/nightwatch/lib/index.js:299:20)
    at HttpRequest.emit (events.js:98:17)
    at HttpRequest.&lt;anonymous&gt; (/usr/local/lib/node_modules/starrynight/node_modules/nightwatch/lib/index.js:346:15)
    at HttpRequest.emit (events.js:106:17)
    at IncomingMessage.&lt;anonymous&gt; (/usr/local/lib/node_modules/starrynight/node_modules/nightwatch/lib/http/request.js:150:16)
    at IncomingMessage.emit (events.js:117:20)
    at _stream_readable.js:943:16
    at process._tickCallback (node.js:419:13)</failure>

    
    </testcase>
  
    <testcase name="Histological Assessment Form" time="28.25" assertions="45">

    

    

    

    

    

    

    

    

    

    

    

    

    

    

    

    

    

    

      <failure message="Testing if element &lt;table tbody tr&gt; is present.">Testing if element &lt;table tbody tr&gt; is present.: Expected &quot;present&quot; but got: &quot;null&quot;
    at Object.&lt;anonymous&gt; (/usr/local/lib/node_modules/starrynight/node_modules/nightwatch/lib/core/assertion.js:105:19)
    at HttpRequest.&lt;anonymous&gt; (/usr/local/lib/node_modules/starrynight/node_modules/nightwatch/lib/index.js:299:20)
    at HttpRequest.emit (events.js:98:17)
    at HttpRequest.&lt;anonymous&gt; (/usr/local/lib/node_modules/starrynight/node_modules/nightwatch/lib/index.js:346:15)
    at HttpRequest.emit (events.js:106:17)
    at IncomingMessage.&lt;anonymous&gt; (/usr/local/lib/node_modules/starrynight/node_modules/nightwatch/lib/http/request.js:150:16)
    at IncomingMessage.emit (events.js:117:20)
    at _stream_readable.js:943:16
    at process._tickCallback (node.js:419:13)</failure>

      <failure message="Testing if element &lt;table tbody tr:nth-child(1)&gt; is present.">Testing if element &lt;table tbody tr:nth-child(1)&gt; is present.: Expected &quot;present&quot; but got: &quot;null&quot;
    at Object.&lt;anonymous&gt; (/usr/local/lib/node_modules/starrynight/node_modules/nightwatch/lib/core/assertion.js:105:19)
    at HttpRequest.&lt;anonymous&gt; (/usr/local/lib/node_modules/starrynight/node_modules/nightwatch/lib/index.js:299:20)
    at HttpRequest.emit (events.js:98:17)
    at HttpRequest.&lt;anonymous&gt; (/usr/local/lib/node_modules/starrynight/node_modules/nightwatch/lib/index.js:346:15)
    at HttpRequest.emit (events.js:106:17)
    at IncomingMessage.&lt;anonymous&gt; (/usr/local/lib/node_modules/starrynight/node_modules/nightwatch/lib/http/request.js:150:16)
    at IncomingMessage.emit (events.js:117:20)
    at _stream_readable.js:943:16
    at process._tickCallback (node.js:419:13)</failure>

      <failure message="Testing if element &lt;table tbody tr:nth-child(1) .Sample_ID&gt; is present.">Testing if element &lt;table tbody tr:nth-child(1) .Sample_ID&gt; is present.: Expected &quot;present&quot; but got: &quot;null&quot;
    at Object.&lt;anonymous&gt; (/usr/local/lib/node_modules/starrynight/node_modules/nightwatch/lib/core/assertion.js:105:19)
    at HttpRequest.&lt;anonymous&gt; (/usr/local/lib/node_modules/starrynight/node_modules/nightwatch/lib/index.js:299:20)
    at HttpRequest.emit (events.js:98:17)
    at HttpRequest.&lt;anonymous&gt; (/usr/local/lib/node_modules/starrynight/node_modules/nightwatch/lib/index.js:346:15)
    at HttpRequest.emit (events.js:106:17)
    at IncomingMessage.&lt;anonymous&gt; (/usr/local/lib/node_modules/starrynight/node_modules/nightwatch/lib/http/request.js:150:16)
    at IncomingMessage.emit (events.js:117:20)
    at _stream_readable.js:943:16
    at process._tickCallback (node.js:419:13)</failure>

      <failure message="Testing if element &lt;table tbody tr:nth-child(1) .Cores&gt; is present.">Testing if element &lt;table tbody tr:nth-child(1) .Cores&gt; is present.: Expected &quot;present&quot; but got: &quot;null&quot;
    at Object.&lt;anonymous&gt; (/usr/local/lib/node_modules/starrynight/node_modules/nightwatch/lib/core/assertion.js:105:19)
    at HttpRequest.&lt;anonymous&gt; (/usr/local/lib/node_modules/starrynight/node_modules/nightwatch/lib/index.js:299:20)
    at HttpRequest.emit (events.js:98:17)
    at HttpRequest.&lt;anonymous&gt; (/usr/local/lib/node_modules/starrynight/node_modules/nightwatch/lib/index.js:346:15)
    at HttpRequest.emit (events.js:106:17)
    at IncomingMessage.&lt;anonymous&gt; (/usr/local/lib/node_modules/starrynight/node_modules/nightwatch/lib/http/request.js:150:16)
    at IncomingMessage.emit (events.js:117:20)
    at _stream_readable.js:943:16
    at process._tickCallback (node.js:419:13)</failure>

      <failure message="Testing if element &lt;table tbody tr:nth-child(1) .Cores table tbody&gt; is present.">Testing if element &lt;table tbody tr:nth-child(1) .Cores table tbody&gt; is present.: Expected &quot;present&quot; but got: &quot;null&quot;
    at Object.&lt;anonymous&gt; (/usr/local/lib/node_modules/starrynight/node_modules/nightwatch/lib/core/assertion.js:105:19)
    at HttpRequest.&lt;anonymous&gt; (/usr/local/lib/node_modules/starrynight/node_modules/nightwatch/lib/index.js:299:20)
    at HttpRequest.emit (events.js:98:17)
    at HttpRequest.&lt;anonymous&gt; (/usr/local/lib/node_modules/starrynight/node_modules/nightwatch/lib/index.js:346:15)
    at HttpRequest.emit (events.js:106:17)
    at IncomingMessage.&lt;anonymous&gt; (/usr/local/lib/node_modules/starrynight/node_modules/nightwatch/lib/http/request.js:150:16)
    at IncomingMessage.emit (events.js:117:20)
    at _stream_readable.js:943:16
    at process._tickCallback (node.js:419:13)</failure>

      <failure message="Testing if element &lt;table tbody tr:nth-child(1) .Cores table tbody tr:nth-child(1) td:nth-child(1)&gt; is present.">Testing if element &lt;table tbody tr:nth-child(1) .Cores table tbody tr:nth-child(1) td:nth-child(1)&gt; is present.: Expected &quot;present&quot; but got: &quot;null&quot;
    at Object.&lt;anonymous&gt; (/usr/local/lib/node_modules/starrynight/node_modules/nightwatch/lib/core/assertion.js:105:19)
    at HttpRequest.&lt;anonymous&gt; (/usr/local/lib/node_modules/starrynight/node_modules/nightwatch/lib/index.js:299:20)
    at HttpRequest.emit (events.js:98:17)
    at HttpRequest.&lt;anonymous&gt; (/usr/local/lib/node_modules/starrynight/node_modules/nightwatch/lib/index.js:346:15)
    at HttpRequest.emit (events.js:106:17)
    at IncomingMessage.&lt;anonymous&gt; (/usr/local/lib/node_modules/starrynight/node_modules/nightwatch/lib/http/request.js:150:16)
    at IncomingMessage.emit (events.js:117:20)
    at _stream_readable.js:943:16
    at process._tickCallback (node.js:419:13)</failure>

      <failure message="Testing if element &lt;table tbody tr:nth-child(1) .Cores table tbody tr:nth-child(1) td:nth-child(2)&gt; is present.">Testing if element &lt;table tbody tr:nth-child(1) .Cores table tbody tr:nth-child(1) td:nth-child(2)&gt; is present.: Expected &quot;present&quot; but got: &quot;null&quot;
    at Object.&lt;anonymous&gt; (/usr/local/lib/node_modules/starrynight/node_modules/nightwatch/lib/core/assertion.js:105:19)
    at HttpRequest.&lt;anonymous&gt; (/usr/local/lib/node_modules/starrynight/node_modules/nightwatch/lib/index.js:299:20)
    at HttpRequest.emit (events.js:98:17)
    at HttpRequest.&lt;anonymous&gt; (/usr/local/lib/node_modules/starrynight/node_modules/nightwatch/lib/index.js:346:15)
    at HttpRequest.emit (events.js:106:17)
    at IncomingMessage.&lt;anonymous&gt; (/usr/local/lib/node_modules/starrynight/node_modules/nightwatch/lib/http/request.js:150:16)
    at IncomingMessage.emit (events.js:117:20)
    at _stream_readable.js:943:16
    at process._tickCallback (node.js:419:13)</failure>

      <failure message="Testing if element &lt;table tbody tr:nth-child(1) .Cores table tbody tr:nth-child(2) td:nth-child(1)&gt; is present.">Testing if element &lt;table tbody tr:nth-child(1) .Cores table tbody tr:nth-child(2) td:nth-child(1)&gt; is present.: Expected &quot;present&quot; but got: &quot;null&quot;
    at Object.&lt;anonymous&gt; (/usr/local/lib/node_modules/starrynight/node_modules/nightwatch/lib/core/assertion.js:105:19)
    at HttpRequest.&lt;anonymous&gt; (/usr/local/lib/node_modules/starrynight/node_modules/nightwatch/lib/index.js:299:20)
    at HttpRequest.emit (events.js:98:17)
    at HttpRequest.&lt;anonymous&gt; (/usr/local/lib/node_modules/starrynight/node_modules/nightwatch/lib/index.js:346:15)
    at HttpRequest.emit (events.js:106:17)
    at IncomingMessage.&lt;anonymous&gt; (/usr/local/lib/node_modules/starrynight/node_modules/nightwatch/lib/http/request.js:150:16)
    at IncomingMessage.emit (events.js:117:20)
    at _stream_readable.js:943:16
    at process._tickCallback (node.js:419:13)</failure>

      <failure message="Testing if element &lt;table tbody tr:nth-child(1) .Cores table tbody tr:nth-child(2) td:nth-child(2)&gt; is present.">Testing if element &lt;table tbody tr:nth-child(1) .Cores table tbody tr:nth-child(2) td:nth-child(2)&gt; is present.: Expected &quot;present&quot; but got: &quot;null&quot;
    at Object.&lt;anonymous&gt; (/usr/local/lib/node_modules/starrynight/node_modules/nightwatch/lib/core/assertion.js:105:19)
    at HttpRequest.&lt;anonymous&gt; (/usr/local/lib/node_modules/starrynight/node_modules/nightwatch/lib/index.js:299:20)
    at HttpRequest.emit (events.js:98:17)
    at HttpRequest.&lt;anonymous&gt; (/usr/local/lib/node_modules/starrynight/node_modules/nightwatch/lib/index.js:346:15)
    at HttpRequest.emit (events.js:106:17)
    at IncomingMessage.&lt;anonymous&gt; (/usr/local/lib/node_modules/starrynight/node_modules/nightwatch/lib/http/request.js:150:16)
    at IncomingMessage.emit (events.js:117:20)
    at _stream_readable.js:943:16
    at process._tickCallback (node.js:419:13)</failure>

      <failure message="Testing if element &lt;table tbody tr:nth-child(1) .Cores table tbody tr:nth-child(3) td:nth-child(1)&gt; is present.">Testing if element &lt;table tbody tr:nth-child(1) .Cores table tbody tr:nth-child(3) td:nth-child(1)&gt; is present.: Expected &quot;present&quot; but got: &quot;null&quot;
    at Object.&lt;anonymous&gt; (/usr/local/lib/node_modules/starrynight/node_modules/nightwatch/lib/core/assertion.js:105:19)
    at HttpRequest.&lt;anonymous&gt; (/usr/local/lib/node_modules/starrynight/node_modules/nightwatch/lib/index.js:299:20)
    at HttpRequest.emit (events.js:98:17)
    at HttpRequest.&lt;anonymous&gt; (/usr/local/lib/node_modules/starrynight/node_modules/nightwatch/lib/index.js:346:15)
    at HttpRequest.emit (events.js:106:17)
    at IncomingMessage.&lt;anonymous&gt; (/usr/local/lib/node_modules/starrynight/node_modules/nightwatch/lib/http/request.js:150:16)
    at IncomingMessage.emit (events.js:117:20)
    at _stream_readable.js:943:16
    at process._tickCallback (node.js:419:13)</failure>

      <failure message="Testing if element &lt;table tbody tr:nth-child(1) .Cores table tbody tr:nth-child(3) td:nth-child(2)&gt; is present.">Testing if element &lt;table tbody tr:nth-child(1) .Cores table tbody tr:nth-child(3) td:nth-child(2)&gt; is present.: Expected &quot;present&quot; but got: &quot;null&quot;
    at Object.&lt;anonymous&gt; (/usr/local/lib/node_modules/starrynight/node_modules/nightwatch/lib/core/assertion.js:105:19)
    at HttpRequest.&lt;anonymous&gt; (/usr/local/lib/node_modules/starrynight/node_modules/nightwatch/lib/index.js:299:20)
    at HttpRequest.emit (events.js:98:17)
    at HttpRequest.&lt;anonymous&gt; (/usr/local/lib/node_modules/starrynight/node_modules/nightwatch/lib/index.js:346:15)
    at HttpRequest.emit (events.js:106:17)
    at IncomingMessage.&lt;anonymous&gt; (/usr/local/lib/node_modules/starrynight/node_modules/nightwatch/lib/http/request.js:150:16)
    at IncomingMessage.emit (events.js:117:20)
    at _stream_readable.js:943:16
    at process._tickCallback (node.js:419:13)</failure>

      <failure message="Testing if element &lt;table tbody tr:nth-child(1) .Cores table tbody tr:nth-child(4) td:nth-child(1)&gt; is present.">Testing if element &lt;table tbody tr:nth-child(1) .Cores table tbody tr:nth-child(4) td:nth-child(1)&gt; is present.: Expected &quot;present&quot; but got: &quot;null&quot;
    at Object.&lt;anonymous&gt; (/usr/local/lib/node_modules/starrynight/node_modules/nightwatch/lib/core/assertion.js:105:19)
    at HttpRequest.&lt;anonymous&gt; (/usr/local/lib/node_modules/starrynight/node_modules/nightwatch/lib/index.js:299:20)
    at HttpRequest.emit (events.js:98:17)
    at HttpRequest.&lt;anonymous&gt; (/usr/local/lib/node_modules/starrynight/node_modules/nightwatch/lib/index.js:346:15)
    at HttpRequest.emit (events.js:106:17)
    at IncomingMessage.&lt;anonymous&gt; (/usr/local/lib/node_modules/starrynight/node_modules/nightwatch/lib/http/request.js:150:16)
    at IncomingMessage.emit (events.js:117:20)
    at _stream_readable.js:943:16
    at process._tickCallback (node.js:419:13)</failure>

      <failure message="Testing if element &lt;table tbody tr:nth-child(1) .Cores table tbody tr:nth-child(4) td:nth-child(2)&gt; is present.">Testing if element &lt;table tbody tr:nth-child(1) .Cores table tbody tr:nth-child(4) td:nth-child(2)&gt; is present.: Expected &quot;present&quot; but got: &quot;null&quot;
    at Object.&lt;anonymous&gt; (/usr/local/lib/node_modules/starrynight/node_modules/nightwatch/lib/core/assertion.js:105:19)
    at HttpRequest.&lt;anonymous&gt; (/usr/local/lib/node_modules/starrynight/node_modules/nightwatch/lib/index.js:299:20)
    at HttpRequest.emit (events.js:98:17)
    at HttpRequest.&lt;anonymous&gt; (/usr/local/lib/node_modules/starrynight/node_modules/nightwatch/lib/index.js:346:15)
    at HttpRequest.emit (events.js:106:17)
    at IncomingMessage.&lt;anonymous&gt; (/usr/local/lib/node_modules/starrynight/node_modules/nightwatch/lib/http/request.js:150:16)
    at IncomingMessage.emit (events.js:117:20)
    at _stream_readable.js:943:16
    at process._tickCallback (node.js:419:13)</failure>

      <failure message="Testing if element &lt;table tbody tr:nth-child(1) .Cores table tbody tr:nth-child(5) td:nth-child(1)&gt; is present.">Testing if element &lt;table tbody tr:nth-child(1) .Cores table tbody tr:nth-child(5) td:nth-child(1)&gt; is present.: Expected &quot;present&quot; but got: &quot;null&quot;
    at Object.&lt;anonymous&gt; (/usr/local/lib/node_modules/starrynight/node_modules/nightwatch/lib/core/assertion.js:105:19)
    at HttpRequest.&lt;anonymous&gt; (/usr/local/lib/node_modules/starrynight/node_modules/nightwatch/lib/index.js:299:20)
    at HttpRequest.emit (events.js:98:17)
    at HttpRequest.&lt;anonymous&gt; (/usr/local/lib/node_modules/starrynight/node_modules/nightwatch/lib/index.js:346:15)
    at HttpRequest.emit (events.js:106:17)
    at IncomingMessage.&lt;anonymous&gt; (/usr/local/lib/node_modules/starrynight/node_modules/nightwatch/lib/http/request.js:150:16)
    at IncomingMessage.emit (events.js:117:20)
    at _stream_readable.js:943:16
    at process._tickCallback (node.js:419:13)</failure>

      <failure message="Testing if element &lt;table tbody tr:nth-child(1) .Cores table tbody tr:nth-child(5) td:nth-child(2)&gt; is present.">Testing if element &lt;table tbody tr:nth-child(1) .Cores table tbody tr:nth-child(5) td:nth-child(2)&gt; is present.: Expected &quot;present&quot; but got: &quot;null&quot;
    at Object.&lt;anonymous&gt; (/usr/local/lib/node_modules/starrynight/node_modules/nightwatch/lib/core/assertion.js:105:19)
    at HttpRequest.&lt;anonymous&gt; (/usr/local/lib/node_modules/starrynight/node_modules/nightwatch/lib/index.js:299:20)
    at HttpRequest.emit (events.js:98:17)
    at HttpRequest.&lt;anonymous&gt; (/usr/local/lib/node_modules/starrynight/node_modules/nightwatch/lib/index.js:346:15)
    at HttpRequest.emit (events.js:106:17)
    at IncomingMessage.&lt;anonymous&gt; (/usr/local/lib/node_modules/starrynight/node_modules/nightwatch/lib/http/request.js:150:16)
    at IncomingMessage.emit (events.js:117:20)
    at _stream_readable.js:943:16
    at process._tickCallback (node.js:419:13)</failure>

      <failure message="Testing if element &lt;table tbody tr:nth-child(1) .Sample_ID&gt; contains text: &quot;&quot;. Element could not be located.">Testing if element &lt;table tbody tr:nth-child(1) .Sample_ID&gt; contains text: &quot;&quot;. Element could not be located.: Expected &quot;&quot; but got: &quot;null&quot;
    at Object.&lt;anonymous&gt; (/usr/local/lib/node_modules/starrynight/node_modules/nightwatch/lib/core/assertion.js:105:19)
    at Object.&lt;anonymous&gt; (/usr/local/lib/node_modules/starrynight/node_modules/nightwatch/lib/api/element-commands.js:341:22)
    at HttpRequest.&lt;anonymous&gt; (/usr/local/lib/node_modules/starrynight/node_modules/nightwatch/lib/index.js:299:20)
    at HttpRequest.emit (events.js:98:17)
    at HttpRequest.&lt;anonymous&gt; (/usr/local/lib/node_modules/starrynight/node_modules/nightwatch/lib/index.js:346:15)
    at HttpRequest.emit (events.js:106:17)
    at IncomingMessage.&lt;anonymous&gt; (/usr/local/lib/node_modules/starrynight/node_modules/nightwatch/lib/http/request.js:150:16)
    at IncomingMessage.emit (events.js:117:20)
    at _stream_readable.js:943:16
    at process._tickCallback (node.js:419:13)</failure>

      <failure message="Testing if element &lt;table tbody tr:nth-child(1) .Cores table tbody tr:nth-child(1) td:nth-child(1)&gt; contains text: &quot;BlockImage&quot;. Element could not be located.">Testing if element &lt;table tbody tr:nth-child(1) .Cores table tbody tr:nth-child(1) td:nth-child(1)&gt; contains text: &quot;BlockImage&quot;. Element could not be located.: Expected &quot;BlockImage&quot; but got: &quot;null&quot;
    at Object.&lt;anonymous&gt; (/usr/local/lib/node_modules/starrynight/node_modules/nightwatch/lib/core/assertion.js:105:19)
    at Object.&lt;anonymous&gt; (/usr/local/lib/node_modules/starrynight/node_modules/nightwatch/lib/api/element-commands.js:341:22)
    at HttpRequest.&lt;anonymous&gt; (/usr/local/lib/node_modules/starrynight/node_modules/nightwatch/lib/index.js:299:20)
    at HttpRequest.emit (events.js:98:17)
    at HttpRequest.&lt;anonymous&gt; (/usr/local/lib/node_modules/starrynight/node_modules/nightwatch/lib/index.js:346:15)
    at HttpRequest.emit (events.js:106:17)
    at IncomingMessage.&lt;anonymous&gt; (/usr/local/lib/node_modules/starrynight/node_modules/nightwatch/lib/http/request.js:150:16)
    at IncomingMessage.emit (events.js:117:20)
    at _stream_readable.js:943:16
    at process._tickCallback (node.js:419:13)</failure>

      <failure message="Testing if element &lt;table tbody tr:nth-child(1) .Cores table tbody tr:nth-child(2) td:nth-child(1)&gt; contains text: &quot;BlockStatus&quot;. Element could not be located.">Testing if element &lt;table tbody tr:nth-child(1) .Cores table tbody tr:nth-child(2) td:nth-child(1)&gt; contains text: &quot;BlockStatus&quot;. Element could not be located.: Expected &quot;BlockStatus&quot; but got: &quot;null&quot;
    at Object.&lt;anonymous&gt; (/usr/local/lib/node_modules/starrynight/node_modules/nightwatch/lib/core/assertion.js:105:19)
    at Object.&lt;anonymous&gt; (/usr/local/lib/node_modules/starrynight/node_modules/nightwatch/lib/api/element-commands.js:341:22)
    at HttpRequest.&lt;anonymous&gt; (/usr/local/lib/node_modules/starrynight/node_modules/nightwatch/lib/index.js:299:20)
    at HttpRequest.emit (events.js:98:17)
    at HttpRequest.&lt;anonymous&gt; (/usr/local/lib/node_modules/starrynight/node_modules/nightwatch/lib/index.js:346:15)
    at HttpRequest.emit (events.js:106:17)
    at IncomingMessage.&lt;anonymous&gt; (/usr/local/lib/node_modules/starrynight/node_modules/nightwatch/lib/http/request.js:150:16)
    at IncomingMessage.emit (events.js:117:20)
    at _stream_readable.js:943:16
    at process._tickCallback (node.js:419:13)</failure>

      <failure message="Testing if element &lt;table tbody tr:nth-child(1) .Cores table tbody tr:nth-child(3) td:nth-child(1)&gt; contains text: &quot;Core&quot;. Element could not be located.">Testing if element &lt;table tbody tr:nth-child(1) .Cores table tbody tr:nth-child(3) td:nth-child(1)&gt; contains text: &quot;Core&quot;. Element could not be located.: Expected &quot;Core&quot; but got: &quot;null&quot;
    at Object.&lt;anonymous&gt; (/usr/local/lib/node_modules/starrynight/node_modules/nightwatch/lib/core/assertion.js:105:19)
    at Object.&lt;anonymous&gt; (/usr/local/lib/node_modules/starrynight/node_modules/nightwatch/lib/api/element-commands.js:341:22)
    at HttpRequest.&lt;anonymous&gt; (/usr/local/lib/node_modules/starrynight/node_modules/nightwatch/lib/index.js:299:20)
    at HttpRequest.emit (events.js:98:17)
    at HttpRequest.&lt;anonymous&gt; (/usr/local/lib/node_modules/starrynight/node_modules/nightwatch/lib/index.js:346:15)
    at HttpRequest.emit (events.js:106:17)
    at IncomingMessage.&lt;anonymous&gt; (/usr/local/lib/node_modules/starrynight/node_modules/nightwatch/lib/http/request.js:150:16)
    at IncomingMessage.emit (events.js:117:20)
    at _stream_readable.js:943:16
    at process._tickCallback (node.js:419:13)</failure>

      <failure message="Testing if element &lt;table tbody tr:nth-child(1) .Cores table tbody tr:nth-child(4) td:nth-child(1)&gt; contains text: &quot;ReferenceSlideImages&quot;. Element could not be located.">Testing if element &lt;table tbody tr:nth-child(1) .Cores table tbody tr:nth-child(4) td:nth-child(1)&gt; contains text: &quot;ReferenceSlideImages&quot;. Element could not be located.: Expected &quot;ReferenceSlideImages&quot; but got: &quot;null&quot;
    at Object.&lt;anonymous&gt; (/usr/local/lib/node_modules/starrynight/node_modules/nightwatch/lib/core/assertion.js:105:19)
    at Object.&lt;anonymous&gt; (/usr/local/lib/node_modules/starrynight/node_modules/nightwatch/lib/api/element-commands.js:341:22)
    at HttpRequest.&lt;anonymous&gt; (/usr/local/lib/node_modules/starrynight/node_modules/nightwatch/lib/index.js:299:20)
    at HttpRequest.emit (events.js:98:17)
    at HttpRequest.&lt;anonymous&gt; (/usr/local/lib/node_modules/starrynight/node_modules/nightwatch/lib/index.js:346:15)
    at HttpRequest.emit (events.js:106:17)
    at IncomingMessage.&lt;anonymous&gt; (/usr/local/lib/node_modules/starrynight/node_modules/nightwatch/lib/http/request.js:150:16)
    at IncomingMessage.emit (events.js:117:20)
    at _stream_readable.js:943:16
    at process._tickCallback (node.js:419:13)</failure>

      <failure message="Testing if element &lt;table tbody tr:nth-child(1) .Cores table tbody tr:nth-child(5) td:nth-child(1)&gt; contains text: &quot;ReferenceSlideNumber&quot;. Element could not be located.">Testing if element &lt;table tbody tr:nth-child(1) .Cores table tbody tr:nth-child(5) td:nth-child(1)&gt; contains text: &quot;ReferenceSlideNumber&quot;. Element could not be located.: Expected &quot;ReferenceSlideNumber&quot; but got: &quot;null&quot;
    at Object.&lt;anonymous&gt; (/usr/local/lib/node_modules/starrynight/node_modules/nightwatch/lib/core/assertion.js:105:19)
    at Object.&lt;anonymous&gt; (/usr/local/lib/node_modules/starrynight/node_modules/nightwatch/lib/api/element-commands.js:341:22)
    at HttpRequest.&lt;anonymous&gt; (/usr/local/lib/node_modules/starrynight/node_modules/nightwatch/lib/index.js:299:20)
    at HttpRequest.emit (events.js:98:17)
    at HttpRequest.&lt;anonymous&gt; (/usr/local/lib/node_modules/starrynight/node_modules/nightwatch/lib/index.js:346:15)
    at HttpRequest.emit (events.js:106:17)
    at IncomingMessage.&lt;anonymous&gt; (/usr/local/lib/node_modules/starrynight/node_modules/nightwatch/lib/http/request.js:150:16)
    at IncomingMessage.emit (events.js:117:20)
    at _stream_readable.js:943:16
    at process._tickCallback (node.js:419:13)</failure>

      <failure message="Testing if element &lt;table tbody tr:nth-child(1) .Cores table tbody tr:nth-child(1) td:nth-child(2)&gt; contains text: &quot;1&quot;. Element could not be located.">Testing if element &lt;table tbody tr:nth-child(1) .Cores table tbody tr:nth-child(1) td:nth-child(2)&gt; contains text: &quot;1&quot;. Element could not be located.: Expected &quot;1&quot; but got: &quot;null&quot;
    at Object.&lt;anonymous&gt; (/usr/local/lib/node_modules/starrynight/node_modules/nightwatch/lib/core/assertion.js:105:19)
    at Object.&lt;anonymous&gt; (/usr/local/lib/node_modules/starrynight/node_modules/nightwatch/lib/api/element-commands.js:341:22)
    at HttpRequest.&lt;anonymous&gt; (/usr/local/lib/node_modules/starrynight/node_modules/nightwatch/lib/index.js:299:20)
    at HttpRequest.emit (events.js:98:17)
    at HttpRequest.&lt;anonymous&gt; (/usr/local/lib/node_modules/starrynight/node_modules/nightwatch/lib/index.js:346:15)
    at HttpRequest.emit (events.js:106:17)
    at IncomingMessage.&lt;anonymous&gt; (/usr/local/lib/node_modules/starrynight/node_modules/nightwatch/lib/http/request.js:150:16)
    at IncomingMessage.emit (events.js:117:20)
    at _stream_readable.js:943:16
    at process._tickCallback (node.js:419:13)</failure>

      <failure message="Testing if element &lt;table tbody tr:nth-child(1) .Cores table tbody tr:nth-child(2) td:nth-child(2)&gt; contains text: &quot;negative&quot;. Element could not be located.">Testing if element &lt;table tbody tr:nth-child(1) .Cores table tbody tr:nth-child(2) td:nth-child(2)&gt; contains text: &quot;negative&quot;. Element could not be located.: Expected &quot;negative&quot; but got: &quot;null&quot;
    at Object.&lt;anonymous&gt; (/usr/local/lib/node_modules/starrynight/node_modules/nightwatch/lib/core/assertion.js:105:19)
    at Object.&lt;anonymous&gt; (/usr/local/lib/node_modules/starrynight/node_modules/nightwatch/lib/api/element-commands.js:341:22)
    at HttpRequest.&lt;anonymous&gt; (/usr/local/lib/node_modules/starrynight/node_modules/nightwatch/lib/index.js:299:20)
    at HttpRequest.emit (events.js:98:17)
    at HttpRequest.&lt;anonymous&gt; (/usr/local/lib/node_modules/starrynight/node_modules/nightwatch/lib/index.js:346:15)
    at HttpRequest.emit (events.js:106:17)
    at IncomingMessage.&lt;anonymous&gt; (/usr/local/lib/node_modules/starrynight/node_modules/nightwatch/lib/http/request.js:150:16)
    at IncomingMessage.emit (events.js:117:20)
    at _stream_readable.js:943:16
    at process._tickCallback (node.js:419:13)</failure>

      <failure message="Testing if element &lt;table tbody tr:nth-child(1) .Cores table tbody tr:nth-child(3) td:nth-child(2)&gt; contains text: &quot;A&quot;. Element could not be located.">Testing if element &lt;table tbody tr:nth-child(1) .Cores table tbody tr:nth-child(3) td:nth-child(2)&gt; contains text: &quot;A&quot;. Element could not be located.: Expected &quot;A&quot; but got: &quot;null&quot;
    at Object.&lt;anonymous&gt; (/usr/local/lib/node_modules/starrynight/node_modules/nightwatch/lib/core/assertion.js:105:19)
    at Object.&lt;anonymous&gt; (/usr/local/lib/node_modules/starrynight/node_modules/nightwatch/lib/api/element-commands.js:341:22)
    at HttpRequest.&lt;anonymous&gt; (/usr/local/lib/node_modules/starrynight/node_modules/nightwatch/lib/index.js:299:20)
    at HttpRequest.emit (events.js:98:17)
    at HttpRequest.&lt;anonymous&gt; (/usr/local/lib/node_modules/starrynight/node_modules/nightwatch/lib/index.js:346:15)
    at HttpRequest.emit (events.js:106:17)
    at IncomingMessage.&lt;anonymous&gt; (/usr/local/lib/node_modules/starrynight/node_modules/nightwatch/lib/http/request.js:150:16)
    at IncomingMessage.emit (events.js:117:20)
    at _stream_readable.js:943:16
    at process._tickCallback (node.js:419:13)</failure>

      <failure message="Testing if element &lt;table tbody tr:nth-child(1) .Cores table tbody tr:nth-child(4) td:nth-child(2)&gt; contains text: &quot;undefined&quot;. Element could not be located.">Testing if element &lt;table tbody tr:nth-child(1) .Cores table tbody tr:nth-child(4) td:nth-child(2)&gt; contains text: &quot;undefined&quot;. Element could not be located.: Expected &quot;undefined&quot; but got: &quot;null&quot;
    at Object.&lt;anonymous&gt; (/usr/local/lib/node_modules/starrynight/node_modules/nightwatch/lib/core/assertion.js:105:19)
    at Object.&lt;anonymous&gt; (/usr/local/lib/node_modules/starrynight/node_modules/nightwatch/lib/api/element-commands.js:341:22)
    at HttpRequest.&lt;anonymous&gt; (/usr/local/lib/node_modules/starrynight/node_modules/nightwatch/lib/index.js:299:20)
    at HttpRequest.emit (events.js:98:17)
    at HttpRequest.&lt;anonymous&gt; (/usr/local/lib/node_modules/starrynight/node_modules/nightwatch/lib/index.js:346:15)
    at HttpRequest.emit (events.js:106:17)
    at IncomingMessage.&lt;anonymous&gt; (/usr/local/lib/node_modules/starrynight/node_modules/nightwatch/lib/http/request.js:150:16)
    at IncomingMessage.emit (events.js:117:20)
    at _stream_readable.js:943:16
    at process._tickCallback (node.js:419:13)</failure>

      <failure message="Testing if element &lt;table tbody tr:nth-child(1) .Cores table tbody tr:nth-child(5) td:nth-child(2)&gt; contains text: &quot;1&quot;. Element could not be located.">Testing if element &lt;table tbody tr:nth-child(1) .Cores table tbody tr:nth-child(5) td:nth-child(2)&gt; contains text: &quot;1&quot;. Element could not be located.: Expected &quot;1&quot; but got: &quot;null&quot;
    at Object.&lt;anonymous&gt; (/usr/local/lib/node_modules/starrynight/node_modules/nightwatch/lib/core/assertion.js:105:19)
    at Object.&lt;anonymous&gt; (/usr/local/lib/node_modules/starrynight/node_modules/nightwatch/lib/api/element-commands.js:341:22)
    at HttpRequest.&lt;anonymous&gt; (/usr/local/lib/node_modules/starrynight/node_modules/nightwatch/lib/index.js:299:20)
    at HttpRequest.emit (events.js:98:17)
    at HttpRequest.&lt;anonymous&gt; (/usr/local/lib/node_modules/starrynight/node_modules/nightwatch/lib/index.js:346:15)
    at HttpRequest.emit (events.js:106:17)
    at IncomingMessage.&lt;anonymous&gt; (/usr/local/lib/node_modules/starrynight/node_modules/nightwatch/lib/http/request.js:150:16)
    at IncomingMessage.emit (events.js:117:20)
    at _stream_readable.js:943:16
    at process._tickCallback (node.js:419:13)</failure>

    
    </testcase>
  
    <testcase name="Laser Capture Form" time="21.18" assertions="41">

    

    

    

    

    

    

    

    

    

    

    

    

    

    

    

    

    

    

    

    

    

    

      <failure message="Testing if element &lt;table tbody tr&gt; is present.">Testing if element &lt;table tbody tr&gt; is present.: Expected &quot;present&quot; but got: &quot;null&quot;
    at Object.&lt;anonymous&gt; (/usr/local/lib/node_modules/starrynight/node_modules/nightwatch/lib/core/assertion.js:105:19)
    at HttpRequest.&lt;anonymous&gt; (/usr/local/lib/node_modules/starrynight/node_modules/nightwatch/lib/index.js:299:20)
    at HttpRequest.emit (events.js:98:17)
    at HttpRequest.&lt;anonymous&gt; (/usr/local/lib/node_modules/starrynight/node_modules/nightwatch/lib/index.js:346:15)
    at HttpRequest.emit (events.js:106:17)
    at IncomingMessage.&lt;anonymous&gt; (/usr/local/lib/node_modules/starrynight/node_modules/nightwatch/lib/http/request.js:150:16)
    at IncomingMessage.emit (events.js:117:20)
    at _stream_readable.js:943:16
    at process._tickCallback (node.js:419:13)</failure>

      <failure message="Testing if element &lt;table tbody tr:nth-child(1)&gt; is present.">Testing if element &lt;table tbody tr:nth-child(1)&gt; is present.: Expected &quot;present&quot; but got: &quot;null&quot;
    at Object.&lt;anonymous&gt; (/usr/local/lib/node_modules/starrynight/node_modules/nightwatch/lib/core/assertion.js:105:19)
    at HttpRequest.&lt;anonymous&gt; (/usr/local/lib/node_modules/starrynight/node_modules/nightwatch/lib/index.js:299:20)
    at HttpRequest.emit (events.js:98:17)
    at HttpRequest.&lt;anonymous&gt; (/usr/local/lib/node_modules/starrynight/node_modules/nightwatch/lib/index.js:346:15)
    at HttpRequest.emit (events.js:106:17)
    at IncomingMessage.&lt;anonymous&gt; (/usr/local/lib/node_modules/starrynight/node_modules/nightwatch/lib/http/request.js:150:16)
    at IncomingMessage.emit (events.js:117:20)
    at _stream_readable.js:943:16
    at process._tickCallback (node.js:419:13)</failure>

      <failure message="Testing if element &lt;table tbody tr:nth-child(1) .Sample_ID&gt; is present.">Testing if element &lt;table tbody tr:nth-child(1) .Sample_ID&gt; is present.: Expected &quot;present&quot; but got: &quot;null&quot;
    at Object.&lt;anonymous&gt; (/usr/local/lib/node_modules/starrynight/node_modules/nightwatch/lib/core/assertion.js:105:19)
    at HttpRequest.&lt;anonymous&gt; (/usr/local/lib/node_modules/starrynight/node_modules/nightwatch/lib/index.js:299:20)
    at HttpRequest.emit (events.js:98:17)
    at HttpRequest.&lt;anonymous&gt; (/usr/local/lib/node_modules/starrynight/node_modules/nightwatch/lib/index.js:346:15)
    at HttpRequest.emit (events.js:106:17)
    at IncomingMessage.&lt;anonymous&gt; (/usr/local/lib/node_modules/starrynight/node_modules/nightwatch/lib/http/request.js:150:16)
    at IncomingMessage.emit (events.js:117:20)
    at _stream_readable.js:943:16
    at process._tickCallback (node.js:419:13)</failure>

      <failure message="Testing if element &lt;table tbody tr:nth-child(1) .Core&gt; is present.">Testing if element &lt;table tbody tr:nth-child(1) .Core&gt; is present.: Expected &quot;present&quot; but got: &quot;null&quot;
    at Object.&lt;anonymous&gt; (/usr/local/lib/node_modules/starrynight/node_modules/nightwatch/lib/core/assertion.js:105:19)
    at HttpRequest.&lt;anonymous&gt; (/usr/local/lib/node_modules/starrynight/node_modules/nightwatch/lib/index.js:299:20)
    at HttpRequest.emit (events.js:98:17)
    at HttpRequest.&lt;anonymous&gt; (/usr/local/lib/node_modules/starrynight/node_modules/nightwatch/lib/index.js:346:15)
    at HttpRequest.emit (events.js:106:17)
    at IncomingMessage.&lt;anonymous&gt; (/usr/local/lib/node_modules/starrynight/node_modules/nightwatch/lib/http/request.js:150:16)
    at IncomingMessage.emit (events.js:117:20)
    at _stream_readable.js:943:16
    at process._tickCallback (node.js:419:13)</failure>

      <failure message="Testing if element &lt;table tbody tr:nth-child(1) .Completion_Date&gt; is present.">Testing if element &lt;table tbody tr:nth-child(1) .Completion_Date&gt; is present.: Expected &quot;present&quot; but got: &quot;null&quot;
    at Object.&lt;anonymous&gt; (/usr/local/lib/node_modules/starrynight/node_modules/nightwatch/lib/core/assertion.js:105:19)
    at HttpRequest.&lt;anonymous&gt; (/usr/local/lib/node_modules/starrynight/node_modules/nightwatch/lib/index.js:299:20)
    at HttpRequest.emit (events.js:98:17)
    at HttpRequest.&lt;anonymous&gt; (/usr/local/lib/node_modules/starrynight/node_modules/nightwatch/lib/index.js:346:15)
    at HttpRequest.emit (events.js:106:17)
    at IncomingMessage.&lt;anonymous&gt; (/usr/local/lib/node_modules/starrynight/node_modules/nightwatch/lib/http/request.js:150:16)
    at IncomingMessage.emit (events.js:117:20)
    at _stream_readable.js:943:16
    at process._tickCallback (node.js:419:13)</failure>

      <failure message="Testing if element &lt;table tbody tr:nth-child(1) .SlideNumber&gt; is present.">Testing if element &lt;table tbody tr:nth-child(1) .SlideNumber&gt; is present.: Expected &quot;present&quot; but got: &quot;null&quot;
    at Object.&lt;anonymous&gt; (/usr/local/lib/node_modules/starrynight/node_modules/nightwatch/lib/core/assertion.js:105:19)
    at HttpRequest.&lt;anonymous&gt; (/usr/local/lib/node_modules/starrynight/node_modules/nightwatch/lib/index.js:299:20)
    at HttpRequest.emit (events.js:98:17)
    at HttpRequest.&lt;anonymous&gt; (/usr/local/lib/node_modules/starrynight/node_modules/nightwatch/lib/index.js:346:15)
    at HttpRequest.emit (events.js:106:17)
    at IncomingMessage.&lt;anonymous&gt; (/usr/local/lib/node_modules/starrynight/node_modules/nightwatch/lib/http/request.js:150:16)
    at IncomingMessage.emit (events.js:117:20)
    at _stream_readable.js:943:16
    at process._tickCallback (node.js:419:13)</failure>

      <failure message="Testing if element &lt;table tbody tr:nth-child(1) .Estimated_total_capture_area&gt; is present.">Testing if element &lt;table tbody tr:nth-child(1) .Estimated_total_capture_area&gt; is present.: Expected &quot;present&quot; but got: &quot;null&quot;
    at Object.&lt;anonymous&gt; (/usr/local/lib/node_modules/starrynight/node_modules/nightwatch/lib/core/assertion.js:105:19)
    at HttpRequest.&lt;anonymous&gt; (/usr/local/lib/node_modules/starrynight/node_modules/nightwatch/lib/index.js:299:20)
    at HttpRequest.emit (events.js:98:17)
    at HttpRequest.&lt;anonymous&gt; (/usr/local/lib/node_modules/starrynight/node_modules/nightwatch/lib/index.js:346:15)
    at HttpRequest.emit (events.js:106:17)
    at IncomingMessage.&lt;anonymous&gt; (/usr/local/lib/node_modules/starrynight/node_modules/nightwatch/lib/http/request.js:150:16)
    at IncomingMessage.emit (events.js:117:20)
    at _stream_readable.js:943:16
    at process._tickCallback (node.js:419:13)</failure>

      <failure message="Testing if element &lt;table tbody tr:nth-child(1) .Lysates&gt; is present.">Testing if element &lt;table tbody tr:nth-child(1) .Lysates&gt; is present.: Expected &quot;present&quot; but got: &quot;null&quot;
    at Object.&lt;anonymous&gt; (/usr/local/lib/node_modules/starrynight/node_modules/nightwatch/lib/core/assertion.js:105:19)
    at HttpRequest.&lt;anonymous&gt; (/usr/local/lib/node_modules/starrynight/node_modules/nightwatch/lib/index.js:299:20)
    at HttpRequest.emit (events.js:98:17)
    at HttpRequest.&lt;anonymous&gt; (/usr/local/lib/node_modules/starrynight/node_modules/nightwatch/lib/index.js:346:15)
    at HttpRequest.emit (events.js:106:17)
    at IncomingMessage.&lt;anonymous&gt; (/usr/local/lib/node_modules/starrynight/node_modules/nightwatch/lib/http/request.js:150:16)
    at IncomingMessage.emit (events.js:117:20)
    at _stream_readable.js:943:16
    at process._tickCallback (node.js:419:13)</failure>

      <failure message="Testing if element &lt;table tbody tr:nth-child(1) .Lysates_Volume&gt; is present.">Testing if element &lt;table tbody tr:nth-child(1) .Lysates_Volume&gt; is present.: Expected &quot;present&quot; but got: &quot;null&quot;
    at Object.&lt;anonymous&gt; (/usr/local/lib/node_modules/starrynight/node_modules/nightwatch/lib/core/assertion.js:105:19)
    at HttpRequest.&lt;anonymous&gt; (/usr/local/lib/node_modules/starrynight/node_modules/nightwatch/lib/index.js:299:20)
    at HttpRequest.emit (events.js:98:17)
    at HttpRequest.&lt;anonymous&gt; (/usr/local/lib/node_modules/starrynight/node_modules/nightwatch/lib/index.js:346:15)
    at HttpRequest.emit (events.js:106:17)
    at IncomingMessage.&lt;anonymous&gt; (/usr/local/lib/node_modules/starrynight/node_modules/nightwatch/lib/http/request.js:150:16)
    at IncomingMessage.emit (events.js:117:20)
    at _stream_readable.js:943:16
    at process._tickCallback (node.js:419:13)</failure>

      <failure message="Testing if element &lt;table tbody tr:nth-child(1) .Downstream_use&gt; is present.">Testing if element &lt;table tbody tr:nth-child(1) .Downstream_use&gt; is present.: Expected &quot;present&quot; but got: &quot;null&quot;
    at Object.&lt;anonymous&gt; (/usr/local/lib/node_modules/starrynight/node_modules/nightwatch/lib/core/assertion.js:105:19)
    at HttpRequest.&lt;anonymous&gt; (/usr/local/lib/node_modules/starrynight/node_modules/nightwatch/lib/index.js:299:20)
    at HttpRequest.emit (events.js:98:17)
    at HttpRequest.&lt;anonymous&gt; (/usr/local/lib/node_modules/starrynight/node_modules/nightwatch/lib/index.js:346:15)
    at HttpRequest.emit (events.js:106:17)
    at IncomingMessage.&lt;anonymous&gt; (/usr/local/lib/node_modules/starrynight/node_modules/nightwatch/lib/http/request.js:150:16)
    at IncomingMessage.emit (events.js:117:20)
    at _stream_readable.js:943:16
    at process._tickCallback (node.js:419:13)</failure>

      <failure message="Testing if element &lt;table tbody tr:nth-child(1) .Sample_ID&gt; contains text: &quot;&quot;. Element could not be located.">Testing if element &lt;table tbody tr:nth-child(1) .Sample_ID&gt; contains text: &quot;&quot;. Element could not be located.: Expected &quot;&quot; but got: &quot;null&quot;
    at Object.&lt;anonymous&gt; (/usr/local/lib/node_modules/starrynight/node_modules/nightwatch/lib/core/assertion.js:105:19)
    at Object.&lt;anonymous&gt; (/usr/local/lib/node_modules/starrynight/node_modules/nightwatch/lib/api/element-commands.js:341:22)
    at HttpRequest.&lt;anonymous&gt; (/usr/local/lib/node_modules/starrynight/node_modules/nightwatch/lib/index.js:299:20)
    at HttpRequest.emit (events.js:98:17)
    at HttpRequest.&lt;anonymous&gt; (/usr/local/lib/node_modules/starrynight/node_modules/nightwatch/lib/index.js:346:15)
    at HttpRequest.emit (events.js:106:17)
    at IncomingMessage.&lt;anonymous&gt; (/usr/local/lib/node_modules/starrynight/node_modules/nightwatch/lib/http/request.js:150:16)
    at IncomingMessage.emit (events.js:117:20)
    at _stream_readable.js:943:16
    at process._tickCallback (node.js:419:13)</failure>

      <failure message="Testing if element &lt;table tbody tr:nth-child(1) .Core&gt; contains text: &quot;&quot;. Element could not be located.">Testing if element &lt;table tbody tr:nth-child(1) .Core&gt; contains text: &quot;&quot;. Element could not be located.: Expected &quot;&quot; but got: &quot;null&quot;
    at Object.&lt;anonymous&gt; (/usr/local/lib/node_modules/starrynight/node_modules/nightwatch/lib/core/assertion.js:105:19)
    at Object.&lt;anonymous&gt; (/usr/local/lib/node_modules/starrynight/node_modules/nightwatch/lib/api/element-commands.js:341:22)
    at HttpRequest.&lt;anonymous&gt; (/usr/local/lib/node_modules/starrynight/node_modules/nightwatch/lib/index.js:299:20)
    at HttpRequest.emit (events.js:98:17)
    at HttpRequest.&lt;anonymous&gt; (/usr/local/lib/node_modules/starrynight/node_modules/nightwatch/lib/index.js:346:15)
    at HttpRequest.emit (events.js:106:17)
    at IncomingMessage.&lt;anonymous&gt; (/usr/local/lib/node_modules/starrynight/node_modules/nightwatch/lib/http/request.js:150:16)
    at IncomingMessage.emit (events.js:117:20)
    at _stream_readable.js:943:16
    at process._tickCallback (node.js:419:13)</failure>

      <failure message="Testing if element &lt;table tbody tr:nth-child(1) .Completion_Date&gt; contains text: &quot;&quot;. Element could not be located.">Testing if element &lt;table tbody tr:nth-child(1) .Completion_Date&gt; contains text: &quot;&quot;. Element could not be located.: Expected &quot;&quot; but got: &quot;null&quot;
    at Object.&lt;anonymous&gt; (/usr/local/lib/node_modules/starrynight/node_modules/nightwatch/lib/core/assertion.js:105:19)
    at Object.&lt;anonymous&gt; (/usr/local/lib/node_modules/starrynight/node_modules/nightwatch/lib/api/element-commands.js:341:22)
    at HttpRequest.&lt;anonymous&gt; (/usr/local/lib/node_modules/starrynight/node_modules/nightwatch/lib/index.js:299:20)
    at HttpRequest.emit (events.js:98:17)
    at HttpRequest.&lt;anonymous&gt; (/usr/local/lib/node_modules/starrynight/node_modules/nightwatch/lib/index.js:346:15)
    at HttpRequest.emit (events.js:106:17)
    at IncomingMessage.&lt;anonymous&gt; (/usr/local/lib/node_modules/starrynight/node_modules/nightwatch/lib/http/request.js:150:16)
    at IncomingMessage.emit (events.js:117:20)
    at _stream_readable.js:943:16
    at process._tickCallback (node.js:419:13)</failure>

      <failure message="Testing if element &lt;table tbody tr:nth-child(1) .SlideNumber&gt; contains text: &quot;&quot;. Element could not be located.">Testing if element &lt;table tbody tr:nth-child(1) .SlideNumber&gt; contains text: &quot;&quot;. Element could not be located.: Expected &quot;&quot; but got: &quot;null&quot;
    at Object.&lt;anonymous&gt; (/usr/local/lib/node_modules/starrynight/node_modules/nightwatch/lib/core/assertion.js:105:19)
    at Object.&lt;anonymous&gt; (/usr/local/lib/node_modules/starrynight/node_modules/nightwatch/lib/api/element-commands.js:341:22)
    at HttpRequest.&lt;anonymous&gt; (/usr/local/lib/node_modules/starrynight/node_modules/nightwatch/lib/index.js:299:20)
    at HttpRequest.emit (events.js:98:17)
    at HttpRequest.&lt;anonymous&gt; (/usr/local/lib/node_modules/starrynight/node_modules/nightwatch/lib/index.js:346:15)
    at HttpRequest.emit (events.js:106:17)
    at IncomingMessage.&lt;anonymous&gt; (/usr/local/lib/node_modules/starrynight/node_modules/nightwatch/lib/http/request.js:150:16)
    at IncomingMessage.emit (events.js:117:20)
    at _stream_readable.js:943:16
    at process._tickCallback (node.js:419:13)</failure>

      <failure message="Testing if element &lt;table tbody tr:nth-child(1) .Estimated_total_capture_area&gt; contains text: &quot;&quot;. Element could not be located.">Testing if element &lt;table tbody tr:nth-child(1) .Estimated_total_capture_area&gt; contains text: &quot;&quot;. Element could not be located.: Expected &quot;&quot; but got: &quot;null&quot;
    at Object.&lt;anonymous&gt; (/usr/local/lib/node_modules/starrynight/node_modules/nightwatch/lib/core/assertion.js:105:19)
    at Object.&lt;anonymous&gt; (/usr/local/lib/node_modules/starrynight/node_modules/nightwatch/lib/api/element-commands.js:341:22)
    at HttpRequest.&lt;anonymous&gt; (/usr/local/lib/node_modules/starrynight/node_modules/nightwatch/lib/index.js:299:20)
    at HttpRequest.emit (events.js:98:17)
    at HttpRequest.&lt;anonymous&gt; (/usr/local/lib/node_modules/starrynight/node_modules/nightwatch/lib/index.js:346:15)
    at HttpRequest.emit (events.js:106:17)
    at IncomingMessage.&lt;anonymous&gt; (/usr/local/lib/node_modules/starrynight/node_modules/nightwatch/lib/http/request.js:150:16)
    at IncomingMessage.emit (events.js:117:20)
    at _stream_readable.js:943:16
    at process._tickCallback (node.js:419:13)</failure>

      <failure message="Testing if element &lt;table tbody tr:nth-child(1) .Lysates&gt; contains text: &quot;&quot;. Element could not be located.">Testing if element &lt;table tbody tr:nth-child(1) .Lysates&gt; contains text: &quot;&quot;. Element could not be located.: Expected &quot;&quot; but got: &quot;null&quot;
    at Object.&lt;anonymous&gt; (/usr/local/lib/node_modules/starrynight/node_modules/nightwatch/lib/core/assertion.js:105:19)
    at Object.&lt;anonymous&gt; (/usr/local/lib/node_modules/starrynight/node_modules/nightwatch/lib/api/element-commands.js:341:22)
    at HttpRequest.&lt;anonymous&gt; (/usr/local/lib/node_modules/starrynight/node_modules/nightwatch/lib/index.js:299:20)
    at HttpRequest.emit (events.js:98:17)
    at HttpRequest.&lt;anonymous&gt; (/usr/local/lib/node_modules/starrynight/node_modules/nightwatch/lib/index.js:346:15)
    at HttpRequest.emit (events.js:106:17)
    at IncomingMessage.&lt;anonymous&gt; (/usr/local/lib/node_modules/starrynight/node_modules/nightwatch/lib/http/request.js:150:16)
    at IncomingMessage.emit (events.js:117:20)
    at _stream_readable.js:943:16
    at process._tickCallback (node.js:419:13)</failure>

      <failure message="Testing if element &lt;table tbody tr:nth-child(1) .Lysates_Volume&gt; contains text: &quot;&quot;. Element could not be located.">Testing if element &lt;table tbody tr:nth-child(1) .Lysates_Volume&gt; contains text: &quot;&quot;. Element could not be located.: Expected &quot;&quot; but got: &quot;null&quot;
    at Object.&lt;anonymous&gt; (/usr/local/lib/node_modules/starrynight/node_modules/nightwatch/lib/core/assertion.js:105:19)
    at Object.&lt;anonymous&gt; (/usr/local/lib/node_modules/starrynight/node_modules/nightwatch/lib/api/element-commands.js:341:22)
    at HttpRequest.&lt;anonymous&gt; (/usr/local/lib/node_modules/starrynight/node_modules/nightwatch/lib/index.js:299:20)
    at HttpRequest.emit (events.js:98:17)
    at HttpRequest.&lt;anonymous&gt; (/usr/local/lib/node_modules/starrynight/node_modules/nightwatch/lib/index.js:346:15)
    at HttpRequest.emit (events.js:106:17)
    at IncomingMessage.&lt;anonymous&gt; (/usr/local/lib/node_modules/starrynight/node_modules/nightwatch/lib/http/request.js:150:16)
    at IncomingMessage.emit (events.js:117:20)
    at _stream_readable.js:943:16
    at process._tickCallback (node.js:419:13)</failure>

      <failure message="Testing if element &lt;table tbody tr:nth-child(1) .Downstream_use&gt; contains text: &quot;&quot;. Element could not be located.">Testing if element &lt;table tbody tr:nth-child(1) .Downstream_use&gt; contains text: &quot;&quot;. Element could not be located.: Expected &quot;&quot; but got: &quot;null&quot;
    at Object.&lt;anonymous&gt; (/usr/local/lib/node_modules/starrynight/node_modules/nightwatch/lib/core/assertion.js:105:19)
    at Object.&lt;anonymous&gt; (/usr/local/lib/node_modules/starrynight/node_modules/nightwatch/lib/api/element-commands.js:341:22)
    at HttpRequest.&lt;anonymous&gt; (/usr/local/lib/node_modules/starrynight/node_modules/nightwatch/lib/index.js:299:20)
    at HttpRequest.emit (events.js:98:17)
    at HttpRequest.&lt;anonymous&gt; (/usr/local/lib/node_modules/starrynight/node_modules/nightwatch/lib/index.js:346:15)
    at HttpRequest.emit (events.js:106:17)
    at IncomingMessage.&lt;anonymous&gt; (/usr/local/lib/node_modules/starrynight/node_modules/nightwatch/lib/http/request.js:150:16)
    at IncomingMessage.emit (events.js:117:20)
    at _stream_readable.js:943:16
    at process._tickCallback (node.js:419:13)</failure>

    
    </testcase>
  
    <testcase name="RNA Sequence Completion Form" time="23.05" assertions="47">

    

    

    

    

    

    

    

    

    

    

    

    

    

    

    

    

    

    

    

    

    

    

    

    

    

    

      <failure message="Testing if element &lt;table tbody tr&gt; is present.">Testing if element &lt;table tbody tr&gt; is present.: Expected &quot;present&quot; but got: &quot;null&quot;
    at Object.&lt;anonymous&gt; (/usr/local/lib/node_modules/starrynight/node_modules/nightwatch/lib/core/assertion.js:105:19)
    at HttpRequest.&lt;anonymous&gt; (/usr/local/lib/node_modules/starrynight/node_modules/nightwatch/lib/index.js:299:20)
    at HttpRequest.emit (events.js:98:17)
    at HttpRequest.&lt;anonymous&gt; (/usr/local/lib/node_modules/starrynight/node_modules/nightwatch/lib/index.js:346:15)
    at HttpRequest.emit (events.js:106:17)
    at IncomingMessage.&lt;anonymous&gt; (/usr/local/lib/node_modules/starrynight/node_modules/nightwatch/lib/http/request.js:150:16)
    at IncomingMessage.emit (events.js:117:20)
    at _stream_readable.js:943:16
    at process._tickCallback (node.js:419:13)</failure>

      <failure message="Testing if element &lt;table tbody tr:nth-child(1)&gt; is present.">Testing if element &lt;table tbody tr:nth-child(1)&gt; is present.: Expected &quot;present&quot; but got: &quot;null&quot;
    at Object.&lt;anonymous&gt; (/usr/local/lib/node_modules/starrynight/node_modules/nightwatch/lib/core/assertion.js:105:19)
    at HttpRequest.&lt;anonymous&gt; (/usr/local/lib/node_modules/starrynight/node_modules/nightwatch/lib/index.js:299:20)
    at HttpRequest.emit (events.js:98:17)
    at HttpRequest.&lt;anonymous&gt; (/usr/local/lib/node_modules/starrynight/node_modules/nightwatch/lib/index.js:346:15)
    at HttpRequest.emit (events.js:106:17)
    at IncomingMessage.&lt;anonymous&gt; (/usr/local/lib/node_modules/starrynight/node_modules/nightwatch/lib/http/request.js:150:16)
    at IncomingMessage.emit (events.js:117:20)
    at _stream_readable.js:943:16
    at process._tickCallback (node.js:419:13)</failure>

      <failure message="Testing if element &lt;table tbody tr:nth-child(1) .Patient_ID&gt; is present.">Testing if element &lt;table tbody tr:nth-child(1) .Patient_ID&gt; is present.: Expected &quot;present&quot; but got: &quot;null&quot;
    at Object.&lt;anonymous&gt; (/usr/local/lib/node_modules/starrynight/node_modules/nightwatch/lib/core/assertion.js:105:19)
    at HttpRequest.&lt;anonymous&gt; (/usr/local/lib/node_modules/starrynight/node_modules/nightwatch/lib/index.js:299:20)
    at HttpRequest.emit (events.js:98:17)
    at HttpRequest.&lt;anonymous&gt; (/usr/local/lib/node_modules/starrynight/node_modules/nightwatch/lib/index.js:346:15)
    at HttpRequest.emit (events.js:106:17)
    at IncomingMessage.&lt;anonymous&gt; (/usr/local/lib/node_modules/starrynight/node_modules/nightwatch/lib/http/request.js:150:16)
    at IncomingMessage.emit (events.js:117:20)
    at _stream_readable.js:943:16
    at process._tickCallback (node.js:419:13)</failure>

      <failure message="Testing if element &lt;table tbody tr:nth-child(1) .LNCAP_control_source&gt; is present.">Testing if element &lt;table tbody tr:nth-child(1) .LNCAP_control_source&gt; is present.: Expected &quot;present&quot; but got: &quot;null&quot;
    at Object.&lt;anonymous&gt; (/usr/local/lib/node_modules/starrynight/node_modules/nightwatch/lib/core/assertion.js:105:19)
    at HttpRequest.&lt;anonymous&gt; (/usr/local/lib/node_modules/starrynight/node_modules/nightwatch/lib/index.js:299:20)
    at HttpRequest.emit (events.js:98:17)
    at HttpRequest.&lt;anonymous&gt; (/usr/local/lib/node_modules/starrynight/node_modules/nightwatch/lib/index.js:346:15)
    at HttpRequest.emit (events.js:106:17)
    at IncomingMessage.&lt;anonymous&gt; (/usr/local/lib/node_modules/starrynight/node_modules/nightwatch/lib/http/request.js:150:16)
    at IncomingMessage.emit (events.js:117:20)
    at _stream_readable.js:943:16
    at process._tickCallback (node.js:419:13)</failure>

      <failure message="Testing if element &lt;table tbody tr:nth-child(1) .QC_reports&gt; is present.">Testing if element &lt;table tbody tr:nth-child(1) .QC_reports&gt; is present.: Expected &quot;present&quot; but got: &quot;null&quot;
    at Object.&lt;anonymous&gt; (/usr/local/lib/node_modules/starrynight/node_modules/nightwatch/lib/core/assertion.js:105:19)
    at HttpRequest.&lt;anonymous&gt; (/usr/local/lib/node_modules/starrynight/node_modules/nightwatch/lib/index.js:299:20)
    at HttpRequest.emit (events.js:98:17)
    at HttpRequest.&lt;anonymous&gt; (/usr/local/lib/node_modules/starrynight/node_modules/nightwatch/lib/index.js:346:15)
    at HttpRequest.emit (events.js:106:17)
    at IncomingMessage.&lt;anonymous&gt; (/usr/local/lib/node_modules/starrynight/node_modules/nightwatch/lib/http/request.js:150:16)
    at IncomingMessage.emit (events.js:117:20)
    at _stream_readable.js:943:16
    at process._tickCallback (node.js:419:13)</failure>

      <failure message="Testing if element &lt;table tbody tr:nth-child(1) .RIN_score_from_UCSF&gt; is present.">Testing if element &lt;table tbody tr:nth-child(1) .RIN_score_from_UCSF&gt; is present.: Expected &quot;present&quot; but got: &quot;null&quot;
    at Object.&lt;anonymous&gt; (/usr/local/lib/node_modules/starrynight/node_modules/nightwatch/lib/core/assertion.js:105:19)
    at HttpRequest.&lt;anonymous&gt; (/usr/local/lib/node_modules/starrynight/node_modules/nightwatch/lib/index.js:299:20)
    at HttpRequest.emit (events.js:98:17)
    at HttpRequest.&lt;anonymous&gt; (/usr/local/lib/node_modules/starrynight/node_modules/nightwatch/lib/index.js:346:15)
    at HttpRequest.emit (events.js:106:17)
    at IncomingMessage.&lt;anonymous&gt; (/usr/local/lib/node_modules/starrynight/node_modules/nightwatch/lib/http/request.js:150:16)
    at IncomingMessage.emit (events.js:117:20)
    at _stream_readable.js:943:16
    at process._tickCallback (node.js:419:13)</failure>

      <failure message="Testing if element &lt;table tbody tr:nth-child(1) .date_completed&gt; is present.">Testing if element &lt;table tbody tr:nth-child(1) .date_completed&gt; is present.: Expected &quot;present&quot; but got: &quot;null&quot;
    at Object.&lt;anonymous&gt; (/usr/local/lib/node_modules/starrynight/node_modules/nightwatch/lib/core/assertion.js:105:19)
    at HttpRequest.&lt;anonymous&gt; (/usr/local/lib/node_modules/starrynight/node_modules/nightwatch/lib/index.js:299:20)
    at HttpRequest.emit (events.js:98:17)
    at HttpRequest.&lt;anonymous&gt; (/usr/local/lib/node_modules/starrynight/node_modules/nightwatch/lib/index.js:346:15)
    at HttpRequest.emit (events.js:106:17)
    at IncomingMessage.&lt;anonymous&gt; (/usr/local/lib/node_modules/starrynight/node_modules/nightwatch/lib/http/request.js:150:16)
    at IncomingMessage.emit (events.js:117:20)
    at _stream_readable.js:943:16
    at process._tickCallback (node.js:419:13)</failure>

      <failure message="Testing if element &lt;table tbody tr:nth-child(1) .date_received&gt; is present.">Testing if element &lt;table tbody tr:nth-child(1) .date_received&gt; is present.: Expected &quot;present&quot; but got: &quot;null&quot;
    at Object.&lt;anonymous&gt; (/usr/local/lib/node_modules/starrynight/node_modules/nightwatch/lib/core/assertion.js:105:19)
    at HttpRequest.&lt;anonymous&gt; (/usr/local/lib/node_modules/starrynight/node_modules/nightwatch/lib/index.js:299:20)
    at HttpRequest.emit (events.js:98:17)
    at HttpRequest.&lt;anonymous&gt; (/usr/local/lib/node_modules/starrynight/node_modules/nightwatch/lib/index.js:346:15)
    at HttpRequest.emit (events.js:106:17)
    at IncomingMessage.&lt;anonymous&gt; (/usr/local/lib/node_modules/starrynight/node_modules/nightwatch/lib/http/request.js:150:16)
    at IncomingMessage.emit (events.js:117:20)
    at _stream_readable.js:943:16
    at process._tickCallback (node.js:419:13)</failure>

      <failure message="Testing if element &lt;table tbody tr:nth-child(1) .library_prep_used&gt; is present.">Testing if element &lt;table tbody tr:nth-child(1) .library_prep_used&gt; is present.: Expected &quot;present&quot; but got: &quot;null&quot;
    at Object.&lt;anonymous&gt; (/usr/local/lib/node_modules/starrynight/node_modules/nightwatch/lib/core/assertion.js:105:19)
    at HttpRequest.&lt;anonymous&gt; (/usr/local/lib/node_modules/starrynight/node_modules/nightwatch/lib/index.js:299:20)
    at HttpRequest.emit (events.js:98:17)
    at HttpRequest.&lt;anonymous&gt; (/usr/local/lib/node_modules/starrynight/node_modules/nightwatch/lib/index.js:346:15)
    at HttpRequest.emit (events.js:106:17)
    at IncomingMessage.&lt;anonymous&gt; (/usr/local/lib/node_modules/starrynight/node_modules/nightwatch/lib/http/request.js:150:16)
    at IncomingMessage.emit (events.js:117:20)
    at _stream_readable.js:943:16
    at process._tickCallback (node.js:419:13)</failure>

      <failure message="Testing if element &lt;table tbody tr:nth-child(1) .library_prep_notes&gt; is present.">Testing if element &lt;table tbody tr:nth-child(1) .library_prep_notes&gt; is present.: Expected &quot;present&quot; but got: &quot;null&quot;
    at Object.&lt;anonymous&gt; (/usr/local/lib/node_modules/starrynight/node_modules/nightwatch/lib/core/assertion.js:105:19)
    at HttpRequest.&lt;anonymous&gt; (/usr/local/lib/node_modules/starrynight/node_modules/nightwatch/lib/index.js:299:20)
    at HttpRequest.emit (events.js:98:17)
    at HttpRequest.&lt;anonymous&gt; (/usr/local/lib/node_modules/starrynight/node_modules/nightwatch/lib/index.js:346:15)
    at HttpRequest.emit (events.js:106:17)
    at IncomingMessage.&lt;anonymous&gt; (/usr/local/lib/node_modules/starrynight/node_modules/nightwatch/lib/http/request.js:150:16)
    at IncomingMessage.emit (events.js:117:20)
    at _stream_readable.js:943:16
    at process._tickCallback (node.js:419:13)</failure>

      <failure message="Testing if element &lt;table tbody tr:nth-child(1) .location_of_fastq_file&gt; is present.">Testing if element &lt;table tbody tr:nth-child(1) .location_of_fastq_file&gt; is present.: Expected &quot;present&quot; but got: &quot;null&quot;
    at Object.&lt;anonymous&gt; (/usr/local/lib/node_modules/starrynight/node_modules/nightwatch/lib/core/assertion.js:105:19)
    at HttpRequest.&lt;anonymous&gt; (/usr/local/lib/node_modules/starrynight/node_modules/nightwatch/lib/index.js:299:20)
    at HttpRequest.emit (events.js:98:17)
    at HttpRequest.&lt;anonymous&gt; (/usr/local/lib/node_modules/starrynight/node_modules/nightwatch/lib/index.js:346:15)
    at HttpRequest.emit (events.js:106:17)
    at IncomingMessage.&lt;anonymous&gt; (/usr/local/lib/node_modules/starrynight/node_modules/nightwatch/lib/http/request.js:150:16)
    at IncomingMessage.emit (events.js:117:20)
    at _stream_readable.js:943:16
    at process._tickCallback (node.js:419:13)</failure>

      <failure message="Testing if element &lt;table tbody tr:nth-child(1) .Patient_ID&gt; contains text: &quot;&quot;. Element could not be located.">Testing if element &lt;table tbody tr:nth-child(1) .Patient_ID&gt; contains text: &quot;&quot;. Element could not be located.: Expected &quot;&quot; but got: &quot;null&quot;
    at Object.&lt;anonymous&gt; (/usr/local/lib/node_modules/starrynight/node_modules/nightwatch/lib/core/assertion.js:105:19)
    at Object.&lt;anonymous&gt; (/usr/local/lib/node_modules/starrynight/node_modules/nightwatch/lib/api/element-commands.js:341:22)
    at HttpRequest.&lt;anonymous&gt; (/usr/local/lib/node_modules/starrynight/node_modules/nightwatch/lib/index.js:299:20)
    at HttpRequest.emit (events.js:98:17)
    at HttpRequest.&lt;anonymous&gt; (/usr/local/lib/node_modules/starrynight/node_modules/nightwatch/lib/index.js:346:15)
    at HttpRequest.emit (events.js:106:17)
    at IncomingMessage.&lt;anonymous&gt; (/usr/local/lib/node_modules/starrynight/node_modules/nightwatch/lib/http/request.js:150:16)
    at IncomingMessage.emit (events.js:117:20)
    at _stream_readable.js:943:16
    at process._tickCallback (node.js:419:13)</failure>

      <failure message="Testing if element &lt;table tbody tr:nth-child(1) .LNCAP_control_source&gt; contains text: &quot;&quot;. Element could not be located.">Testing if element &lt;table tbody tr:nth-child(1) .LNCAP_control_source&gt; contains text: &quot;&quot;. Element could not be located.: Expected &quot;&quot; but got: &quot;null&quot;
    at Object.&lt;anonymous&gt; (/usr/local/lib/node_modules/starrynight/node_modules/nightwatch/lib/core/assertion.js:105:19)
    at Object.&lt;anonymous&gt; (/usr/local/lib/node_modules/starrynight/node_modules/nightwatch/lib/api/element-commands.js:341:22)
    at HttpRequest.&lt;anonymous&gt; (/usr/local/lib/node_modules/starrynight/node_modules/nightwatch/lib/index.js:299:20)
    at HttpRequest.emit (events.js:98:17)
    at HttpRequest.&lt;anonymous&gt; (/usr/local/lib/node_modules/starrynight/node_modules/nightwatch/lib/index.js:346:15)
    at HttpRequest.emit (events.js:106:17)
    at IncomingMessage.&lt;anonymous&gt; (/usr/local/lib/node_modules/starrynight/node_modules/nightwatch/lib/http/request.js:150:16)
    at IncomingMessage.emit (events.js:117:20)
    at _stream_readable.js:943:16
    at process._tickCallback (node.js:419:13)</failure>

      <failure message="Testing if element &lt;table tbody tr:nth-child(1) .QC_reports&gt; contains text: &quot;&quot;. Element could not be located.">Testing if element &lt;table tbody tr:nth-child(1) .QC_reports&gt; contains text: &quot;&quot;. Element could not be located.: Expected &quot;&quot; but got: &quot;null&quot;
    at Object.&lt;anonymous&gt; (/usr/local/lib/node_modules/starrynight/node_modules/nightwatch/lib/core/assertion.js:105:19)
    at Object.&lt;anonymous&gt; (/usr/local/lib/node_modules/starrynight/node_modules/nightwatch/lib/api/element-commands.js:341:22)
    at HttpRequest.&lt;anonymous&gt; (/usr/local/lib/node_modules/starrynight/node_modules/nightwatch/lib/index.js:299:20)
    at HttpRequest.emit (events.js:98:17)
    at HttpRequest.&lt;anonymous&gt; (/usr/local/lib/node_modules/starrynight/node_modules/nightwatch/lib/index.js:346:15)
    at HttpRequest.emit (events.js:106:17)
    at IncomingMessage.&lt;anonymous&gt; (/usr/local/lib/node_modules/starrynight/node_modules/nightwatch/lib/http/request.js:150:16)
    at IncomingMessage.emit (events.js:117:20)
    at _stream_readable.js:943:16
    at process._tickCallback (node.js:419:13)</failure>

      <failure message="Testing if element &lt;table tbody tr:nth-child(1) .RIN_score_from_UCSF&gt; contains text: &quot;&quot;. Element could not be located.">Testing if element &lt;table tbody tr:nth-child(1) .RIN_score_from_UCSF&gt; contains text: &quot;&quot;. Element could not be located.: Expected &quot;&quot; but got: &quot;null&quot;
    at Object.&lt;anonymous&gt; (/usr/local/lib/node_modules/starrynight/node_modules/nightwatch/lib/core/assertion.js:105:19)
    at Object.&lt;anonymous&gt; (/usr/local/lib/node_modules/starrynight/node_modules/nightwatch/lib/api/element-commands.js:341:22)
    at HttpRequest.&lt;anonymous&gt; (/usr/local/lib/node_modules/starrynight/node_modules/nightwatch/lib/index.js:299:20)
    at HttpRequest.emit (events.js:98:17)
    at HttpRequest.&lt;anonymous&gt; (/usr/local/lib/node_modules/starrynight/node_modules/nightwatch/lib/index.js:346:15)
    at HttpRequest.emit (events.js:106:17)
    at IncomingMessage.&lt;anonymous&gt; (/usr/local/lib/node_modules/starrynight/node_modules/nightwatch/lib/http/request.js:150:16)
    at IncomingMessage.emit (events.js:117:20)
    at _stream_readable.js:943:16
    at process._tickCallback (node.js:419:13)</failure>

      <failure message="Testing if element &lt;table tbody tr:nth-child(1) .date_completed&gt; contains text: &quot;&quot;. Element could not be located.">Testing if element &lt;table tbody tr:nth-child(1) .date_completed&gt; contains text: &quot;&quot;. Element could not be located.: Expected &quot;&quot; but got: &quot;null&quot;
    at Object.&lt;anonymous&gt; (/usr/local/lib/node_modules/starrynight/node_modules/nightwatch/lib/core/assertion.js:105:19)
    at Object.&lt;anonymous&gt; (/usr/local/lib/node_modules/starrynight/node_modules/nightwatch/lib/api/element-commands.js:341:22)
    at HttpRequest.&lt;anonymous&gt; (/usr/local/lib/node_modules/starrynight/node_modules/nightwatch/lib/index.js:299:20)
    at HttpRequest.emit (events.js:98:17)
    at HttpRequest.&lt;anonymous&gt; (/usr/local/lib/node_modules/starrynight/node_modules/nightwatch/lib/index.js:346:15)
    at HttpRequest.emit (events.js:106:17)
    at IncomingMessage.&lt;anonymous&gt; (/usr/local/lib/node_modules/starrynight/node_modules/nightwatch/lib/http/request.js:150:16)
    at IncomingMessage.emit (events.js:117:20)
    at _stream_readable.js:943:16
    at process._tickCallback (node.js:419:13)</failure>

      <failure message="Testing if element &lt;table tbody tr:nth-child(1) .date_received&gt; contains text: &quot;&quot;. Element could not be located.">Testing if element &lt;table tbody tr:nth-child(1) .date_received&gt; contains text: &quot;&quot;. Element could not be located.: Expected &quot;&quot; but got: &quot;null&quot;
    at Object.&lt;anonymous&gt; (/usr/local/lib/node_modules/starrynight/node_modules/nightwatch/lib/core/assertion.js:105:19)
    at Object.&lt;anonymous&gt; (/usr/local/lib/node_modules/starrynight/node_modules/nightwatch/lib/api/element-commands.js:341:22)
    at HttpRequest.&lt;anonymous&gt; (/usr/local/lib/node_modules/starrynight/node_modules/nightwatch/lib/index.js:299:20)
    at HttpRequest.emit (events.js:98:17)
    at HttpRequest.&lt;anonymous&gt; (/usr/local/lib/node_modules/starrynight/node_modules/nightwatch/lib/index.js:346:15)
    at HttpRequest.emit (events.js:106:17)
    at IncomingMessage.&lt;anonymous&gt; (/usr/local/lib/node_modules/starrynight/node_modules/nightwatch/lib/http/request.js:150:16)
    at IncomingMessage.emit (events.js:117:20)
    at _stream_readable.js:943:16
    at process._tickCallback (node.js:419:13)</failure>

      <failure message="Testing if element &lt;table tbody tr:nth-child(1) .library_prep_used&gt; contains text: &quot;&quot;. Element could not be located.">Testing if element &lt;table tbody tr:nth-child(1) .library_prep_used&gt; contains text: &quot;&quot;. Element could not be located.: Expected &quot;&quot; but got: &quot;null&quot;
    at Object.&lt;anonymous&gt; (/usr/local/lib/node_modules/starrynight/node_modules/nightwatch/lib/core/assertion.js:105:19)
    at Object.&lt;anonymous&gt; (/usr/local/lib/node_modules/starrynight/node_modules/nightwatch/lib/api/element-commands.js:341:22)
    at HttpRequest.&lt;anonymous&gt; (/usr/local/lib/node_modules/starrynight/node_modules/nightwatch/lib/index.js:299:20)
    at HttpRequest.emit (events.js:98:17)
    at HttpRequest.&lt;anonymous&gt; (/usr/local/lib/node_modules/starrynight/node_modules/nightwatch/lib/index.js:346:15)
    at HttpRequest.emit (events.js:106:17)
    at IncomingMessage.&lt;anonymous&gt; (/usr/local/lib/node_modules/starrynight/node_modules/nightwatch/lib/http/request.js:150:16)
    at IncomingMessage.emit (events.js:117:20)
    at _stream_readable.js:943:16
    at process._tickCallback (node.js:419:13)</failure>

      <failure message="Testing if element &lt;table tbody tr:nth-child(1) .library_prep_notes&gt; contains text: &quot;&quot;. Element could not be located.">Testing if element &lt;table tbody tr:nth-child(1) .library_prep_notes&gt; contains text: &quot;&quot;. Element could not be located.: Expected &quot;&quot; but got: &quot;null&quot;
    at Object.&lt;anonymous&gt; (/usr/local/lib/node_modules/starrynight/node_modules/nightwatch/lib/core/assertion.js:105:19)
    at Object.&lt;anonymous&gt; (/usr/local/lib/node_modules/starrynight/node_modules/nightwatch/lib/api/element-commands.js:341:22)
    at HttpRequest.&lt;anonymous&gt; (/usr/local/lib/node_modules/starrynight/node_modules/nightwatch/lib/index.js:299:20)
    at HttpRequest.emit (events.js:98:17)
    at HttpRequest.&lt;anonymous&gt; (/usr/local/lib/node_modules/starrynight/node_modules/nightwatch/lib/index.js:346:15)
    at HttpRequest.emit (events.js:106:17)
    at IncomingMessage.&lt;anonymous&gt; (/usr/local/lib/node_modules/starrynight/node_modules/nightwatch/lib/http/request.js:150:16)
    at IncomingMessage.emit (events.js:117:20)
    at _stream_readable.js:943:16
    at process._tickCallback (node.js:419:13)</failure>

      <failure message="Testing if element &lt;table tbody tr:nth-child(1) .location_of_fastq_file&gt; contains text: &quot;&quot;. Element could not be located.">Testing if element &lt;table tbody tr:nth-child(1) .location_of_fastq_file&gt; contains text: &quot;&quot;. Element could not be located.: Expected &quot;&quot; but got: &quot;null&quot;
    at Object.&lt;anonymous&gt; (/usr/local/lib/node_modules/starrynight/node_modules/nightwatch/lib/core/assertion.js:105:19)
    at Object.&lt;anonymous&gt; (/usr/local/lib/node_modules/starrynight/node_modules/nightwatch/lib/api/element-commands.js:341:22)
    at HttpRequest.&lt;anonymous&gt; (/usr/local/lib/node_modules/starrynight/node_modules/nightwatch/lib/index.js:299:20)
    at HttpRequest.emit (events.js:98:17)
    at HttpRequest.&lt;anonymous&gt; (/usr/local/lib/node_modules/starrynight/node_modules/nightwatch/lib/index.js:346:15)
    at HttpRequest.emit (events.js:106:17)
    at IncomingMessage.&lt;anonymous&gt; (/usr/local/lib/node_modules/starrynight/node_modules/nightwatch/lib/http/request.js:150:16)
    at IncomingMessage.emit (events.js:117:20)
    at _stream_readable.js:943:16
    at process._tickCallback (node.js:419:13)</failure>

    
    </testcase>
  
    <testcase name="Pathology Form" time="29.70" assertions="61">

    

    

    

    

    

    

    

    

    

    

    

    

    

    

    

    

    

    

    

    

    

    

    

    

    

    

    

    

    

    

      <failure message="Testing if element &lt;table tbody tr&gt; is present.">Testing if element &lt;table tbody tr&gt; is present.: Expected &quot;present&quot; but got: &quot;null&quot;
    at Object.&lt;anonymous&gt; (/usr/local/lib/node_modules/starrynight/node_modules/nightwatch/lib/core/assertion.js:105:19)
    at HttpRequest.&lt;anonymous&gt; (/usr/local/lib/node_modules/starrynight/node_modules/nightwatch/lib/index.js:299:20)
    at HttpRequest.emit (events.js:98:17)
    at HttpRequest.&lt;anonymous&gt; (/usr/local/lib/node_modules/starrynight/node_modules/nightwatch/lib/index.js:346:15)
    at HttpRequest.emit (events.js:106:17)
    at IncomingMessage.&lt;anonymous&gt; (/usr/local/lib/node_modules/starrynight/node_modules/nightwatch/lib/http/request.js:150:16)
    at IncomingMessage.emit (events.js:117:20)
    at _stream_readable.js:943:16
    at process._tickCallback (node.js:419:13)</failure>

      <failure message="Testing if element &lt;table tbody tr:nth-child(1)&gt; is present.">Testing if element &lt;table tbody tr:nth-child(1)&gt; is present.: Expected &quot;present&quot; but got: &quot;null&quot;
    at Object.&lt;anonymous&gt; (/usr/local/lib/node_modules/starrynight/node_modules/nightwatch/lib/core/assertion.js:105:19)
    at HttpRequest.&lt;anonymous&gt; (/usr/local/lib/node_modules/starrynight/node_modules/nightwatch/lib/index.js:299:20)
    at HttpRequest.emit (events.js:98:17)
    at HttpRequest.&lt;anonymous&gt; (/usr/local/lib/node_modules/starrynight/node_modules/nightwatch/lib/index.js:346:15)
    at HttpRequest.emit (events.js:106:17)
    at IncomingMessage.&lt;anonymous&gt; (/usr/local/lib/node_modules/starrynight/node_modules/nightwatch/lib/http/request.js:150:16)
    at IncomingMessage.emit (events.js:117:20)
    at _stream_readable.js:943:16
    at process._tickCallback (node.js:419:13)</failure>

      <failure message="Testing if element &lt;table tbody tr:nth-child(1) .Sample_ID&gt; is present.">Testing if element &lt;table tbody tr:nth-child(1) .Sample_ID&gt; is present.: Expected &quot;present&quot; but got: &quot;null&quot;
    at Object.&lt;anonymous&gt; (/usr/local/lib/node_modules/starrynight/node_modules/nightwatch/lib/core/assertion.js:105:19)
    at HttpRequest.&lt;anonymous&gt; (/usr/local/lib/node_modules/starrynight/node_modules/nightwatch/lib/index.js:299:20)
    at HttpRequest.emit (events.js:98:17)
    at HttpRequest.&lt;anonymous&gt; (/usr/local/lib/node_modules/starrynight/node_modules/nightwatch/lib/index.js:346:15)
    at HttpRequest.emit (events.js:106:17)
    at IncomingMessage.&lt;anonymous&gt; (/usr/local/lib/node_modules/starrynight/node_modules/nightwatch/lib/http/request.js:150:16)
    at IncomingMessage.emit (events.js:117:20)
    at _stream_readable.js:943:16
    at process._tickCallback (node.js:419:13)</failure>

      <failure message="Testing if element &lt;table tbody tr:nth-child(1) .Tumor_Content&gt; is present.">Testing if element &lt;table tbody tr:nth-child(1) .Tumor_Content&gt; is present.: Expected &quot;present&quot; but got: &quot;null&quot;
    at Object.&lt;anonymous&gt; (/usr/local/lib/node_modules/starrynight/node_modules/nightwatch/lib/core/assertion.js:105:19)
    at HttpRequest.&lt;anonymous&gt; (/usr/local/lib/node_modules/starrynight/node_modules/nightwatch/lib/index.js:299:20)
    at HttpRequest.emit (events.js:98:17)
    at HttpRequest.&lt;anonymous&gt; (/usr/local/lib/node_modules/starrynight/node_modules/nightwatch/lib/index.js:346:15)
    at HttpRequest.emit (events.js:106:17)
    at IncomingMessage.&lt;anonymous&gt; (/usr/local/lib/node_modules/starrynight/node_modules/nightwatch/lib/http/request.js:150:16)
    at IncomingMessage.emit (events.js:117:20)
    at _stream_readable.js:943:16
    at process._tickCallback (node.js:419:13)</failure>

      <failure message="Testing if element &lt;table tbody tr:nth-child(1) .Preliminary_Histology&gt; is present.">Testing if element &lt;table tbody tr:nth-child(1) .Preliminary_Histology&gt; is present.: Expected &quot;present&quot; but got: &quot;null&quot;
    at Object.&lt;anonymous&gt; (/usr/local/lib/node_modules/starrynight/node_modules/nightwatch/lib/core/assertion.js:105:19)
    at HttpRequest.&lt;anonymous&gt; (/usr/local/lib/node_modules/starrynight/node_modules/nightwatch/lib/index.js:299:20)
    at HttpRequest.emit (events.js:98:17)
    at HttpRequest.&lt;anonymous&gt; (/usr/local/lib/node_modules/starrynight/node_modules/nightwatch/lib/index.js:346:15)
    at HttpRequest.emit (events.js:106:17)
    at IncomingMessage.&lt;anonymous&gt; (/usr/local/lib/node_modules/starrynight/node_modules/nightwatch/lib/http/request.js:150:16)
    at IncomingMessage.emit (events.js:117:20)
    at _stream_readable.js:943:16
    at process._tickCallback (node.js:419:13)</failure>

      <failure message="Testing if element &lt;table tbody tr:nth-child(1) .Final_Histology&gt; is present.">Testing if element &lt;table tbody tr:nth-child(1) .Final_Histology&gt; is present.: Expected &quot;present&quot; but got: &quot;null&quot;
    at Object.&lt;anonymous&gt; (/usr/local/lib/node_modules/starrynight/node_modules/nightwatch/lib/core/assertion.js:105:19)
    at HttpRequest.&lt;anonymous&gt; (/usr/local/lib/node_modules/starrynight/node_modules/nightwatch/lib/index.js:299:20)
    at HttpRequest.emit (events.js:98:17)
    at HttpRequest.&lt;anonymous&gt; (/usr/local/lib/node_modules/starrynight/node_modules/nightwatch/lib/index.js:346:15)
    at HttpRequest.emit (events.js:106:17)
    at IncomingMessage.&lt;anonymous&gt; (/usr/local/lib/node_modules/starrynight/node_modules/nightwatch/lib/http/request.js:150:16)
    at IncomingMessage.emit (events.js:117:20)
    at _stream_readable.js:943:16
    at process._tickCallback (node.js:419:13)</failure>

      <failure message="Testing if element &lt;table tbody tr:nth-child(1) .AR-FISH_IHC&gt; is present.">Testing if element &lt;table tbody tr:nth-child(1) .AR-FISH_IHC&gt; is present.: Expected &quot;present&quot; but got: &quot;null&quot;
    at Object.&lt;anonymous&gt; (/usr/local/lib/node_modules/starrynight/node_modules/nightwatch/lib/core/assertion.js:105:19)
    at HttpRequest.&lt;anonymous&gt; (/usr/local/lib/node_modules/starrynight/node_modules/nightwatch/lib/index.js:299:20)
    at HttpRequest.emit (events.js:98:17)
    at HttpRequest.&lt;anonymous&gt; (/usr/local/lib/node_modules/starrynight/node_modules/nightwatch/lib/index.js:346:15)
    at HttpRequest.emit (events.js:106:17)
    at IncomingMessage.&lt;anonymous&gt; (/usr/local/lib/node_modules/starrynight/node_modules/nightwatch/lib/http/request.js:150:16)
    at IncomingMessage.emit (events.js:117:20)
    at _stream_readable.js:943:16
    at process._tickCallback (node.js:419:13)</failure>

      <failure message="Testing if element &lt;table tbody tr:nth-child(1) .PSA_IHC&gt; is present.">Testing if element &lt;table tbody tr:nth-child(1) .PSA_IHC&gt; is present.: Expected &quot;present&quot; but got: &quot;null&quot;
    at Object.&lt;anonymous&gt; (/usr/local/lib/node_modules/starrynight/node_modules/nightwatch/lib/core/assertion.js:105:19)
    at HttpRequest.&lt;anonymous&gt; (/usr/local/lib/node_modules/starrynight/node_modules/nightwatch/lib/index.js:299:20)
    at HttpRequest.emit (events.js:98:17)
    at HttpRequest.&lt;anonymous&gt; (/usr/local/lib/node_modules/starrynight/node_modules/nightwatch/lib/index.js:346:15)
    at HttpRequest.emit (events.js:106:17)
    at IncomingMessage.&lt;anonymous&gt; (/usr/local/lib/node_modules/starrynight/node_modules/nightwatch/lib/http/request.js:150:16)
    at IncomingMessage.emit (events.js:117:20)
    at _stream_readable.js:943:16
    at process._tickCallback (node.js:419:13)</failure>

      <failure message="Testing if element &lt;table tbody tr:nth-child(1) .CHGA_IHC&gt; is present.">Testing if element &lt;table tbody tr:nth-child(1) .CHGA_IHC&gt; is present.: Expected &quot;present&quot; but got: &quot;null&quot;
    at Object.&lt;anonymous&gt; (/usr/local/lib/node_modules/starrynight/node_modules/nightwatch/lib/core/assertion.js:105:19)
    at HttpRequest.&lt;anonymous&gt; (/usr/local/lib/node_modules/starrynight/node_modules/nightwatch/lib/index.js:299:20)
    at HttpRequest.emit (events.js:98:17)
    at HttpRequest.&lt;anonymous&gt; (/usr/local/lib/node_modules/starrynight/node_modules/nightwatch/lib/index.js:346:15)
    at HttpRequest.emit (events.js:106:17)
    at IncomingMessage.&lt;anonymous&gt; (/usr/local/lib/node_modules/starrynight/node_modules/nightwatch/lib/http/request.js:150:16)
    at IncomingMessage.emit (events.js:117:20)
    at _stream_readable.js:943:16
    at process._tickCallback (node.js:419:13)</failure>

      <failure message="Testing if element &lt;table tbody tr:nth-child(1) .AR-FISH_test_performed&gt; is present.">Testing if element &lt;table tbody tr:nth-child(1) .AR-FISH_test_performed&gt; is present.: Expected &quot;present&quot; but got: &quot;null&quot;
    at Object.&lt;anonymous&gt; (/usr/local/lib/node_modules/starrynight/node_modules/nightwatch/lib/core/assertion.js:105:19)
    at HttpRequest.&lt;anonymous&gt; (/usr/local/lib/node_modules/starrynight/node_modules/nightwatch/lib/index.js:299:20)
    at HttpRequest.emit (events.js:98:17)
    at HttpRequest.&lt;anonymous&gt; (/usr/local/lib/node_modules/starrynight/node_modules/nightwatch/lib/index.js:346:15)
    at HttpRequest.emit (events.js:106:17)
    at IncomingMessage.&lt;anonymous&gt; (/usr/local/lib/node_modules/starrynight/node_modules/nightwatch/lib/http/request.js:150:16)
    at IncomingMessage.emit (events.js:117:20)
    at _stream_readable.js:943:16
    at process._tickCallback (node.js:419:13)</failure>

      <failure message="Testing if element &lt;table tbody tr:nth-child(1) .AR_chromosomeX_ratio&gt; is present.">Testing if element &lt;table tbody tr:nth-child(1) .AR_chromosomeX_ratio&gt; is present.: Expected &quot;present&quot; but got: &quot;null&quot;
    at Object.&lt;anonymous&gt; (/usr/local/lib/node_modules/starrynight/node_modules/nightwatch/lib/core/assertion.js:105:19)
    at HttpRequest.&lt;anonymous&gt; (/usr/local/lib/node_modules/starrynight/node_modules/nightwatch/lib/index.js:299:20)
    at HttpRequest.emit (events.js:98:17)
    at HttpRequest.&lt;anonymous&gt; (/usr/local/lib/node_modules/starrynight/node_modules/nightwatch/lib/index.js:346:15)
    at HttpRequest.emit (events.js:106:17)
    at IncomingMessage.&lt;anonymous&gt; (/usr/local/lib/node_modules/starrynight/node_modules/nightwatch/lib/http/request.js:150:16)
    at IncomingMessage.emit (events.js:117:20)
    at _stream_readable.js:943:16
    at process._tickCallback (node.js:419:13)</failure>

      <failure message="Testing if element &lt;table tbody tr:nth-child(1) .ION_Torrent_test_performed&gt; is present.">Testing if element &lt;table tbody tr:nth-child(1) .ION_Torrent_test_performed&gt; is present.: Expected &quot;present&quot; but got: &quot;null&quot;
    at Object.&lt;anonymous&gt; (/usr/local/lib/node_modules/starrynight/node_modules/nightwatch/lib/core/assertion.js:105:19)
    at HttpRequest.&lt;anonymous&gt; (/usr/local/lib/node_modules/starrynight/node_modules/nightwatch/lib/index.js:299:20)
    at HttpRequest.emit (events.js:98:17)
    at HttpRequest.&lt;anonymous&gt; (/usr/local/lib/node_modules/starrynight/node_modules/nightwatch/lib/index.js:346:15)
    at HttpRequest.emit (events.js:106:17)
    at IncomingMessage.&lt;anonymous&gt; (/usr/local/lib/node_modules/starrynight/node_modules/nightwatch/lib/http/request.js:150:16)
    at IncomingMessage.emit (events.js:117:20)
    at _stream_readable.js:943:16
    at process._tickCallback (node.js:419:13)</failure>

      <failure message="Testing if element &lt;table tbody tr:nth-child(1) .PTEN_IHC&gt; is present.">Testing if element &lt;table tbody tr:nth-child(1) .PTEN_IHC&gt; is present.: Expected &quot;present&quot; but got: &quot;null&quot;
    at Object.&lt;anonymous&gt; (/usr/local/lib/node_modules/starrynight/node_modules/nightwatch/lib/core/assertion.js:105:19)
    at HttpRequest.&lt;anonymous&gt; (/usr/local/lib/node_modules/starrynight/node_modules/nightwatch/lib/index.js:299:20)
    at HttpRequest.emit (events.js:98:17)
    at HttpRequest.&lt;anonymous&gt; (/usr/local/lib/node_modules/starrynight/node_modules/nightwatch/lib/index.js:346:15)
    at HttpRequest.emit (events.js:106:17)
    at IncomingMessage.&lt;anonymous&gt; (/usr/local/lib/node_modules/starrynight/node_modules/nightwatch/lib/http/request.js:150:16)
    at IncomingMessage.emit (events.js:117:20)
    at _stream_readable.js:943:16
    at process._tickCallback (node.js:419:13)</failure>

      <failure message="Testing if element &lt;table tbody tr:nth-child(1) .PTEN_test_performed&gt; is present.">Testing if element &lt;table tbody tr:nth-child(1) .PTEN_test_performed&gt; is present.: Expected &quot;present&quot; but got: &quot;null&quot;
    at Object.&lt;anonymous&gt; (/usr/local/lib/node_modules/starrynight/node_modules/nightwatch/lib/core/assertion.js:105:19)
    at HttpRequest.&lt;anonymous&gt; (/usr/local/lib/node_modules/starrynight/node_modules/nightwatch/lib/index.js:299:20)
    at HttpRequest.emit (events.js:98:17)
    at HttpRequest.&lt;anonymous&gt; (/usr/local/lib/node_modules/starrynight/node_modules/nightwatch/lib/index.js:346:15)
    at HttpRequest.emit (events.js:106:17)
    at IncomingMessage.&lt;anonymous&gt; (/usr/local/lib/node_modules/starrynight/node_modules/nightwatch/lib/http/request.js:150:16)
    at IncomingMessage.emit (events.js:117:20)
    at _stream_readable.js:943:16
    at process._tickCallback (node.js:419:13)</failure>

      <failure message="Testing if element &lt;table tbody tr:nth-child(1) .Sample_ID&gt; contains text: &quot;&quot;. Element could not be located.">Testing if element &lt;table tbody tr:nth-child(1) .Sample_ID&gt; contains text: &quot;&quot;. Element could not be located.: Expected &quot;&quot; but got: &quot;null&quot;
    at Object.&lt;anonymous&gt; (/usr/local/lib/node_modules/starrynight/node_modules/nightwatch/lib/core/assertion.js:105:19)
    at Object.&lt;anonymous&gt; (/usr/local/lib/node_modules/starrynight/node_modules/nightwatch/lib/api/element-commands.js:341:22)
    at HttpRequest.&lt;anonymous&gt; (/usr/local/lib/node_modules/starrynight/node_modules/nightwatch/lib/index.js:299:20)
    at HttpRequest.emit (events.js:98:17)
    at HttpRequest.&lt;anonymous&gt; (/usr/local/lib/node_modules/starrynight/node_modules/nightwatch/lib/index.js:346:15)
    at HttpRequest.emit (events.js:106:17)
    at IncomingMessage.&lt;anonymous&gt; (/usr/local/lib/node_modules/starrynight/node_modules/nightwatch/lib/http/request.js:150:16)
    at IncomingMessage.emit (events.js:117:20)
    at _stream_readable.js:943:16
    at process._tickCallback (node.js:419:13)</failure>

      <failure message="Testing if element &lt;table tbody tr:nth-child(1) .Tumor_Content&gt; contains text: &quot;&quot;. Element could not be located.">Testing if element &lt;table tbody tr:nth-child(1) .Tumor_Content&gt; contains text: &quot;&quot;. Element could not be located.: Expected &quot;&quot; but got: &quot;null&quot;
    at Object.&lt;anonymous&gt; (/usr/local/lib/node_modules/starrynight/node_modules/nightwatch/lib/core/assertion.js:105:19)
    at Object.&lt;anonymous&gt; (/usr/local/lib/node_modules/starrynight/node_modules/nightwatch/lib/api/element-commands.js:341:22)
    at HttpRequest.&lt;anonymous&gt; (/usr/local/lib/node_modules/starrynight/node_modules/nightwatch/lib/index.js:299:20)
    at HttpRequest.emit (events.js:98:17)
    at HttpRequest.&lt;anonymous&gt; (/usr/local/lib/node_modules/starrynight/node_modules/nightwatch/lib/index.js:346:15)
    at HttpRequest.emit (events.js:106:17)
    at IncomingMessage.&lt;anonymous&gt; (/usr/local/lib/node_modules/starrynight/node_modules/nightwatch/lib/http/request.js:150:16)
    at IncomingMessage.emit (events.js:117:20)
    at _stream_readable.js:943:16
    at process._tickCallback (node.js:419:13)</failure>

      <failure message="Testing if element &lt;table tbody tr:nth-child(1) .Preliminary_Histology&gt; contains text: &quot;&quot;. Element could not be located.">Testing if element &lt;table tbody tr:nth-child(1) .Preliminary_Histology&gt; contains text: &quot;&quot;. Element could not be located.: Expected &quot;&quot; but got: &quot;null&quot;
    at Object.&lt;anonymous&gt; (/usr/local/lib/node_modules/starrynight/node_modules/nightwatch/lib/core/assertion.js:105:19)
    at Object.&lt;anonymous&gt; (/usr/local/lib/node_modules/starrynight/node_modules/nightwatch/lib/api/element-commands.js:341:22)
    at HttpRequest.&lt;anonymous&gt; (/usr/local/lib/node_modules/starrynight/node_modules/nightwatch/lib/index.js:299:20)
    at HttpRequest.emit (events.js:98:17)
    at HttpRequest.&lt;anonymous&gt; (/usr/local/lib/node_modules/starrynight/node_modules/nightwatch/lib/index.js:346:15)
    at HttpRequest.emit (events.js:106:17)
    at IncomingMessage.&lt;anonymous&gt; (/usr/local/lib/node_modules/starrynight/node_modules/nightwatch/lib/http/request.js:150:16)
    at IncomingMessage.emit (events.js:117:20)
    at _stream_readable.js:943:16
    at process._tickCallback (node.js:419:13)</failure>

      <failure message="Testing if element &lt;table tbody tr:nth-child(1) .Final_Histology&gt; contains text: &quot;&quot;. Element could not be located.">Testing if element &lt;table tbody tr:nth-child(1) .Final_Histology&gt; contains text: &quot;&quot;. Element could not be located.: Expected &quot;&quot; but got: &quot;null&quot;
    at Object.&lt;anonymous&gt; (/usr/local/lib/node_modules/starrynight/node_modules/nightwatch/lib/core/assertion.js:105:19)
    at Object.&lt;anonymous&gt; (/usr/local/lib/node_modules/starrynight/node_modules/nightwatch/lib/api/element-commands.js:341:22)
    at HttpRequest.&lt;anonymous&gt; (/usr/local/lib/node_modules/starrynight/node_modules/nightwatch/lib/index.js:299:20)
    at HttpRequest.emit (events.js:98:17)
    at HttpRequest.&lt;anonymous&gt; (/usr/local/lib/node_modules/starrynight/node_modules/nightwatch/lib/index.js:346:15)
    at HttpRequest.emit (events.js:106:17)
    at IncomingMessage.&lt;anonymous&gt; (/usr/local/lib/node_modules/starrynight/node_modules/nightwatch/lib/http/request.js:150:16)
    at IncomingMessage.emit (events.js:117:20)
    at _stream_readable.js:943:16
    at process._tickCallback (node.js:419:13)</failure>

      <failure message="Testing if element &lt;table tbody tr:nth-child(1) .AR-FISH_IHC&gt; contains text: &quot;&quot;. Element could not be located.">Testing if element &lt;table tbody tr:nth-child(1) .AR-FISH_IHC&gt; contains text: &quot;&quot;. Element could not be located.: Expected &quot;&quot; but got: &quot;null&quot;
    at Object.&lt;anonymous&gt; (/usr/local/lib/node_modules/starrynight/node_modules/nightwatch/lib/core/assertion.js:105:19)
    at Object.&lt;anonymous&gt; (/usr/local/lib/node_modules/starrynight/node_modules/nightwatch/lib/api/element-commands.js:341:22)
    at HttpRequest.&lt;anonymous&gt; (/usr/local/lib/node_modules/starrynight/node_modules/nightwatch/lib/index.js:299:20)
    at HttpRequest.emit (events.js:98:17)
    at HttpRequest.&lt;anonymous&gt; (/usr/local/lib/node_modules/starrynight/node_modules/nightwatch/lib/index.js:346:15)
    at HttpRequest.emit (events.js:106:17)
    at IncomingMessage.&lt;anonymous&gt; (/usr/local/lib/node_modules/starrynight/node_modules/nightwatch/lib/http/request.js:150:16)
    at IncomingMessage.emit (events.js:117:20)
    at _stream_readable.js:943:16
    at process._tickCallback (node.js:419:13)</failure>

      <failure message="Testing if element &lt;table tbody tr:nth-child(1) .PSA_IHC&gt; contains text: &quot;&quot;. Element could not be located.">Testing if element &lt;table tbody tr:nth-child(1) .PSA_IHC&gt; contains text: &quot;&quot;. Element could not be located.: Expected &quot;&quot; but got: &quot;null&quot;
    at Object.&lt;anonymous&gt; (/usr/local/lib/node_modules/starrynight/node_modules/nightwatch/lib/core/assertion.js:105:19)
    at Object.&lt;anonymous&gt; (/usr/local/lib/node_modules/starrynight/node_modules/nightwatch/lib/api/element-commands.js:341:22)
    at HttpRequest.&lt;anonymous&gt; (/usr/local/lib/node_modules/starrynight/node_modules/nightwatch/lib/index.js:299:20)
    at HttpRequest.emit (events.js:98:17)
    at HttpRequest.&lt;anonymous&gt; (/usr/local/lib/node_modules/starrynight/node_modules/nightwatch/lib/index.js:346:15)
    at HttpRequest.emit (events.js:106:17)
    at IncomingMessage.&lt;anonymous&gt; (/usr/local/lib/node_modules/starrynight/node_modules/nightwatch/lib/http/request.js:150:16)
    at IncomingMessage.emit (events.js:117:20)
    at _stream_readable.js:943:16
    at process._tickCallback (node.js:419:13)</failure>

      <failure message="Testing if element &lt;table tbody tr:nth-child(1) .CHGA_IHC&gt; contains text: &quot;&quot;. Element could not be located.">Testing if element &lt;table tbody tr:nth-child(1) .CHGA_IHC&gt; contains text: &quot;&quot;. Element could not be located.: Expected &quot;&quot; but got: &quot;null&quot;
    at Object.&lt;anonymous&gt; (/usr/local/lib/node_modules/starrynight/node_modules/nightwatch/lib/core/assertion.js:105:19)
    at Object.&lt;anonymous&gt; (/usr/local/lib/node_modules/starrynight/node_modules/nightwatch/lib/api/element-commands.js:341:22)
    at HttpRequest.&lt;anonymous&gt; (/usr/local/lib/node_modules/starrynight/node_modules/nightwatch/lib/index.js:299:20)
    at HttpRequest.emit (events.js:98:17)
    at HttpRequest.&lt;anonymous&gt; (/usr/local/lib/node_modules/starrynight/node_modules/nightwatch/lib/index.js:346:15)
    at HttpRequest.emit (events.js:106:17)
    at IncomingMessage.&lt;anonymous&gt; (/usr/local/lib/node_modules/starrynight/node_modules/nightwatch/lib/http/request.js:150:16)
    at IncomingMessage.emit (events.js:117:20)
    at _stream_readable.js:943:16
    at process._tickCallback (node.js:419:13)</failure>

      <failure message="Testing if element &lt;table tbody tr:nth-child(1) .AR-FISH_test_performed&gt; contains text: &quot;&quot;. Element could not be located.">Testing if element &lt;table tbody tr:nth-child(1) .AR-FISH_test_performed&gt; contains text: &quot;&quot;. Element could not be located.: Expected &quot;&quot; but got: &quot;null&quot;
    at Object.&lt;anonymous&gt; (/usr/local/lib/node_modules/starrynight/node_modules/nightwatch/lib/core/assertion.js:105:19)
    at Object.&lt;anonymous&gt; (/usr/local/lib/node_modules/starrynight/node_modules/nightwatch/lib/api/element-commands.js:341:22)
    at HttpRequest.&lt;anonymous&gt; (/usr/local/lib/node_modules/starrynight/node_modules/nightwatch/lib/index.js:299:20)
    at HttpRequest.emit (events.js:98:17)
    at HttpRequest.&lt;anonymous&gt; (/usr/local/lib/node_modules/starrynight/node_modules/nightwatch/lib/index.js:346:15)
    at HttpRequest.emit (events.js:106:17)
    at IncomingMessage.&lt;anonymous&gt; (/usr/local/lib/node_modules/starrynight/node_modules/nightwatch/lib/http/request.js:150:16)
    at IncomingMessage.emit (events.js:117:20)
    at _stream_readable.js:943:16
    at process._tickCallback (node.js:419:13)</failure>

      <failure message="Testing if element &lt;table tbody tr:nth-child(1) .AR_chromosomeX_ratio&gt; contains text: &quot;&quot;. Element could not be located.">Testing if element &lt;table tbody tr:nth-child(1) .AR_chromosomeX_ratio&gt; contains text: &quot;&quot;. Element could not be located.: Expected &quot;&quot; but got: &quot;null&quot;
    at Object.&lt;anonymous&gt; (/usr/local/lib/node_modules/starrynight/node_modules/nightwatch/lib/core/assertion.js:105:19)
    at Object.&lt;anonymous&gt; (/usr/local/lib/node_modules/starrynight/node_modules/nightwatch/lib/api/element-commands.js:341:22)
    at HttpRequest.&lt;anonymous&gt; (/usr/local/lib/node_modules/starrynight/node_modules/nightwatch/lib/index.js:299:20)
    at HttpRequest.emit (events.js:98:17)
    at HttpRequest.&lt;anonymous&gt; (/usr/local/lib/node_modules/starrynight/node_modules/nightwatch/lib/index.js:346:15)
    at HttpRequest.emit (events.js:106:17)
    at IncomingMessage.&lt;anonymous&gt; (/usr/local/lib/node_modules/starrynight/node_modules/nightwatch/lib/http/request.js:150:16)
    at IncomingMessage.emit (events.js:117:20)
    at _stream_readable.js:943:16
    at process._tickCallback (node.js:419:13)</failure>

      <failure message="Testing if element &lt;table tbody tr:nth-child(1) .ION_Torrent_test_performed&gt; contains text: &quot;&quot;. Element could not be located.">Testing if element &lt;table tbody tr:nth-child(1) .ION_Torrent_test_performed&gt; contains text: &quot;&quot;. Element could not be located.: Expected &quot;&quot; but got: &quot;null&quot;
    at Object.&lt;anonymous&gt; (/usr/local/lib/node_modules/starrynight/node_modules/nightwatch/lib/core/assertion.js:105:19)
    at Object.&lt;anonymous&gt; (/usr/local/lib/node_modules/starrynight/node_modules/nightwatch/lib/api/element-commands.js:341:22)
    at HttpRequest.&lt;anonymous&gt; (/usr/local/lib/node_modules/starrynight/node_modules/nightwatch/lib/index.js:299:20)
    at HttpRequest.emit (events.js:98:17)
    at HttpRequest.&lt;anonymous&gt; (/usr/local/lib/node_modules/starrynight/node_modules/nightwatch/lib/index.js:346:15)
    at HttpRequest.emit (events.js:106:17)
    at IncomingMessage.&lt;anonymous&gt; (/usr/local/lib/node_modules/starrynight/node_modules/nightwatch/lib/http/request.js:150:16)
    at IncomingMessage.emit (events.js:117:20)
    at _stream_readable.js:943:16
    at process._tickCallback (node.js:419:13)</failure>

      <failure message="Testing if element &lt;table tbody tr:nth-child(1) .PTEN_IHC&gt; contains text: &quot;&quot;. Element could not be located.">Testing if element &lt;table tbody tr:nth-child(1) .PTEN_IHC&gt; contains text: &quot;&quot;. Element could not be located.: Expected &quot;&quot; but got: &quot;null&quot;
    at Object.&lt;anonymous&gt; (/usr/local/lib/node_modules/starrynight/node_modules/nightwatch/lib/core/assertion.js:105:19)
    at Object.&lt;anonymous&gt; (/usr/local/lib/node_modules/starrynight/node_modules/nightwatch/lib/api/element-commands.js:341:22)
    at HttpRequest.&lt;anonymous&gt; (/usr/local/lib/node_modules/starrynight/node_modules/nightwatch/lib/index.js:299:20)
    at HttpRequest.emit (events.js:98:17)
    at HttpRequest.&lt;anonymous&gt; (/usr/local/lib/node_modules/starrynight/node_modules/nightwatch/lib/index.js:346:15)
    at HttpRequest.emit (events.js:106:17)
    at IncomingMessage.&lt;anonymous&gt; (/usr/local/lib/node_modules/starrynight/node_modules/nightwatch/lib/http/request.js:150:16)
    at IncomingMessage.emit (events.js:117:20)
    at _stream_readable.js:943:16
    at process._tickCallback (node.js:419:13)</failure>

      <failure message="Testing if element &lt;table tbody tr:nth-child(1) .PTEN_test_performed&gt; contains text: &quot;&quot;. Element could not be located.">Testing if element &lt;table tbody tr:nth-child(1) .PTEN_test_performed&gt; contains text: &quot;&quot;. Element could not be located.: Expected &quot;&quot; but got: &quot;null&quot;
    at Object.&lt;anonymous&gt; (/usr/local/lib/node_modules/starrynight/node_modules/nightwatch/lib/core/assertion.js:105:19)
    at Object.&lt;anonymous&gt; (/usr/local/lib/node_modules/starrynight/node_modules/nightwatch/lib/api/element-commands.js:341:22)
    at HttpRequest.&lt;anonymous&gt; (/usr/local/lib/node_modules/starrynight/node_modules/nightwatch/lib/index.js:299:20)
    at HttpRequest.emit (events.js:98:17)
    at HttpRequest.&lt;anonymous&gt; (/usr/local/lib/node_modules/starrynight/node_modules/nightwatch/lib/index.js:346:15)
    at HttpRequest.emit (events.js:106:17)
    at IncomingMessage.&lt;anonymous&gt; (/usr/local/lib/node_modules/starrynight/node_modules/nightwatch/lib/http/request.js:150:16)
    at IncomingMessage.emit (events.js:117:20)
    at _stream_readable.js:943:16
    at process._tickCallback (node.js:419:13)</failure>

    

    

    

    

    
    </testcase>
  
  
  </testsuite>
</testsuites>
